{"timestamp":"2026-02-15T20:34:40.425719Z","level":"info","event":"DAG bundles loaded: dags-folder, example_dags","logger":"airflow.dag_processing.bundles.manager.DagBundlesManager","filename":"manager.py","lineno":179}
{"timestamp":"2026-02-15T20:34:40.427121Z","level":"info","event":"Filling up the DagBag from /opt/airflow/dags/cinema_2026.py","logger":"airflow.models.dagbag.BundleDagBag","filename":"dagbag.py","lineno":593}
{"timestamp":"2026-02-15T20:34:40.451479Z","level":"warning","event":"The `airflow.decorators.dag` attribute is deprecated. Please use `'airflow.sdk.dag'`.","category":"DeprecatedImportWarning","filename":"/opt/airflow/dags/cinema_2026.py","lineno":1,"logger":"py.warnings"}
{"timestamp":"2026-02-15T20:34:40.451639Z","level":"warning","event":"The `airflow.decorators.task` attribute is deprecated. Please use `'airflow.sdk.task'`.","category":"DeprecatedImportWarning","filename":"/opt/airflow/dags/cinema_2026.py","lineno":1,"logger":"py.warnings"}
{"timestamp":"2026-02-15T20:34:40.451705Z","level":"warning","event":"The `airflow.operators.python.PythonOperator` attribute is deprecated. Please use `'airflow.providers.standard.operators.python.PythonOperator'`.","category":"DeprecatedImportWarning","filename":"/opt/airflow/dags/cinema_2026.py","lineno":4,"logger":"py.warnings"}
{"timestamp":"2026-02-15T20:34:40.451783Z","level":"warning","event":"The `airflow.operators.empty.EmptyOperator` attribute is deprecated. Please use `'airflow.providers.standard.operators.empty.EmptyOperator'`.","category":"DeprecatedImportWarning","filename":"/opt/airflow/dags/cinema_2026.py","lineno":5,"logger":"py.warnings"}
{"timestamp":"2026-02-15T20:34:40.451858Z","level":"warning","event":"The `airflow.models.param.Param` attribute is deprecated. Please use `'airflow.sdk.Param'`.","category":"DeprecatedImportWarning","filename":"/opt/airflow/dags/cinema_2026.py","lineno":6,"logger":"py.warnings"}
{"timestamp":"2026-02-15T20:34:40.451913Z","level":"warning","event":"The `airflow.models.param.ParamsDict` attribute is deprecated. Please use `'airflow.sdk.definitions.param.ParamsDict'`.","category":"DeprecatedImportWarning","filename":"/opt/airflow/dags/cinema_2026.py","lineno":6,"logger":"py.warnings"}
{"timestamp":"2026-02-15T20:34:40.481676Z","level":"info","event":"Task instance is in running state","logger":"task.stdout"}
{"timestamp":"2026-02-15T20:34:40.482054Z","level":"info","event":" Previous state of the Task instance: TaskInstanceState.QUEUED","logger":"task.stdout"}
{"timestamp":"2026-02-15T20:34:40.487497Z","level":"info","event":"Current task name:unzip_file","logger":"task.stdout"}
{"timestamp":"2026-02-15T20:34:40.487842Z","level":"info","event":"Dag name:dag_cinema","logger":"task.stdout"}
{"timestamp":"2026-02-15T20:34:40.778128Z","level":"info","event":"Extraído: bilheteria-diaria-obras-por-exibidoras-2026-01-s01.csv","logger":"task.stdout"}
{"timestamp":"2026-02-15T20:34:41.097877Z","level":"info","event":"Extraído: bilheteria-diaria-obras-por-exibidoras-2026-01-s02.csv","logger":"task.stdout"}
{"timestamp":"2026-02-15T20:34:41.390992Z","level":"info","event":"Extraído: bilheteria-diaria-obras-por-exibidoras-2026-01-s03.csv","logger":"task.stdout"}
{"timestamp":"2026-02-15T20:34:41.667736Z","level":"info","event":"Extraído: bilheteria-diaria-obras-por-exibidoras-2026-01-s04.csv","logger":"task.stdout"}
{"timestamp":"2026-02-15T20:34:41.794896Z","level":"info","event":"Extraído: bilheteria-diaria-obras-por-exibidoras-2026-01-s05.csv","logger":"task.stdout"}
{"timestamp":"2026-02-15T20:34:42.061195Z","level":"info","event":"Extraído: bilheteria-diaria-obras-por-exibidoras-2026-02-s01.csv","logger":"task.stdout"}
{"timestamp":"2026-02-15T20:34:42.069387Z","level":"info","event":"Extraído: bilheteria-diaria-obras-por-exibidoras-2026-02-s02.csv","logger":"task.stdout"}
{"timestamp":"2026-02-15T20:34:42.071067Z","level":"info","event":"Done. Returned value was: None","logger":"airflow.task.operators.airflow.providers.standard.decorators.python._PythonDecoratedOperator","filename":"python.py","lineno":230}
{"timestamp":"2026-02-15T20:34:42.089509Z","level":"info","event":"Task instance in success state","logger":"task.stdout"}
{"timestamp":"2026-02-15T20:34:42.089831Z","level":"info","event":" Previous state of the Task instance: TaskInstanceState.RUNNING","logger":"task.stdout"}
{"timestamp":"2026-02-15T20:34:42.093684Z","level":"info","event":"Task operator:<Task(_PythonDecoratedOperator): unzip_file>","logger":"task.stdout"}
