{"timestamp":"2026-02-15T17:40:06.234493Z","level":"info","event":"DAG bundles loaded: dags-folder, example_dags","logger":"airflow.dag_processing.bundles.manager.DagBundlesManager","filename":"manager.py","lineno":179}
{"timestamp":"2026-02-15T17:40:06.236488Z","level":"info","event":"Filling up the DagBag from /opt/airflow/dags/cinema_2026.py","logger":"airflow.models.dagbag.BundleDagBag","filename":"dagbag.py","lineno":593}
{"timestamp":"2026-02-15T17:40:06.267289Z","level":"warning","event":"The `airflow.decorators.dag` attribute is deprecated. Please use `'airflow.sdk.dag'`.","category":"DeprecatedImportWarning","filename":"/opt/airflow/dags/cinema_2026.py","lineno":1,"logger":"py.warnings"}
{"timestamp":"2026-02-15T17:40:06.267460Z","level":"warning","event":"The `airflow.decorators.task` attribute is deprecated. Please use `'airflow.sdk.task'`.","category":"DeprecatedImportWarning","filename":"/opt/airflow/dags/cinema_2026.py","lineno":1,"logger":"py.warnings"}
{"timestamp":"2026-02-15T17:40:06.267539Z","level":"warning","event":"The `airflow.operators.python.PythonOperator` attribute is deprecated. Please use `'airflow.providers.standard.operators.python.PythonOperator'`.","category":"DeprecatedImportWarning","filename":"/opt/airflow/dags/cinema_2026.py","lineno":4,"logger":"py.warnings"}
{"timestamp":"2026-02-15T17:40:06.267608Z","level":"warning","event":"The `airflow.operators.empty.EmptyOperator` attribute is deprecated. Please use `'airflow.providers.standard.operators.empty.EmptyOperator'`.","category":"DeprecatedImportWarning","filename":"/opt/airflow/dags/cinema_2026.py","lineno":5,"logger":"py.warnings"}
{"timestamp":"2026-02-15T17:40:06.295451Z","level":"info","event":"Task instance is in running state","logger":"task.stdout"}
{"timestamp":"2026-02-15T17:40:06.295942Z","level":"info","event":" Previous state of the Task instance: TaskInstanceState.QUEUED","logger":"task.stdout"}
{"timestamp":"2026-02-15T17:40:06.296204Z","level":"info","event":"Current task name:unzip_file","logger":"task.stdout"}
{"timestamp":"2026-02-15T17:40:06.296439Z","level":"info","event":"Dag name:dag_cinema","logger":"task.stdout"}
{"timestamp":"2026-02-15T17:40:06.568326Z","level":"info","event":"Extraído: bilheteria-diaria-obras-por-exibidoras-2026-01-s01.csv","logger":"task.stdout"}
{"timestamp":"2026-02-15T17:40:06.863162Z","level":"info","event":"Extraído: bilheteria-diaria-obras-por-exibidoras-2026-01-s02.csv","logger":"task.stdout"}
{"timestamp":"2026-02-15T17:40:07.134297Z","level":"info","event":"Extraído: bilheteria-diaria-obras-por-exibidoras-2026-01-s03.csv","logger":"task.stdout"}
{"timestamp":"2026-02-15T17:40:07.393175Z","level":"info","event":"Extraído: bilheteria-diaria-obras-por-exibidoras-2026-01-s04.csv","logger":"task.stdout"}
{"timestamp":"2026-02-15T17:40:07.512673Z","level":"info","event":"Extraído: bilheteria-diaria-obras-por-exibidoras-2026-01-s05.csv","logger":"task.stdout"}
{"timestamp":"2026-02-15T17:40:07.774323Z","level":"info","event":"Extraído: bilheteria-diaria-obras-por-exibidoras-2026-02-s01.csv","logger":"task.stdout"}
{"timestamp":"2026-02-15T17:40:07.791299Z","level":"info","event":"Extraído: bilheteria-diaria-obras-por-exibidoras-2026-02-s02.csv","logger":"task.stdout"}
{"timestamp":"2026-02-15T17:40:07.792787Z","level":"info","event":"Done. Returned value was: None","logger":"airflow.task.operators.airflow.providers.standard.decorators.python._PythonDecoratedOperator","filename":"python.py","lineno":230}
{"timestamp":"2026-02-15T17:40:07.817244Z","level":"info","event":"Task instance in success state","logger":"task.stdout"}
{"timestamp":"2026-02-15T17:40:07.817570Z","level":"info","event":" Previous state of the Task instance: TaskInstanceState.RUNNING","logger":"task.stdout"}
{"timestamp":"2026-02-15T17:40:07.817854Z","level":"info","event":"Task operator:<Task(_PythonDecoratedOperator): unzip_file>","logger":"task.stdout"}
