{"timestamp":"2026-03-13T19:59:01.488440Z","level":"warning","event":"The `airflow.models.param.Param` attribute is deprecated. Please use `'airflow.sdk.Param'`.","category":"DeprecatedImportWarning","filename":"/opt/airflow/plugins/auxi/dic_param.py","lineno":1,"logger":"py.warnings"}
{"timestamp":"2026-03-13T19:59:01.509855Z","level":"warning","event":"The `airflow.hooks.base.BaseHook` attribute is deprecated. Please use `'airflow.sdk.bases.hook.BaseHook'`.","category":"DeprecatedImportWarning","filename":"/opt/airflow/plugins/hooks/pgdas_hook.py","lineno":1,"logger":"py.warnings"}
{"timestamp":"2026-03-13T19:59:01.528977Z","level":"warning","event":"Using Variable.get from `airflow.models` is deprecated.Please use `get` on Variable from sdk(`airflow.sdk.Variable`) instead","category":"DeprecationWarning","filename":"/home/airflow/.local/lib/python3.12/site-packages/airflow/models/variable.py","lineno":151,"logger":"py.warnings"}
{"timestamp":"2026-03-13T19:59:01.551495Z","level":"warning","event":"Connection schemes (type: google_cloud_platform) shall not contain '_' according to RFC3986.","logger":"airflow.sdk.definitions.connection","filename":"connection.py","lineno":130}
{"timestamp":"2026-03-13T19:59:01.608650Z","level":"warning","event":"The `airflow.hooks.base.BaseHook` attribute is deprecated. Please use `'airflow.sdk.bases.hook.BaseHook'`.","category":"DeprecatedImportWarning","filename":"/opt/airflow/plugins/hooks/pgdas_hook.py","lineno":1,"logger":"py.warnings"}
{"timestamp":"2026-03-13T19:59:01.640431Z","level":"info","event":"DAG bundles loaded: dags-folder","logger":"airflow.dag_processing.bundles.manager.DagBundlesManager","filename":"manager.py","lineno":179}
{"timestamp":"2026-03-13T19:59:01.641426Z","level":"info","event":"Filling up the DagBag from /opt/airflow/dags/tre_tse.py","logger":"airflow.models.dagbag.BundleDagBag","filename":"dagbag.py","lineno":593}
{"timestamp":"2026-03-13T19:59:01.667665Z","level":"warning","event":"The `airflow.decorators.dag` attribute is deprecated. Please use `'airflow.sdk.dag'`.","category":"DeprecatedImportWarning","filename":"/opt/airflow/dags/tre_tse.py","lineno":1,"logger":"py.warnings"}
{"timestamp":"2026-03-13T19:59:01.667810Z","level":"warning","event":"The `airflow.decorators.task` attribute is deprecated. Please use `'airflow.sdk.task'`.","category":"DeprecatedImportWarning","filename":"/opt/airflow/dags/tre_tse.py","lineno":1,"logger":"py.warnings"}
{"timestamp":"2026-03-13T19:59:01.667885Z","level":"warning","event":"The `airflow.operators.python.PythonOperator` attribute is deprecated. Please use `'airflow.providers.standard.operators.python.PythonOperator'`.","category":"DeprecatedImportWarning","filename":"/opt/airflow/dags/tre_tse.py","lineno":4,"logger":"py.warnings"}
{"timestamp":"2026-03-13T19:59:01.667944Z","level":"warning","event":"The `airflow.operators.empty.EmptyOperator` attribute is deprecated. Please use `'airflow.providers.standard.operators.empty.EmptyOperator'`.","category":"DeprecatedImportWarning","filename":"/opt/airflow/dags/tre_tse.py","lineno":5,"logger":"py.warnings"}
{"timestamp":"2026-03-13T19:59:01.668000Z","level":"warning","event":"The `airflow.models.param.Param` attribute is deprecated. Please use `'airflow.sdk.Param'`.","category":"DeprecatedImportWarning","filename":"/opt/airflow/dags/tre_tse.py","lineno":6,"logger":"py.warnings"}
{"timestamp":"2026-03-13T19:59:01.668055Z","level":"warning","event":"The `airflow.models.param.ParamsDict` attribute is deprecated. Please use `'airflow.sdk.definitions.param.ParamsDict'`.","category":"DeprecatedImportWarning","filename":"/opt/airflow/dags/tre_tse.py","lineno":6,"logger":"py.warnings"}
{"timestamp":"2026-03-13T19:59:01.668109Z","level":"warning","event":"The `airflow.operators.bash.BashOperator` attribute is deprecated. Please use `'airflow.providers.standard.operators.bash.BashOperator'`.","category":"DeprecatedImportWarning","filename":"/opt/airflow/dags/tre_tse.py","lineno":13,"logger":"py.warnings"}
{"timestamp":"2026-03-13T19:59:01.689744Z","level":"info","event":"Iniciando descompactação de: /opt/airflow/TRE2026/DADOS/RJ/perfil_eleitorado_secao/zip","logger":"airflow.task.operators.operators.unzipNelio.UnzipFilesOperator","filename":"unzipNelio.py","lineno":18}
{"timestamp":"2026-03-13T19:59:01.690200Z","level":"info","event":"Diretório criado: /tmp/unzipped_files","logger":"airflow.task.operators.operators.unzipNelio.UnzipFilesOperator","filename":"unzipNelio.py","lineno":23}
{"timestamp":"2026-03-13T19:59:07.417104Z","level":"info","event":"Extraído: perfil_eleitor_secao_2020_RJ.csv para /tmp/unzipped_files","logger":"airflow.task.operators.operators.unzipNelio.UnzipFilesOperator","filename":"unzipNelio.py","lineno":32}
{"timestamp":"2026-03-13T19:59:07.419017Z","level":"info","event":"Extraído: leiame.pdf para /tmp/unzipped_files","logger":"airflow.task.operators.operators.unzipNelio.UnzipFilesOperator","filename":"unzipNelio.py","lineno":32}
{"timestamp":"2026-03-13T19:59:14.609165Z","level":"info","event":"Extraído: perfil_eleitor_secao_2022_RJ.csv para /tmp/unzipped_files","logger":"airflow.task.operators.operators.unzipNelio.UnzipFilesOperator","filename":"unzipNelio.py","lineno":32}
{"timestamp":"2026-03-13T19:59:14.610628Z","level":"info","event":"Extraído: leiame.pdf para /tmp/unzipped_files","logger":"airflow.task.operators.operators.unzipNelio.UnzipFilesOperator","filename":"unzipNelio.py","lineno":32}
{"timestamp":"2026-03-13T19:59:25.789289Z","level":"info","event":"Extraído: perfil_eleitor_secao_2024_RJ.csv para /tmp/unzipped_files","logger":"airflow.task.operators.operators.unzipNelio.UnzipFilesOperator","filename":"unzipNelio.py","lineno":32}
{"timestamp":"2026-03-13T19:59:25.790295Z","level":"info","event":"Extraído: leiame.pdf para /tmp/unzipped_files","logger":"airflow.task.operators.operators.unzipNelio.UnzipFilesOperator","filename":"unzipNelio.py","lineno":32}
{"timestamp":"2026-03-13T19:59:25.791626Z","level":"info","event":"Pushing xcom","ti":"RuntimeTaskInstance(id=UUID('019ce8c7-bec8-788e-a34b-bcef18de9d67'), task_id='unzip_files', dag_id='TRE', run_id='manual__2026-03-13T19:58:50.552354+00:00', try_number=1, dag_version_id=UUID('019ce8c6-259f-7310-95dc-9e1b6911c342'), map_index=-1, hostname='c58ca955a74d', context_carrier={}, task=<Task(UnzipFilesOperator): unzip_files>, bundle_instance=LocalDagBundle(name=dags-folder), max_tries=1, start_date=datetime.datetime(2026, 3, 13, 19, 58, 50, 940012, tzinfo=datetime.timezone.utc), end_date=None, state=<TaskInstanceState.RUNNING: 'running'>, is_mapped=False, rendered_map_index=None)","logger":"task","filename":"task_runner.py","lineno":1522}
