{"timestamp":"2026-02-15T16:51:34.352417Z","level":"info","event":"DAG bundles loaded: dags-folder, example_dags","logger":"airflow.dag_processing.bundles.manager.DagBundlesManager","filename":"manager.py","lineno":179}
{"timestamp":"2026-02-15T16:51:34.354120Z","level":"info","event":"Filling up the DagBag from /opt/airflow/dags/cinema_2026.py","logger":"airflow.models.dagbag.BundleDagBag","filename":"dagbag.py","lineno":593}
{"timestamp":"2026-02-15T16:51:34.375311Z","level":"warning","event":"The `airflow.decorators.dag` attribute is deprecated. Please use `'airflow.sdk.dag'`.","category":"DeprecatedImportWarning","filename":"/opt/airflow/dags/cinema_2026.py","lineno":1,"logger":"py.warnings"}
{"timestamp":"2026-02-15T16:51:34.375496Z","level":"warning","event":"The `airflow.decorators.task` attribute is deprecated. Please use `'airflow.sdk.task'`.","category":"DeprecatedImportWarning","filename":"/opt/airflow/dags/cinema_2026.py","lineno":1,"logger":"py.warnings"}
{"timestamp":"2026-02-15T16:51:34.375571Z","level":"warning","event":"The `airflow.operators.python.PythonOperator` attribute is deprecated. Please use `'airflow.providers.standard.operators.python.PythonOperator'`.","category":"DeprecatedImportWarning","filename":"/opt/airflow/dags/cinema_2026.py","lineno":4,"logger":"py.warnings"}
{"timestamp":"2026-02-15T16:51:34.375658Z","level":"warning","event":"The `airflow.operators.empty.EmptyOperator` attribute is deprecated. Please use `'airflow.providers.standard.operators.empty.EmptyOperator'`.","category":"DeprecatedImportWarning","filename":"/opt/airflow/dags/cinema_2026.py","lineno":5,"logger":"py.warnings"}
{"timestamp":"2026-02-15T16:51:34.398523Z","level":"info","event":"Task instance is in running state","logger":"task.stdout"}
{"timestamp":"2026-02-15T16:51:34.398901Z","level":"info","event":" Previous state of the Task instance: TaskInstanceState.QUEUED","logger":"task.stdout"}
{"timestamp":"2026-02-15T16:51:34.399139Z","level":"info","event":"Current task name:unzip_file","logger":"task.stdout"}
{"timestamp":"2026-02-15T16:51:34.399336Z","level":"info","event":"Dag name:dag_cinema","logger":"task.stdout"}
{"timestamp":"2026-02-15T16:51:34.412533Z","level":"info","event":"Extraído: bilheteria-diaria-obras-por-exibidoras-2014-06-s01.csv","logger":"task.stdout"}
{"timestamp":"2026-02-15T16:51:34.416122Z","level":"info","event":"Extraído: bilheteria-diaria-obras-por-exibidoras-2014-06-s02.csv","logger":"task.stdout"}
{"timestamp":"2026-02-15T16:51:34.419755Z","level":"info","event":"Extraído: bilheteria-diaria-obras-por-exibidoras-2014-06-s03.csv","logger":"task.stdout"}
{"timestamp":"2026-02-15T16:51:34.423485Z","level":"info","event":"Extraído: bilheteria-diaria-obras-por-exibidoras-2014-06-s04.csv","logger":"task.stdout"}
{"timestamp":"2026-02-15T16:51:34.429756Z","level":"info","event":"Extraído: bilheteria-diaria-obras-por-exibidoras-2014-06-s05.csv","logger":"task.stdout"}
{"timestamp":"2026-02-15T16:51:34.433644Z","level":"info","event":"Extraído: bilheteria-diaria-obras-por-exibidoras-2014-07-s01.csv","logger":"task.stdout"}
{"timestamp":"2026-02-15T16:51:34.437031Z","level":"info","event":"Extraído: bilheteria-diaria-obras-por-exibidoras-2014-07-s02.csv","logger":"task.stdout"}
{"timestamp":"2026-02-15T16:51:34.440266Z","level":"info","event":"Extraído: bilheteria-diaria-obras-por-exibidoras-2015-05-s02.csv","logger":"task.stdout"}
{"timestamp":"2026-02-15T16:51:34.443835Z","level":"info","event":"Extraído: bilheteria-diaria-obras-por-exibidoras-2015-05-s03.csv","logger":"task.stdout"}
{"timestamp":"2026-02-15T16:51:34.447313Z","level":"info","event":"Extraído: bilheteria-diaria-obras-por-exibidoras-2015-05-s04.csv","logger":"task.stdout"}
{"timestamp":"2026-02-15T16:51:34.450798Z","level":"info","event":"Extraído: bilheteria-diaria-obras-por-exibidoras-2015-05-s05.csv","logger":"task.stdout"}
{"timestamp":"2026-02-15T16:51:34.454543Z","level":"info","event":"Extraído: bilheteria-diaria-obras-por-exibidoras-2015-06-s01.csv","logger":"task.stdout"}
{"timestamp":"2026-02-15T16:51:34.458421Z","level":"info","event":"Extraído: bilheteria-diaria-obras-por-exibidoras-2015-06-s02.csv","logger":"task.stdout"}
{"timestamp":"2026-02-15T16:51:34.462675Z","level":"info","event":"Extraído: bilheteria-diaria-obras-por-exibidoras-2015-06-s03.csv","logger":"task.stdout"}
{"timestamp":"2026-02-15T16:51:34.466667Z","level":"info","event":"Extraído: bilheteria-diaria-obras-por-exibidoras-2015-06-s04.csv","logger":"task.stdout"}
{"timestamp":"2026-02-15T16:51:34.470376Z","level":"info","event":"Extraído: bilheteria-diaria-obras-por-exibidoras-2015-06-s05.csv","logger":"task.stdout"}
{"timestamp":"2026-02-15T16:51:34.474214Z","level":"info","event":"Extraído: bilheteria-diaria-obras-por-exibidoras-2015-07-s01.csv","logger":"task.stdout"}
{"timestamp":"2026-02-15T16:51:34.478473Z","level":"info","event":"Extraído: bilheteria-diaria-obras-por-exibidoras-2015-07-s02.csv","logger":"task.stdout"}
{"timestamp":"2026-02-15T16:51:34.482098Z","level":"info","event":"Extraído: bilheteria-diaria-obras-por-exibidoras-2015-12-s03.csv","logger":"task.stdout"}
{"timestamp":"2026-02-15T16:51:34.485228Z","level":"info","event":"Extraído: bilheteria-diaria-obras-por-exibidoras-2015-12-s04.csv","logger":"task.stdout"}
{"timestamp":"2026-02-15T16:51:34.489362Z","level":"info","event":"Extraído: bilheteria-diaria-obras-por-exibidoras-2015-12-s05.csv","logger":"task.stdout"}
{"timestamp":"2026-02-15T16:51:34.494775Z","level":"info","event":"Extraído: bilheteria-diaria-obras-por-exibidoras-2016-01-s01.csv","logger":"task.stdout"}
{"timestamp":"2026-02-15T16:51:34.498716Z","level":"info","event":"Extraído: bilheteria-diaria-obras-por-exibidoras-2016-01-s02.csv","logger":"task.stdout"}
{"timestamp":"2026-02-15T16:51:34.503479Z","level":"info","event":"Extraído: bilheteria-diaria-obras-por-exibidoras-2016-01-s03.csv","logger":"task.stdout"}
{"timestamp":"2026-02-15T16:51:34.508069Z","level":"info","event":"Extraído: bilheteria-diaria-obras-por-exibidoras-2016-01-s04.csv","logger":"task.stdout"}
{"timestamp":"2026-02-15T16:51:34.511574Z","level":"info","event":"Extraído: bilheteria-diaria-obras-por-exibidoras-2016-01-s05.csv","logger":"task.stdout"}
{"timestamp":"2026-02-15T16:51:34.515974Z","level":"info","event":"Extraído: bilheteria-diaria-obras-por-exibidoras-2016-02-s01.csv","logger":"task.stdout"}
{"timestamp":"2026-02-15T16:51:34.521119Z","level":"info","event":"Extraído: bilheteria-diaria-obras-por-exibidoras-2016-02-s02.csv","logger":"task.stdout"}
{"timestamp":"2026-02-15T16:51:34.525156Z","level":"info","event":"Extraído: bilheteria-diaria-obras-por-exibidoras-2016-02-s03.csv","logger":"task.stdout"}
{"timestamp":"2026-02-15T16:51:34.530188Z","level":"info","event":"Extraído: bilheteria-diaria-obras-por-exibidoras-2016-02-s04.csv","logger":"task.stdout"}
{"timestamp":"2026-02-15T16:51:34.534474Z","level":"info","event":"Extraído: bilheteria-diaria-obras-por-exibidoras-2016-02-s05.csv","logger":"task.stdout"}
{"timestamp":"2026-02-15T16:51:34.537949Z","level":"info","event":"Extraído: bilheteria-diaria-obras-por-exibidoras-2016-03-s01.csv","logger":"task.stdout"}
{"timestamp":"2026-02-15T16:51:34.542154Z","level":"info","event":"Extraído: bilheteria-diaria-obras-por-exibidoras-2016-03-s02.csv","logger":"task.stdout"}
{"timestamp":"2026-02-15T16:51:34.545926Z","level":"info","event":"Extraído: bilheteria-diaria-obras-por-exibidoras-2016-03-s03.csv","logger":"task.stdout"}
{"timestamp":"2026-02-15T16:51:34.549845Z","level":"info","event":"Extraído: bilheteria-diaria-obras-por-exibidoras-2016-03-s04.csv","logger":"task.stdout"}
{"timestamp":"2026-02-15T16:51:34.553918Z","level":"info","event":"Extraído: bilheteria-diaria-obras-por-exibidoras-2016-03-s05.csv","logger":"task.stdout"}
{"timestamp":"2026-02-15T16:51:34.557998Z","level":"info","event":"Extraído: bilheteria-diaria-obras-por-exibidoras-2016-04-s01.csv","logger":"task.stdout"}
{"timestamp":"2026-02-15T16:51:34.561975Z","level":"info","event":"Extraído: bilheteria-diaria-obras-por-exibidoras-2016-04-s02.csv","logger":"task.stdout"}
{"timestamp":"2026-02-15T16:51:34.566338Z","level":"info","event":"Extraído: bilheteria-diaria-obras-por-exibidoras-2016-04-s03.csv","logger":"task.stdout"}
{"timestamp":"2026-02-15T16:51:34.571397Z","level":"info","event":"Extraído: bilheteria-diaria-obras-por-exibidoras-2016-04-s04.csv","logger":"task.stdout"}
{"timestamp":"2026-02-15T16:51:34.574964Z","level":"info","event":"Extraído: bilheteria-diaria-obras-por-exibidoras-2016-04-s05.csv","logger":"task.stdout"}
{"timestamp":"2026-02-15T16:51:34.579523Z","level":"info","event":"Extraído: bilheteria-diaria-obras-por-exibidoras-2016-05-s01.csv","logger":"task.stdout"}
{"timestamp":"2026-02-15T16:51:34.585237Z","level":"info","event":"Extraído: bilheteria-diaria-obras-por-exibidoras-2016-05-s02.csv","logger":"task.stdout"}
{"timestamp":"2026-02-15T16:51:34.590003Z","level":"info","event":"Extraído: bilheteria-diaria-obras-por-exibidoras-2016-05-s03.csv","logger":"task.stdout"}
{"timestamp":"2026-02-15T16:51:34.594780Z","level":"info","event":"Extraído: bilheteria-diaria-obras-por-exibidoras-2016-05-s04.csv","logger":"task.stdout"}
{"timestamp":"2026-02-15T16:51:34.599014Z","level":"info","event":"Extraído: bilheteria-diaria-obras-por-exibidoras-2016-05-s05.csv","logger":"task.stdout"}
{"timestamp":"2026-02-15T16:51:34.605329Z","level":"info","event":"Extraído: bilheteria-diaria-obras-por-exibidoras-2016-06-s01.csv","logger":"task.stdout"}
{"timestamp":"2026-02-15T16:51:34.613004Z","level":"info","event":"Extraído: bilheteria-diaria-obras-por-exibidoras-2016-06-s02.csv","logger":"task.stdout"}
{"timestamp":"2026-02-15T16:51:34.619972Z","level":"info","event":"Extraído: bilheteria-diaria-obras-por-exibidoras-2016-06-s03.csv","logger":"task.stdout"}
{"timestamp":"2026-02-15T16:51:34.627794Z","level":"info","event":"Extraído: bilheteria-diaria-obras-por-exibidoras-2016-06-s04.csv","logger":"task.stdout"}
{"timestamp":"2026-02-15T16:51:34.632209Z","level":"info","event":"Extraído: bilheteria-diaria-obras-por-exibidoras-2016-06-s05.csv","logger":"task.stdout"}
{"timestamp":"2026-02-15T16:51:34.648029Z","level":"info","event":"Extraído: bilheteria-diaria-obras-por-exibidoras-2016-07-s01.csv","logger":"task.stdout"}
{"timestamp":"2026-02-15T16:51:34.669824Z","level":"info","event":"Extraído: bilheteria-diaria-obras-por-exibidoras-2016-07-s02.csv","logger":"task.stdout"}
{"timestamp":"2026-02-15T16:51:34.693459Z","level":"info","event":"Extraído: bilheteria-diaria-obras-por-exibidoras-2016-07-s03.csv","logger":"task.stdout"}
{"timestamp":"2026-02-15T16:51:34.773309Z","level":"info","event":"Extraído: bilheteria-diaria-obras-por-exibidoras-2016-07-s04.csv","logger":"task.stdout"}
{"timestamp":"2026-02-15T16:51:34.882103Z","level":"info","event":"Extraído: bilheteria-diaria-obras-por-exibidoras-2016-07-s05.csv","logger":"task.stdout"}
{"timestamp":"2026-02-15T16:51:35.143528Z","level":"info","event":"Extraído: bilheteria-diaria-obras-por-exibidoras-2016-08-s01.csv","logger":"task.stdout"}
{"timestamp":"2026-02-15T16:51:35.397484Z","level":"info","event":"Extraído: bilheteria-diaria-obras-por-exibidoras-2016-08-s02.csv","logger":"task.stdout"}
{"timestamp":"2026-02-15T16:51:35.627141Z","level":"info","event":"Extraído: bilheteria-diaria-obras-por-exibidoras-2016-08-s03.csv","logger":"task.stdout"}
{"timestamp":"2026-02-15T16:51:35.868291Z","level":"info","event":"Extraído: bilheteria-diaria-obras-por-exibidoras-2016-08-s04.csv","logger":"task.stdout"}
{"timestamp":"2026-02-15T16:51:35.972174Z","level":"info","event":"Extraído: bilheteria-diaria-obras-por-exibidoras-2016-08-s05.csv","logger":"task.stdout"}
{"timestamp":"2026-02-15T16:51:36.226120Z","level":"info","event":"Extraído: bilheteria-diaria-obras-por-exibidoras-2016-09-s01.csv","logger":"task.stdout"}
{"timestamp":"2026-02-15T16:51:36.469281Z","level":"info","event":"Extraído: bilheteria-diaria-obras-por-exibidoras-2016-09-s02.csv","logger":"task.stdout"}
{"timestamp":"2026-02-15T16:51:36.723216Z","level":"info","event":"Extraído: bilheteria-diaria-obras-por-exibidoras-2016-09-s03.csv","logger":"task.stdout"}
{"timestamp":"2026-02-15T16:51:36.978337Z","level":"info","event":"Extraído: bilheteria-diaria-obras-por-exibidoras-2016-09-s04.csv","logger":"task.stdout"}
{"timestamp":"2026-02-15T16:51:37.054888Z","level":"info","event":"Extraído: bilheteria-diaria-obras-por-exibidoras-2016-09-s05.csv","logger":"task.stdout"}
{"timestamp":"2026-02-15T16:51:37.342184Z","level":"info","event":"Extraído: bilheteria-diaria-obras-por-exibidoras-2016-10-s01.csv","logger":"task.stdout"}
{"timestamp":"2026-02-15T16:51:37.623866Z","level":"info","event":"Extraído: bilheteria-diaria-obras-por-exibidoras-2016-10-s02.csv","logger":"task.stdout"}
{"timestamp":"2026-02-15T16:51:37.887384Z","level":"info","event":"Extraído: bilheteria-diaria-obras-por-exibidoras-2016-10-s03.csv","logger":"task.stdout"}
{"timestamp":"2026-02-15T16:51:38.128411Z","level":"info","event":"Extraído: bilheteria-diaria-obras-por-exibidoras-2016-10-s04.csv","logger":"task.stdout"}
{"timestamp":"2026-02-15T16:51:38.242877Z","level":"info","event":"Extraído: bilheteria-diaria-obras-por-exibidoras-2016-10-s05.csv","logger":"task.stdout"}
{"timestamp":"2026-02-15T16:51:38.539387Z","level":"info","event":"Extraído: bilheteria-diaria-obras-por-exibidoras-2016-11-s01.csv","logger":"task.stdout"}
{"timestamp":"2026-02-15T16:51:38.805184Z","level":"info","event":"Extraído: bilheteria-diaria-obras-por-exibidoras-2016-11-s02.csv","logger":"task.stdout"}
{"timestamp":"2026-02-15T16:51:39.073233Z","level":"info","event":"Extraído: bilheteria-diaria-obras-por-exibidoras-2016-11-s03.csv","logger":"task.stdout"}
{"timestamp":"2026-02-15T16:51:39.333647Z","level":"info","event":"Extraído: bilheteria-diaria-obras-por-exibidoras-2016-11-s04.csv","logger":"task.stdout"}
{"timestamp":"2026-02-15T16:51:39.408665Z","level":"info","event":"Extraído: bilheteria-diaria-obras-por-exibidoras-2016-11-s05.csv","logger":"task.stdout"}
{"timestamp":"2026-02-15T16:51:39.688121Z","level":"info","event":"Extraído: bilheteria-diaria-obras-por-exibidoras-2016-12-s01.csv","logger":"task.stdout"}
{"timestamp":"2026-02-15T16:51:39.978413Z","level":"info","event":"Extraído: bilheteria-diaria-obras-por-exibidoras-2016-12-s02.csv","logger":"task.stdout"}
{"timestamp":"2026-02-15T16:51:40.283281Z","level":"info","event":"Extraído: bilheteria-diaria-obras-por-exibidoras-2016-12-s03.csv","logger":"task.stdout"}
{"timestamp":"2026-02-15T16:51:40.566544Z","level":"info","event":"Extraído: bilheteria-diaria-obras-por-exibidoras-2016-12-s04.csv","logger":"task.stdout"}
{"timestamp":"2026-02-15T16:51:40.662464Z","level":"info","event":"Extraído: bilheteria-diaria-obras-por-exibidoras-2016-12-s05.csv","logger":"task.stdout"}
{"timestamp":"2026-02-15T16:51:40.958733Z","level":"info","event":"Extraído: bilheteria-diaria-obras-por-exibidoras-2017-01-s01.csv","logger":"task.stdout"}
{"timestamp":"2026-02-15T16:51:41.304127Z","level":"info","event":"Extraído: bilheteria-diaria-obras-por-exibidoras-2017-01-s02.csv","logger":"task.stdout"}
{"timestamp":"2026-02-15T16:51:41.683302Z","level":"info","event":"Extraído: bilheteria-diaria-obras-por-exibidoras-2017-01-s03.csv","logger":"task.stdout"}
{"timestamp":"2026-02-15T16:51:42.040230Z","level":"info","event":"Extraído: bilheteria-diaria-obras-por-exibidoras-2017-01-s04.csv","logger":"task.stdout"}
{"timestamp":"2026-02-15T16:51:42.186569Z","level":"info","event":"Extraído: bilheteria-diaria-obras-por-exibidoras-2017-01-s05.csv","logger":"task.stdout"}
{"timestamp":"2026-02-15T16:51:42.562336Z","level":"info","event":"Extraído: bilheteria-diaria-obras-por-exibidoras-2017-02-s01.csv","logger":"task.stdout"}
{"timestamp":"2026-02-15T16:51:42.884155Z","level":"info","event":"Extraído: bilheteria-diaria-obras-por-exibidoras-2017-02-s02.csv","logger":"task.stdout"}
{"timestamp":"2026-02-15T16:51:43.175183Z","level":"info","event":"Extraído: bilheteria-diaria-obras-por-exibidoras-2017-02-s03.csv","logger":"task.stdout"}
{"timestamp":"2026-02-15T16:51:43.477644Z","level":"info","event":"Extraído: bilheteria-diaria-obras-por-exibidoras-2017-02-s04.csv","logger":"task.stdout"}
{"timestamp":"2026-02-15T16:51:43.761747Z","level":"info","event":"Extraído: bilheteria-diaria-obras-por-exibidoras-2017-03-s01.csv","logger":"task.stdout"}
{"timestamp":"2026-02-15T16:51:44.038325Z","level":"info","event":"Extraído: bilheteria-diaria-obras-por-exibidoras-2017-03-s02.csv","logger":"task.stdout"}
{"timestamp":"2026-02-15T16:51:44.337146Z","level":"info","event":"Extraído: bilheteria-diaria-obras-por-exibidoras-2017-03-s03.csv","logger":"task.stdout"}
{"timestamp":"2026-02-15T16:51:44.659334Z","level":"info","event":"Extraído: bilheteria-diaria-obras-por-exibidoras-2017-03-s04.csv","logger":"task.stdout"}
{"timestamp":"2026-02-15T16:51:44.807412Z","level":"info","event":"Extraído: bilheteria-diaria-obras-por-exibidoras-2017-03-s05.csv","logger":"task.stdout"}
{"timestamp":"2026-02-15T16:51:45.166618Z","level":"info","event":"Extraído: bilheteria-diaria-obras-por-exibidoras-2017-04-s01.csv","logger":"task.stdout"}
{"timestamp":"2026-02-15T16:51:45.470709Z","level":"info","event":"Extraído: bilheteria-diaria-obras-por-exibidoras-2017-04-s02.csv","logger":"task.stdout"}
{"timestamp":"2026-02-15T16:51:45.813906Z","level":"info","event":"Extraído: bilheteria-diaria-obras-por-exibidoras-2017-04-s03.csv","logger":"task.stdout"}
{"timestamp":"2026-02-15T16:51:46.107101Z","level":"info","event":"Extraído: bilheteria-diaria-obras-por-exibidoras-2017-04-s04.csv","logger":"task.stdout"}
{"timestamp":"2026-02-15T16:51:46.192799Z","level":"info","event":"Extraído: bilheteria-diaria-obras-por-exibidoras-2017-04-s05.csv","logger":"task.stdout"}
{"timestamp":"2026-02-15T16:51:46.480055Z","level":"info","event":"Extraído: bilheteria-diaria-obras-por-exibidoras-2017-05-s01.csv","logger":"task.stdout"}
{"timestamp":"2026-02-15T16:51:46.763564Z","level":"info","event":"Extraído: bilheteria-diaria-obras-por-exibidoras-2017-05-s02.csv","logger":"task.stdout"}
{"timestamp":"2026-02-15T16:51:47.046635Z","level":"info","event":"Extraído: bilheteria-diaria-obras-por-exibidoras-2017-05-s03.csv","logger":"task.stdout"}
{"timestamp":"2026-02-15T16:51:47.338277Z","level":"info","event":"Extraído: bilheteria-diaria-obras-por-exibidoras-2017-05-s04.csv","logger":"task.stdout"}
{"timestamp":"2026-02-15T16:51:47.466343Z","level":"info","event":"Extraído: bilheteria-diaria-obras-por-exibidoras-2017-05-s05.csv","logger":"task.stdout"}
{"timestamp":"2026-02-15T16:51:47.792084Z","level":"info","event":"Extraído: bilheteria-diaria-obras-por-exibidoras-2017-06-s01.csv","logger":"task.stdout"}
{"timestamp":"2026-02-15T16:51:48.114428Z","level":"info","event":"Extraído: bilheteria-diaria-obras-por-exibidoras-2017-06-s02.csv","logger":"task.stdout"}
{"timestamp":"2026-02-15T16:51:48.420937Z","level":"info","event":"Extraído: bilheteria-diaria-obras-por-exibidoras-2017-06-s03.csv","logger":"task.stdout"}
{"timestamp":"2026-02-15T16:51:48.748058Z","level":"info","event":"Extraído: bilheteria-diaria-obras-por-exibidoras-2017-06-s04.csv","logger":"task.stdout"}
{"timestamp":"2026-02-15T16:51:48.844417Z","level":"info","event":"Extraído: bilheteria-diaria-obras-por-exibidoras-2017-06-s05.csv","logger":"task.stdout"}
{"timestamp":"2026-02-15T16:51:49.190207Z","level":"info","event":"Extraído: bilheteria-diaria-obras-por-exibidoras-2017-07-s01.csv","logger":"task.stdout"}
{"timestamp":"2026-02-15T16:51:49.559878Z","level":"info","event":"Extraído: bilheteria-diaria-obras-por-exibidoras-2017-07-s02.csv","logger":"task.stdout"}
{"timestamp":"2026-02-15T16:51:49.891742Z","level":"info","event":"Extraído: bilheteria-diaria-obras-por-exibidoras-2017-07-s03.csv","logger":"task.stdout"}
{"timestamp":"2026-02-15T16:51:50.243852Z","level":"info","event":"Extraído: bilheteria-diaria-obras-por-exibidoras-2017-07-s04.csv","logger":"task.stdout"}
{"timestamp":"2026-02-15T16:51:50.389019Z","level":"info","event":"Extraído: bilheteria-diaria-obras-por-exibidoras-2017-07-s05.csv","logger":"task.stdout"}
{"timestamp":"2026-02-15T16:51:50.718999Z","level":"info","event":"Extraído: bilheteria-diaria-obras-por-exibidoras-2017-08-s01.csv","logger":"task.stdout"}
{"timestamp":"2026-02-15T16:51:51.101131Z","level":"info","event":"Extraído: bilheteria-diaria-obras-por-exibidoras-2017-08-s02.csv","logger":"task.stdout"}
{"timestamp":"2026-02-15T16:51:51.415494Z","level":"info","event":"Extraído: bilheteria-diaria-obras-por-exibidoras-2017-08-s03.csv","logger":"task.stdout"}
{"timestamp":"2026-02-15T16:51:51.706633Z","level":"info","event":"Extraído: bilheteria-diaria-obras-por-exibidoras-2017-08-s04.csv","logger":"task.stdout"}
{"timestamp":"2026-02-15T16:51:51.827169Z","level":"info","event":"Extraído: bilheteria-diaria-obras-por-exibidoras-2017-08-s05.csv","logger":"task.stdout"}
{"timestamp":"2026-02-15T16:51:52.129727Z","level":"info","event":"Extraído: bilheteria-diaria-obras-por-exibidoras-2017-09-s01.csv","logger":"task.stdout"}
{"timestamp":"2026-02-15T16:51:52.425288Z","level":"info","event":"Extraído: bilheteria-diaria-obras-por-exibidoras-2017-09-s02.csv","logger":"task.stdout"}
{"timestamp":"2026-02-15T16:51:52.712205Z","level":"info","event":"Extraído: bilheteria-diaria-obras-por-exibidoras-2017-09-s03.csv","logger":"task.stdout"}
{"timestamp":"2026-02-15T16:51:52.981043Z","level":"info","event":"Extraído: bilheteria-diaria-obras-por-exibidoras-2017-09-s04.csv","logger":"task.stdout"}
{"timestamp":"2026-02-15T16:51:53.059588Z","level":"info","event":"Extraído: bilheteria-diaria-obras-por-exibidoras-2017-09-s05.csv","logger":"task.stdout"}
{"timestamp":"2026-02-15T16:51:53.336075Z","level":"info","event":"Extraído: bilheteria-diaria-obras-por-exibidoras-2017-10-s01.csv","logger":"task.stdout"}
{"timestamp":"2026-02-15T16:51:53.627564Z","level":"info","event":"Extraído: bilheteria-diaria-obras-por-exibidoras-2017-10-s02.csv","logger":"task.stdout"}
{"timestamp":"2026-02-15T16:51:53.942040Z","level":"info","event":"Extraído: bilheteria-diaria-obras-por-exibidoras-2017-10-s03.csv","logger":"task.stdout"}
{"timestamp":"2026-02-15T16:51:54.246910Z","level":"info","event":"Extraído: bilheteria-diaria-obras-por-exibidoras-2017-10-s04.csv","logger":"task.stdout"}
{"timestamp":"2026-02-15T16:51:54.359614Z","level":"info","event":"Extraído: bilheteria-diaria-obras-por-exibidoras-2017-10-s05.csv","logger":"task.stdout"}
{"timestamp":"2026-02-15T16:51:54.632618Z","level":"info","event":"Extraído: bilheteria-diaria-obras-por-exibidoras-2017-11-s01.csv","logger":"task.stdout"}
{"timestamp":"2026-02-15T16:51:54.881980Z","level":"info","event":"Extraído: bilheteria-diaria-obras-por-exibidoras-2017-11-s02.csv","logger":"task.stdout"}
{"timestamp":"2026-02-15T16:51:55.143487Z","level":"info","event":"Extraído: bilheteria-diaria-obras-por-exibidoras-2017-11-s03.csv","logger":"task.stdout"}
{"timestamp":"2026-02-15T16:51:55.413379Z","level":"info","event":"Extraído: bilheteria-diaria-obras-por-exibidoras-2017-11-s04.csv","logger":"task.stdout"}
{"timestamp":"2026-02-15T16:51:55.494908Z","level":"info","event":"Extraído: bilheteria-diaria-obras-por-exibidoras-2017-11-s05.csv","logger":"task.stdout"}
{"timestamp":"2026-02-15T16:51:55.777971Z","level":"info","event":"Extraído: bilheteria-diaria-obras-por-exibidoras-2017-12-s01.csv","logger":"task.stdout"}
{"timestamp":"2026-02-15T16:51:56.070734Z","level":"info","event":"Extraído: bilheteria-diaria-obras-por-exibidoras-2017-12-s02.csv","logger":"task.stdout"}
{"timestamp":"2026-02-15T16:51:56.371340Z","level":"info","event":"Extraído: bilheteria-diaria-obras-por-exibidoras-2017-12-s03.csv","logger":"task.stdout"}
{"timestamp":"2026-02-15T16:51:56.624056Z","level":"info","event":"Extraído: bilheteria-diaria-obras-por-exibidoras-2017-12-s04.csv","logger":"task.stdout"}
{"timestamp":"2026-02-15T16:51:56.728542Z","level":"info","event":"Extraído: bilheteria-diaria-obras-por-exibidoras-2017-12-s05.csv","logger":"task.stdout"}
{"timestamp":"2026-02-15T16:51:57.019662Z","level":"info","event":"Extraído: bilheteria-diaria-obras-por-exibidoras-2018-01-s01.csv","logger":"task.stdout"}
{"timestamp":"2026-02-15T16:51:57.349288Z","level":"info","event":"Extraído: bilheteria-diaria-obras-por-exibidoras-2018-01-s02.csv","logger":"task.stdout"}
{"timestamp":"2026-02-15T16:51:57.644305Z","level":"info","event":"Extraído: bilheteria-diaria-obras-por-exibidoras-2018-01-s03.csv","logger":"task.stdout"}
{"timestamp":"2026-02-15T16:51:57.952541Z","level":"info","event":"Extraído: bilheteria-diaria-obras-por-exibidoras-2018-01-s04.csv","logger":"task.stdout"}
{"timestamp":"2026-02-15T16:51:58.080591Z","level":"info","event":"Extraído: bilheteria-diaria-obras-por-exibidoras-2018-01-s05.csv","logger":"task.stdout"}
{"timestamp":"2026-02-15T16:51:58.375044Z","level":"info","event":"Extraído: bilheteria-diaria-obras-por-exibidoras-2018-02-s01.csv","logger":"task.stdout"}
{"timestamp":"2026-02-15T16:51:58.734129Z","level":"info","event":"Extraído: bilheteria-diaria-obras-por-exibidoras-2018-02-s02.csv","logger":"task.stdout"}
{"timestamp":"2026-02-15T16:51:59.021038Z","level":"info","event":"Extraído: bilheteria-diaria-obras-por-exibidoras-2018-02-s03.csv","logger":"task.stdout"}
{"timestamp":"2026-02-15T16:51:59.297229Z","level":"info","event":"Extraído: bilheteria-diaria-obras-por-exibidoras-2018-02-s04.csv","logger":"task.stdout"}
{"timestamp":"2026-02-15T16:51:59.574192Z","level":"info","event":"Extraído: bilheteria-diaria-obras-por-exibidoras-2018-03-s01.csv","logger":"task.stdout"}
{"timestamp":"2026-02-15T16:51:59.852718Z","level":"info","event":"Extraído: bilheteria-diaria-obras-por-exibidoras-2018-03-s02.csv","logger":"task.stdout"}
{"timestamp":"2026-02-15T16:52:00.128853Z","level":"info","event":"Extraído: bilheteria-diaria-obras-por-exibidoras-2018-03-s03.csv","logger":"task.stdout"}
{"timestamp":"2026-02-15T16:52:00.461616Z","level":"info","event":"Extraído: bilheteria-diaria-obras-por-exibidoras-2018-03-s04.csv","logger":"task.stdout"}
{"timestamp":"2026-02-15T16:52:00.594208Z","level":"info","event":"Extraído: bilheteria-diaria-obras-por-exibidoras-2018-03-s05.csv","logger":"task.stdout"}
{"timestamp":"2026-02-15T16:52:00.872189Z","level":"info","event":"Extraído: bilheteria-diaria-obras-por-exibidoras-2018-04-s01.csv","logger":"task.stdout"}
{"timestamp":"2026-02-15T16:52:01.161956Z","level":"info","event":"Extraído: bilheteria-diaria-obras-por-exibidoras-2018-04-s02.csv","logger":"task.stdout"}
{"timestamp":"2026-02-15T16:52:01.445508Z","level":"info","event":"Extraído: bilheteria-diaria-obras-por-exibidoras-2018-04-s03.csv","logger":"task.stdout"}
{"timestamp":"2026-02-15T16:52:01.752305Z","level":"info","event":"Extraído: bilheteria-diaria-obras-por-exibidoras-2018-04-s04.csv","logger":"task.stdout"}
{"timestamp":"2026-02-15T16:52:01.841960Z","level":"info","event":"Extraído: bilheteria-diaria-obras-por-exibidoras-2018-04-s05.csv","logger":"task.stdout"}
{"timestamp":"2026-02-15T16:52:02.117718Z","level":"info","event":"Extraído: bilheteria-diaria-obras-por-exibidoras-2018-05-s01.csv","logger":"task.stdout"}
{"timestamp":"2026-02-15T16:52:02.417518Z","level":"info","event":"Extraído: bilheteria-diaria-obras-por-exibidoras-2018-05-s02.csv","logger":"task.stdout"}
{"timestamp":"2026-02-15T16:52:02.755651Z","level":"info","event":"Extraído: bilheteria-diaria-obras-por-exibidoras-2018-05-s03.csv","logger":"task.stdout"}
{"timestamp":"2026-02-15T16:52:03.133260Z","level":"info","event":"Extraído: bilheteria-diaria-obras-por-exibidoras-2018-05-s04.csv","logger":"task.stdout"}
{"timestamp":"2026-02-15T16:52:03.313649Z","level":"info","event":"Extraído: bilheteria-diaria-obras-por-exibidoras-2018-05-s05.csv","logger":"task.stdout"}
{"timestamp":"2026-02-15T16:52:03.678232Z","level":"info","event":"Extraído: bilheteria-diaria-obras-por-exibidoras-2018-06-s01.csv","logger":"task.stdout"}
{"timestamp":"2026-02-15T16:52:04.006378Z","level":"info","event":"Extraído: bilheteria-diaria-obras-por-exibidoras-2018-06-s02.csv","logger":"task.stdout"}
{"timestamp":"2026-02-15T16:52:04.293169Z","level":"info","event":"Extraído: bilheteria-diaria-obras-por-exibidoras-2018-06-s03.csv","logger":"task.stdout"}
{"timestamp":"2026-02-15T16:52:04.579973Z","level":"info","event":"Extraído: bilheteria-diaria-obras-por-exibidoras-2018-06-s04.csv","logger":"task.stdout"}
{"timestamp":"2026-02-15T16:52:04.669806Z","level":"info","event":"Extraído: bilheteria-diaria-obras-por-exibidoras-2018-06-s05.csv","logger":"task.stdout"}
{"timestamp":"2026-02-15T16:52:04.953324Z","level":"info","event":"Extraído: bilheteria-diaria-obras-por-exibidoras-2018-07-s01.csv","logger":"task.stdout"}
{"timestamp":"2026-02-15T16:52:05.281637Z","level":"info","event":"Extraído: bilheteria-diaria-obras-por-exibidoras-2018-07-s02.csv","logger":"task.stdout"}
{"timestamp":"2026-02-15T16:52:05.614898Z","level":"info","event":"Extraído: bilheteria-diaria-obras-por-exibidoras-2018-07-s03.csv","logger":"task.stdout"}
{"timestamp":"2026-02-15T16:52:05.962973Z","level":"info","event":"Extraído: bilheteria-diaria-obras-por-exibidoras-2018-07-s04.csv","logger":"task.stdout"}
{"timestamp":"2026-02-15T16:52:06.098640Z","level":"info","event":"Extraído: bilheteria-diaria-obras-por-exibidoras-2018-07-s05.csv","logger":"task.stdout"}
{"timestamp":"2026-02-15T16:52:06.418189Z","level":"info","event":"Extraído: bilheteria-diaria-obras-por-exibidoras-2018-08-s01.csv","logger":"task.stdout"}
{"timestamp":"2026-02-15T16:52:06.708943Z","level":"info","event":"Extraído: bilheteria-diaria-obras-por-exibidoras-2018-08-s02.csv","logger":"task.stdout"}
{"timestamp":"2026-02-15T16:52:06.999987Z","level":"info","event":"Extraído: bilheteria-diaria-obras-por-exibidoras-2018-08-s03.csv","logger":"task.stdout"}
{"timestamp":"2026-02-15T16:52:07.283644Z","level":"info","event":"Extraído: bilheteria-diaria-obras-por-exibidoras-2018-08-s04.csv","logger":"task.stdout"}
{"timestamp":"2026-02-15T16:52:07.411353Z","level":"info","event":"Extraído: bilheteria-diaria-obras-por-exibidoras-2018-08-s05.csv","logger":"task.stdout"}
{"timestamp":"2026-02-15T16:52:07.701239Z","level":"info","event":"Extraído: bilheteria-diaria-obras-por-exibidoras-2018-09-s01.csv","logger":"task.stdout"}
{"timestamp":"2026-02-15T16:52:07.984252Z","level":"info","event":"Extraído: bilheteria-diaria-obras-por-exibidoras-2018-09-s02.csv","logger":"task.stdout"}
{"timestamp":"2026-02-15T16:52:08.261218Z","level":"info","event":"Extraído: bilheteria-diaria-obras-por-exibidoras-2018-09-s03.csv","logger":"task.stdout"}
{"timestamp":"2026-02-15T16:52:08.566690Z","level":"info","event":"Extraído: bilheteria-diaria-obras-por-exibidoras-2018-09-s04.csv","logger":"task.stdout"}
{"timestamp":"2026-02-15T16:52:08.654935Z","level":"info","event":"Extraído: bilheteria-diaria-obras-por-exibidoras-2018-09-s05.csv","logger":"task.stdout"}
{"timestamp":"2026-02-15T16:52:08.936738Z","level":"info","event":"Extraído: bilheteria-diaria-obras-por-exibidoras-2018-10-s01.csv","logger":"task.stdout"}
{"timestamp":"2026-02-15T16:52:09.232742Z","level":"info","event":"Extraído: bilheteria-diaria-obras-por-exibidoras-2018-10-s02.csv","logger":"task.stdout"}
{"timestamp":"2026-02-15T16:52:09.518426Z","level":"info","event":"Extraído: bilheteria-diaria-obras-por-exibidoras-2018-10-s03.csv","logger":"task.stdout"}
{"timestamp":"2026-02-15T16:52:09.803610Z","level":"info","event":"Extraído: bilheteria-diaria-obras-por-exibidoras-2018-10-s04.csv","logger":"task.stdout"}
{"timestamp":"2026-02-15T16:52:09.917859Z","level":"info","event":"Extraído: bilheteria-diaria-obras-por-exibidoras-2018-10-s05.csv","logger":"task.stdout"}
{"timestamp":"2026-02-15T16:52:10.202540Z","level":"info","event":"Extraído: bilheteria-diaria-obras-por-exibidoras-2018-11-s01.csv","logger":"task.stdout"}
{"timestamp":"2026-02-15T16:52:10.526572Z","level":"info","event":"Extraído: bilheteria-diaria-obras-por-exibidoras-2018-11-s02.csv","logger":"task.stdout"}
{"timestamp":"2026-02-15T16:52:10.882359Z","level":"info","event":"Extraído: bilheteria-diaria-obras-por-exibidoras-2018-11-s03.csv","logger":"task.stdout"}
{"timestamp":"2026-02-15T16:52:11.229727Z","level":"info","event":"Extraído: bilheteria-diaria-obras-por-exibidoras-2018-11-s04.csv","logger":"task.stdout"}
{"timestamp":"2026-02-15T16:52:11.330410Z","level":"info","event":"Extraído: bilheteria-diaria-obras-por-exibidoras-2018-11-s05.csv","logger":"task.stdout"}
{"timestamp":"2026-02-15T16:52:11.644096Z","level":"info","event":"Extraído: bilheteria-diaria-obras-por-exibidoras-2018-12-s01.csv","logger":"task.stdout"}
{"timestamp":"2026-02-15T16:52:11.990705Z","level":"info","event":"Extraído: bilheteria-diaria-obras-por-exibidoras-2018-12-s02.csv","logger":"task.stdout"}
{"timestamp":"2026-02-15T16:52:12.397451Z","level":"info","event":"Extraído: bilheteria-diaria-obras-por-exibidoras-2018-12-s03.csv","logger":"task.stdout"}
{"timestamp":"2026-02-15T16:52:12.739891Z","level":"info","event":"Extraído: bilheteria-diaria-obras-por-exibidoras-2018-12-s04.csv","logger":"task.stdout"}
{"timestamp":"2026-02-15T16:52:12.878197Z","level":"info","event":"Extraído: bilheteria-diaria-obras-por-exibidoras-2018-12-s05.csv","logger":"task.stdout"}
{"timestamp":"2026-02-15T16:52:13.341517Z","level":"info","event":"Extraído: bilheteria-diaria-obras-por-exibidoras-2019-01-s01.csv","logger":"task.stdout"}
{"timestamp":"2026-02-15T16:52:13.686708Z","level":"info","event":"Extraído: bilheteria-diaria-obras-por-exibidoras-2019-01-s02.csv","logger":"task.stdout"}
{"timestamp":"2026-02-15T16:52:14.011961Z","level":"info","event":"Extraído: bilheteria-diaria-obras-por-exibidoras-2019-01-s03.csv","logger":"task.stdout"}
{"timestamp":"2026-02-15T16:52:14.323218Z","level":"info","event":"Extraído: bilheteria-diaria-obras-por-exibidoras-2019-01-s04.csv","logger":"task.stdout"}
{"timestamp":"2026-02-15T16:52:14.457108Z","level":"info","event":"Extraído: bilheteria-diaria-obras-por-exibidoras-2019-01-s05.csv","logger":"task.stdout"}
{"timestamp":"2026-02-15T16:52:14.776348Z","level":"info","event":"Extraído: bilheteria-diaria-obras-por-exibidoras-2019-02-s01.csv","logger":"task.stdout"}
{"timestamp":"2026-02-15T16:52:15.108736Z","level":"info","event":"Extraído: bilheteria-diaria-obras-por-exibidoras-2019-02-s02.csv","logger":"task.stdout"}
{"timestamp":"2026-02-15T16:52:15.433141Z","level":"info","event":"Extraído: bilheteria-diaria-obras-por-exibidoras-2019-02-s03.csv","logger":"task.stdout"}
{"timestamp":"2026-02-15T16:52:15.740043Z","level":"info","event":"Extraído: bilheteria-diaria-obras-por-exibidoras-2019-02-s04.csv","logger":"task.stdout"}
{"timestamp":"2026-02-15T16:52:16.099447Z","level":"info","event":"Extraído: bilheteria-diaria-obras-por-exibidoras-2019-03-s01.csv","logger":"task.stdout"}
{"timestamp":"2026-02-15T16:52:16.455622Z","level":"info","event":"Extraído: bilheteria-diaria-obras-por-exibidoras-2019-03-s02.csv","logger":"task.stdout"}
{"timestamp":"2026-02-15T16:52:16.792327Z","level":"info","event":"Extraído: bilheteria-diaria-obras-por-exibidoras-2019-03-s03.csv","logger":"task.stdout"}
{"timestamp":"2026-02-15T16:52:17.071392Z","level":"info","event":"Extraído: bilheteria-diaria-obras-por-exibidoras-2019-03-s04.csv","logger":"task.stdout"}
{"timestamp":"2026-02-15T16:52:17.201003Z","level":"info","event":"Extraído: bilheteria-diaria-obras-por-exibidoras-2019-03-s05.csv","logger":"task.stdout"}
{"timestamp":"2026-02-15T16:52:17.462457Z","level":"info","event":"Extraído: bilheteria-diaria-obras-por-exibidoras-2019-04-s01.csv","logger":"task.stdout"}
{"timestamp":"2026-02-15T16:52:17.727503Z","level":"info","event":"Extraído: bilheteria-diaria-obras-por-exibidoras-2019-04-s02.csv","logger":"task.stdout"}
{"timestamp":"2026-02-15T16:52:17.999036Z","level":"info","event":"Extraído: bilheteria-diaria-obras-por-exibidoras-2019-04-s03.csv","logger":"task.stdout"}
{"timestamp":"2026-02-15T16:52:18.277639Z","level":"info","event":"Extraído: bilheteria-diaria-obras-por-exibidoras-2019-04-s04.csv","logger":"task.stdout"}
{"timestamp":"2026-02-15T16:52:18.362380Z","level":"info","event":"Extraído: bilheteria-diaria-obras-por-exibidoras-2019-04-s05.csv","logger":"task.stdout"}
{"timestamp":"2026-02-15T16:52:18.668342Z","level":"info","event":"Extraído: bilheteria-diaria-obras-por-exibidoras-2019-05-s01.csv","logger":"task.stdout"}
{"timestamp":"2026-02-15T16:52:18.935663Z","level":"info","event":"Extraído: bilheteria-diaria-obras-por-exibidoras-2019-05-s02.csv","logger":"task.stdout"}
{"timestamp":"2026-02-15T16:52:19.228713Z","level":"info","event":"Extraído: bilheteria-diaria-obras-por-exibidoras-2019-05-s03.csv","logger":"task.stdout"}
{"timestamp":"2026-02-15T16:52:19.498467Z","level":"info","event":"Extraído: bilheteria-diaria-obras-por-exibidoras-2019-05-s04.csv","logger":"task.stdout"}
{"timestamp":"2026-02-15T16:52:19.609189Z","level":"info","event":"Extraído: bilheteria-diaria-obras-por-exibidoras-2019-05-s05.csv","logger":"task.stdout"}
{"timestamp":"2026-02-15T16:52:19.872495Z","level":"info","event":"Extraído: bilheteria-diaria-obras-por-exibidoras-2019-06-s01.csv","logger":"task.stdout"}
{"timestamp":"2026-02-15T16:52:20.157610Z","level":"info","event":"Extraído: bilheteria-diaria-obras-por-exibidoras-2019-06-s02.csv","logger":"task.stdout"}
{"timestamp":"2026-02-15T16:52:20.460845Z","level":"info","event":"Extraído: bilheteria-diaria-obras-por-exibidoras-2019-06-s03.csv","logger":"task.stdout"}
{"timestamp":"2026-02-15T16:52:20.774076Z","level":"info","event":"Extraído: bilheteria-diaria-obras-por-exibidoras-2019-06-s04.csv","logger":"task.stdout"}
{"timestamp":"2026-02-15T16:52:20.879051Z","level":"info","event":"Extraído: bilheteria-diaria-obras-por-exibidoras-2019-06-s05.csv","logger":"task.stdout"}
{"timestamp":"2026-02-15T16:52:21.230766Z","level":"info","event":"Extraído: bilheteria-diaria-obras-por-exibidoras-2019-07-s01.csv","logger":"task.stdout"}
{"timestamp":"2026-02-15T16:52:21.602110Z","level":"info","event":"Extraído: bilheteria-diaria-obras-por-exibidoras-2019-07-s02.csv","logger":"task.stdout"}
{"timestamp":"2026-02-15T16:52:21.942209Z","level":"info","event":"Extraído: bilheteria-diaria-obras-por-exibidoras-2019-07-s03.csv","logger":"task.stdout"}
{"timestamp":"2026-02-15T16:52:22.278764Z","level":"info","event":"Extraído: bilheteria-diaria-obras-por-exibidoras-2019-07-s04.csv","logger":"task.stdout"}
{"timestamp":"2026-02-15T16:52:22.413767Z","level":"info","event":"Extraído: bilheteria-diaria-obras-por-exibidoras-2019-07-s05.csv","logger":"task.stdout"}
{"timestamp":"2026-02-15T16:52:22.707429Z","level":"info","event":"Extraído: bilheteria-diaria-obras-por-exibidoras-2019-08-s01.csv","logger":"task.stdout"}
{"timestamp":"2026-02-15T16:52:23.011692Z","level":"info","event":"Extraído: bilheteria-diaria-obras-por-exibidoras-2019-08-s02.csv","logger":"task.stdout"}
{"timestamp":"2026-02-15T16:52:23.314645Z","level":"info","event":"Extraído: bilheteria-diaria-obras-por-exibidoras-2019-08-s03.csv","logger":"task.stdout"}
{"timestamp":"2026-02-15T16:52:23.590565Z","level":"info","event":"Extraído: bilheteria-diaria-obras-por-exibidoras-2019-08-s04.csv","logger":"task.stdout"}
{"timestamp":"2026-02-15T16:52:23.705135Z","level":"info","event":"Extraído: bilheteria-diaria-obras-por-exibidoras-2019-08-s05.csv","logger":"task.stdout"}
{"timestamp":"2026-02-15T16:52:23.974754Z","level":"info","event":"Extraído: bilheteria-diaria-obras-por-exibidoras-2019-09-s01.csv","logger":"task.stdout"}
{"timestamp":"2026-02-15T16:52:24.233053Z","level":"info","event":"Extraído: bilheteria-diaria-obras-por-exibidoras-2019-09-s02.csv","logger":"task.stdout"}
{"timestamp":"2026-02-15T16:52:24.545133Z","level":"info","event":"Extraído: bilheteria-diaria-obras-por-exibidoras-2019-09-s03.csv","logger":"task.stdout"}
{"timestamp":"2026-02-15T16:52:24.835471Z","level":"info","event":"Extraído: bilheteria-diaria-obras-por-exibidoras-2019-09-s04.csv","logger":"task.stdout"}
{"timestamp":"2026-02-15T16:52:24.927304Z","level":"info","event":"Extraído: bilheteria-diaria-obras-por-exibidoras-2019-09-s05.csv","logger":"task.stdout"}
{"timestamp":"2026-02-15T16:52:25.220174Z","level":"info","event":"Extraído: bilheteria-diaria-obras-por-exibidoras-2019-10-s01.csv","logger":"task.stdout"}
{"timestamp":"2026-02-15T16:52:25.541594Z","level":"info","event":"Extraído: bilheteria-diaria-obras-por-exibidoras-2019-10-s02.csv","logger":"task.stdout"}
{"timestamp":"2026-02-15T16:52:25.850572Z","level":"info","event":"Extraído: bilheteria-diaria-obras-por-exibidoras-2019-10-s03.csv","logger":"task.stdout"}
{"timestamp":"2026-02-15T16:52:26.127867Z","level":"info","event":"Extraído: bilheteria-diaria-obras-por-exibidoras-2019-10-s04.csv","logger":"task.stdout"}
{"timestamp":"2026-02-15T16:52:26.253883Z","level":"info","event":"Extraído: bilheteria-diaria-obras-por-exibidoras-2019-10-s05.csv","logger":"task.stdout"}
{"timestamp":"2026-02-15T16:52:26.567611Z","level":"info","event":"Extraído: bilheteria-diaria-obras-por-exibidoras-2019-11-s01.csv","logger":"task.stdout"}
{"timestamp":"2026-02-15T16:52:26.853014Z","level":"info","event":"Extraído: bilheteria-diaria-obras-por-exibidoras-2019-11-s02.csv","logger":"task.stdout"}
{"timestamp":"2026-02-15T16:52:27.158375Z","level":"info","event":"Extraído: bilheteria-diaria-obras-por-exibidoras-2019-11-s03.csv","logger":"task.stdout"}
{"timestamp":"2026-02-15T16:52:27.457392Z","level":"info","event":"Extraído: bilheteria-diaria-obras-por-exibidoras-2019-11-s04.csv","logger":"task.stdout"}
{"timestamp":"2026-02-15T16:52:27.564458Z","level":"info","event":"Extraído: bilheteria-diaria-obras-por-exibidoras-2019-11-s05.csv","logger":"task.stdout"}
{"timestamp":"2026-02-15T16:52:27.859647Z","level":"info","event":"Extraído: bilheteria-diaria-obras-por-exibidoras-2019-12-s01.csv","logger":"task.stdout"}
{"timestamp":"2026-02-15T16:52:28.155529Z","level":"info","event":"Extraído: bilheteria-diaria-obras-por-exibidoras-2019-12-s02.csv","logger":"task.stdout"}
{"timestamp":"2026-02-15T16:52:28.471668Z","level":"info","event":"Extraído: bilheteria-diaria-obras-por-exibidoras-2019-12-s03.csv","logger":"task.stdout"}
{"timestamp":"2026-02-15T16:52:28.739719Z","level":"info","event":"Extraído: bilheteria-diaria-obras-por-exibidoras-2019-12-s04.csv","logger":"task.stdout"}
{"timestamp":"2026-02-15T16:52:28.836027Z","level":"info","event":"Extraído: bilheteria-diaria-obras-por-exibidoras-2019-12-s05.csv","logger":"task.stdout"}
{"timestamp":"2026-02-15T16:52:29.127245Z","level":"info","event":"Extraído: bilheteria-diaria-obras-por-exibidoras-2020-01-s01.csv","logger":"task.stdout"}
{"timestamp":"2026-02-15T16:52:29.420085Z","level":"info","event":"Extraído: bilheteria-diaria-obras-por-exibidoras-2020-01-s02.csv","logger":"task.stdout"}
{"timestamp":"2026-02-15T16:52:29.724323Z","level":"info","event":"Extraído: bilheteria-diaria-obras-por-exibidoras-2020-01-s03.csv","logger":"task.stdout"}
{"timestamp":"2026-02-15T16:52:30.030200Z","level":"info","event":"Extraído: bilheteria-diaria-obras-por-exibidoras-2020-01-s04.csv","logger":"task.stdout"}
{"timestamp":"2026-02-15T16:52:30.156258Z","level":"info","event":"Extraído: bilheteria-diaria-obras-por-exibidoras-2020-01-s05.csv","logger":"task.stdout"}
{"timestamp":"2026-02-15T16:52:30.456829Z","level":"info","event":"Extraído: bilheteria-diaria-obras-por-exibidoras-2020-02-s01.csv","logger":"task.stdout"}
{"timestamp":"2026-02-15T16:52:30.821005Z","level":"info","event":"Extraído: bilheteria-diaria-obras-por-exibidoras-2020-02-s02.csv","logger":"task.stdout"}
{"timestamp":"2026-02-15T16:52:31.160003Z","level":"info","event":"Extraído: bilheteria-diaria-obras-por-exibidoras-2020-02-s03.csv","logger":"task.stdout"}
{"timestamp":"2026-02-15T16:52:31.485643Z","level":"info","event":"Extraído: bilheteria-diaria-obras-por-exibidoras-2020-02-s04.csv","logger":"task.stdout"}
{"timestamp":"2026-02-15T16:52:31.534000Z","level":"info","event":"Extraído: bilheteria-diaria-obras-por-exibidoras-2020-02-s05.csv","logger":"task.stdout"}
{"timestamp":"2026-02-15T16:52:31.843987Z","level":"info","event":"Extraído: bilheteria-diaria-obras-por-exibidoras-2020-03-s01.csv","logger":"task.stdout"}
{"timestamp":"2026-02-15T16:52:32.115932Z","level":"info","event":"Extraído: bilheteria-diaria-obras-por-exibidoras-2020-03-s02.csv","logger":"task.stdout"}
{"timestamp":"2026-02-15T16:52:32.231807Z","level":"info","event":"Extraído: bilheteria-diaria-obras-por-exibidoras-2020-03-s03.csv","logger":"task.stdout"}
{"timestamp":"2026-02-15T16:52:32.234786Z","level":"info","event":"Extraído: bilheteria-diaria-obras-por-exibidoras-2020-03-s04.csv","logger":"task.stdout"}
{"timestamp":"2026-02-15T16:52:32.237713Z","level":"info","event":"Extraído: bilheteria-diaria-obras-por-exibidoras-2020-03-s05.csv","logger":"task.stdout"}
{"timestamp":"2026-02-15T16:52:32.240734Z","level":"info","event":"Extraído: bilheteria-diaria-obras-por-exibidoras-2020-04-s01.csv","logger":"task.stdout"}
{"timestamp":"2026-02-15T16:52:32.243922Z","level":"info","event":"Extraído: bilheteria-diaria-obras-por-exibidoras-2020-04-s03.csv","logger":"task.stdout"}
{"timestamp":"2026-02-15T16:52:32.247011Z","level":"info","event":"Extraído: bilheteria-diaria-obras-por-exibidoras-2020-04-s04.csv","logger":"task.stdout"}
{"timestamp":"2026-02-15T16:52:32.249714Z","level":"info","event":"Extraído: bilheteria-diaria-obras-por-exibidoras-2020-04-s05.csv","logger":"task.stdout"}
{"timestamp":"2026-02-15T16:52:32.252344Z","level":"info","event":"Extraído: bilheteria-diaria-obras-por-exibidoras-2020-05-s01.csv","logger":"task.stdout"}
{"timestamp":"2026-02-15T16:52:32.255232Z","level":"info","event":"Extraído: bilheteria-diaria-obras-por-exibidoras-2020-05-s02.csv","logger":"task.stdout"}
{"timestamp":"2026-02-15T16:52:32.258681Z","level":"info","event":"Extraído: bilheteria-diaria-obras-por-exibidoras-2020-05-s03.csv","logger":"task.stdout"}
{"timestamp":"2026-02-15T16:52:32.261219Z","level":"info","event":"Extraído: bilheteria-diaria-obras-por-exibidoras-2020-05-s04.csv","logger":"task.stdout"}
{"timestamp":"2026-02-15T16:52:32.264055Z","level":"info","event":"Extraído: bilheteria-diaria-obras-por-exibidoras-2020-05-s05.csv","logger":"task.stdout"}
{"timestamp":"2026-02-15T16:52:32.266872Z","level":"info","event":"Extraído: bilheteria-diaria-obras-por-exibidoras-2020-06-s01.csv","logger":"task.stdout"}
{"timestamp":"2026-02-15T16:52:32.270073Z","level":"info","event":"Extraído: bilheteria-diaria-obras-por-exibidoras-2020-06-s02.csv","logger":"task.stdout"}
{"timestamp":"2026-02-15T16:52:32.273600Z","level":"info","event":"Extraído: bilheteria-diaria-obras-por-exibidoras-2020-06-s03.csv","logger":"task.stdout"}
{"timestamp":"2026-02-15T16:52:32.277371Z","level":"info","event":"Extraído: bilheteria-diaria-obras-por-exibidoras-2020-06-s04.csv","logger":"task.stdout"}
{"timestamp":"2026-02-15T16:52:32.280255Z","level":"info","event":"Extraído: bilheteria-diaria-obras-por-exibidoras-2020-06-s05.csv","logger":"task.stdout"}
{"timestamp":"2026-02-15T16:52:32.283897Z","level":"info","event":"Extraído: bilheteria-diaria-obras-por-exibidoras-2020-07-s01.csv","logger":"task.stdout"}
{"timestamp":"2026-02-15T16:52:32.287545Z","level":"info","event":"Extraído: bilheteria-diaria-obras-por-exibidoras-2020-07-s02.csv","logger":"task.stdout"}
{"timestamp":"2026-02-15T16:52:32.291494Z","level":"info","event":"Extraído: bilheteria-diaria-obras-por-exibidoras-2020-07-s03.csv","logger":"task.stdout"}
{"timestamp":"2026-02-15T16:52:32.295455Z","level":"info","event":"Extraído: bilheteria-diaria-obras-por-exibidoras-2020-07-s04.csv","logger":"task.stdout"}
{"timestamp":"2026-02-15T16:52:32.299770Z","level":"info","event":"Extraído: bilheteria-diaria-obras-por-exibidoras-2020-07-s05.csv","logger":"task.stdout"}
{"timestamp":"2026-02-15T16:52:32.303916Z","level":"info","event":"Extraído: bilheteria-diaria-obras-por-exibidoras-2020-08-s01.csv","logger":"task.stdout"}
{"timestamp":"2026-02-15T16:52:32.308155Z","level":"info","event":"Extraído: bilheteria-diaria-obras-por-exibidoras-2020-08-s02.csv","logger":"task.stdout"}
{"timestamp":"2026-02-15T16:52:32.313808Z","level":"info","event":"Extraído: bilheteria-diaria-obras-por-exibidoras-2020-08-s03.csv","logger":"task.stdout"}
{"timestamp":"2026-02-15T16:52:32.318306Z","level":"info","event":"Extraído: bilheteria-diaria-obras-por-exibidoras-2020-08-s04.csv","logger":"task.stdout"}
{"timestamp":"2026-02-15T16:52:32.322100Z","level":"info","event":"Extraído: bilheteria-diaria-obras-por-exibidoras-2020-08-s05.csv","logger":"task.stdout"}
{"timestamp":"2026-02-15T16:52:32.331035Z","level":"info","event":"Extraído: bilheteria-diaria-obras-por-exibidoras-2020-09-s01.csv","logger":"task.stdout"}
{"timestamp":"2026-02-15T16:52:32.345117Z","level":"info","event":"Extraído: bilheteria-diaria-obras-por-exibidoras-2020-09-s02.csv","logger":"task.stdout"}
{"timestamp":"2026-02-15T16:52:32.366095Z","level":"info","event":"Extraído: bilheteria-diaria-obras-por-exibidoras-2020-09-s03.csv","logger":"task.stdout"}
{"timestamp":"2026-02-15T16:52:32.389887Z","level":"info","event":"Extraído: bilheteria-diaria-obras-por-exibidoras-2020-09-s04.csv","logger":"task.stdout"}
{"timestamp":"2026-02-15T16:52:32.397068Z","level":"info","event":"Extraído: bilheteria-diaria-obras-por-exibidoras-2020-09-s05.csv","logger":"task.stdout"}
{"timestamp":"2026-02-15T16:52:32.427214Z","level":"info","event":"Extraído: bilheteria-diaria-obras-por-exibidoras-2020-10-s01.csv","logger":"task.stdout"}
{"timestamp":"2026-02-15T16:52:32.465482Z","level":"info","event":"Extraído: bilheteria-diaria-obras-por-exibidoras-2020-10-s02.csv","logger":"task.stdout"}
{"timestamp":"2026-02-15T16:52:32.529152Z","level":"info","event":"Extraído: bilheteria-diaria-obras-por-exibidoras-2020-10-s03.csv","logger":"task.stdout"}
{"timestamp":"2026-02-15T16:52:32.609704Z","level":"info","event":"Extraído: bilheteria-diaria-obras-por-exibidoras-2020-10-s04.csv","logger":"task.stdout"}
{"timestamp":"2026-02-15T16:52:32.651518Z","level":"info","event":"Extraído: bilheteria-diaria-obras-por-exibidoras-2020-10-s05.csv","logger":"task.stdout"}
{"timestamp":"2026-02-15T16:52:32.750960Z","level":"info","event":"Extraído: bilheteria-diaria-obras-por-exibidoras-2020-11-s01.csv","logger":"task.stdout"}
{"timestamp":"2026-02-15T16:52:32.857273Z","level":"info","event":"Extraído: bilheteria-diaria-obras-por-exibidoras-2020-11-s02.csv","logger":"task.stdout"}
{"timestamp":"2026-02-15T16:52:32.974707Z","level":"info","event":"Extraído: bilheteria-diaria-obras-por-exibidoras-2020-11-s03.csv","logger":"task.stdout"}
{"timestamp":"2026-02-15T16:52:33.109414Z","level":"info","event":"Extraído: bilheteria-diaria-obras-por-exibidoras-2020-11-s04.csv","logger":"task.stdout"}
{"timestamp":"2026-02-15T16:52:33.150662Z","level":"info","event":"Extraído: bilheteria-diaria-obras-por-exibidoras-2020-11-s05.csv","logger":"task.stdout"}
{"timestamp":"2026-02-15T16:52:33.277577Z","level":"info","event":"Extraído: bilheteria-diaria-obras-por-exibidoras-2020-12-s01.csv","logger":"task.stdout"}
{"timestamp":"2026-02-15T16:52:33.444119Z","level":"info","event":"Extraído: bilheteria-diaria-obras-por-exibidoras-2020-12-s02.csv","logger":"task.stdout"}
{"timestamp":"2026-02-15T16:52:34.720151Z","level":"info","event":"Extraído: bilheteria-diaria-obras-por-exibidoras-2020-12-s03.csv","logger":"task.stdout"}
{"timestamp":"2026-02-15T16:52:34.837728Z","level":"info","event":"Extraído: bilheteria-diaria-obras-por-exibidoras-2020-12-s04.csv","logger":"task.stdout"}
{"timestamp":"2026-02-15T16:52:35.460443Z","level":"info","event":"Extraído: bilheteria-diaria-obras-por-exibidoras-2020-12-s05.csv","logger":"task.stdout"}
{"timestamp":"2026-02-15T16:52:38.465147Z","level":"info","event":"Extraído: bilheteria-diaria-obras-por-exibidoras-2021-01-s01.csv","logger":"task.stdout"}
{"timestamp":"2026-02-15T16:52:40.746598Z","level":"info","event":"Extraído: bilheteria-diaria-obras-por-exibidoras-2021-01-s02.csv","logger":"task.stdout"}
{"timestamp":"2026-02-15T16:52:40.913222Z","level":"info","event":"Extraído: bilheteria-diaria-obras-por-exibidoras-2021-01-s03.csv","logger":"task.stdout"}
{"timestamp":"2026-02-15T16:52:44.775731Z","level":"info","event":"Extraído: bilheteria-diaria-obras-por-exibidoras-2021-01-s04.csv","logger":"task.stdout"}
{"timestamp":"2026-02-15T16:52:44.832624Z","level":"info","event":"Extraído: bilheteria-diaria-obras-por-exibidoras-2021-01-s05.csv","logger":"task.stdout"}
{"timestamp":"2026-02-15T16:52:47.755335Z","level":"info","event":"Extraído: bilheteria-diaria-obras-por-exibidoras-2021-02-s01.csv","logger":"task.stdout"}
{"timestamp":"2026-02-15T16:52:50.447537Z","level":"info","event":"Extraído: bilheteria-diaria-obras-por-exibidoras-2021-02-s02.csv","logger":"task.stdout"}
{"timestamp":"2026-02-15T16:52:50.636972Z","level":"info","event":"Extraído: bilheteria-diaria-obras-por-exibidoras-2021-02-s03.csv","logger":"task.stdout"}
{"timestamp":"2026-02-15T16:52:50.784798Z","level":"info","event":"Extraído: bilheteria-diaria-obras-por-exibidoras-2021-02-s04.csv","logger":"task.stdout"}
{"timestamp":"2026-02-15T16:52:52.341744Z","level":"info","event":"Extraído: bilheteria-diaria-obras-por-exibidoras-2021-03-s01.csv","logger":"task.stdout"}
{"timestamp":"2026-02-15T16:52:52.397588Z","level":"info","event":"Extraído: bilheteria-diaria-obras-por-exibidoras-2021-03-s02.csv","logger":"task.stdout"}
{"timestamp":"2026-02-15T16:52:52.429314Z","level":"info","event":"Extraído: bilheteria-diaria-obras-por-exibidoras-2021-03-s03.csv","logger":"task.stdout"}
{"timestamp":"2026-02-15T16:52:52.454047Z","level":"info","event":"Extraído: bilheteria-diaria-obras-por-exibidoras-2021-03-s04.csv","logger":"task.stdout"}
{"timestamp":"2026-02-15T16:52:52.466534Z","level":"info","event":"Extraído: bilheteria-diaria-obras-por-exibidoras-2021-03-s05.csv","logger":"task.stdout"}
{"timestamp":"2026-02-15T16:52:52.481509Z","level":"info","event":"Extraído: bilheteria-diaria-obras-por-exibidoras-2021-04-s01.csv","logger":"task.stdout"}
{"timestamp":"2026-02-15T16:52:52.504589Z","level":"info","event":"Extraído: bilheteria-diaria-obras-por-exibidoras-2021-04-s02.csv","logger":"task.stdout"}
{"timestamp":"2026-02-15T16:52:52.523703Z","level":"info","event":"Extraído: bilheteria-diaria-obras-por-exibidoras-2021-04-s03.csv","logger":"task.stdout"}
{"timestamp":"2026-02-15T16:52:52.559301Z","level":"info","event":"Extraído: bilheteria-diaria-obras-por-exibidoras-2021-04-s04.csv","logger":"task.stdout"}
{"timestamp":"2026-02-15T16:52:53.014516Z","level":"info","event":"Extraído: bilheteria-diaria-obras-por-exibidoras-2021-04-s05.csv","logger":"task.stdout"}
{"timestamp":"2026-02-15T16:52:56.135269Z","level":"info","event":"Extraído: bilheteria-diaria-obras-por-exibidoras-2021-05-s01.csv","logger":"task.stdout"}
{"timestamp":"2026-02-15T16:53:00.686486Z","level":"info","event":"Extraído: bilheteria-diaria-obras-por-exibidoras-2021-05-s02.csv","logger":"task.stdout"}
{"timestamp":"2026-02-15T16:53:00.817423Z","level":"info","event":"Extraído: bilheteria-diaria-obras-por-exibidoras-2021-05-s03.csv","logger":"task.stdout"}
{"timestamp":"2026-02-15T16:53:00.970248Z","level":"info","event":"Extraído: bilheteria-diaria-obras-por-exibidoras-2021-05-s04.csv","logger":"task.stdout"}
{"timestamp":"2026-02-15T16:53:01.056868Z","level":"info","event":"Extraído: bilheteria-diaria-obras-por-exibidoras-2021-05-s05.csv","logger":"task.stdout"}
{"timestamp":"2026-02-15T16:53:07.837527Z","level":"info","event":"Extraído: bilheteria-diaria-obras-por-exibidoras-2021-06-s01.csv","logger":"task.stdout"}
{"timestamp":"2026-02-15T16:53:12.312352Z","level":"info","event":"Extraído: bilheteria-diaria-obras-por-exibidoras-2021-06-s02.csv","logger":"task.stdout"}
{"timestamp":"2026-02-15T16:53:14.687792Z","level":"info","event":"Extraído: bilheteria-diaria-obras-por-exibidoras-2021-06-s03.csv","logger":"task.stdout"}
{"timestamp":"2026-02-15T16:53:17.437213Z","level":"info","event":"Extraído: bilheteria-diaria-obras-por-exibidoras-2021-06-s04.csv","logger":"task.stdout"}
{"timestamp":"2026-02-15T16:53:17.523561Z","level":"info","event":"Extraído: bilheteria-diaria-obras-por-exibidoras-2021-06-s05.csv","logger":"task.stdout"}
{"timestamp":"2026-02-15T16:53:20.376843Z","level":"info","event":"Extraído: bilheteria-diaria-obras-por-exibidoras-2021-07-s01.csv","logger":"task.stdout"}
{"timestamp":"2026-02-15T16:53:26.805349Z","level":"info","event":"Extraído: bilheteria-diaria-obras-por-exibidoras-2021-07-s02.csv","logger":"task.stdout"}
{"timestamp":"2026-02-15T16:53:32.579802Z","level":"info","event":"Extraído: bilheteria-diaria-obras-por-exibidoras-2021-07-s03.csv","logger":"task.stdout"}
{"timestamp":"2026-02-15T16:53:36.612611Z","level":"info","event":"Extraído: bilheteria-diaria-obras-por-exibidoras-2021-07-s04.csv","logger":"task.stdout"}
{"timestamp":"2026-02-15T16:53:36.737932Z","level":"info","event":"Extraído: bilheteria-diaria-obras-por-exibidoras-2021-07-s05.csv","logger":"task.stdout"}
{"timestamp":"2026-02-15T16:53:36.991238Z","level":"info","event":"Extraído: bilheteria-diaria-obras-por-exibidoras-2021-08-s01.csv","logger":"task.stdout"}
{"timestamp":"2026-02-15T16:53:46.004015Z","level":"info","event":"Extraído: bilheteria-diaria-obras-por-exibidoras-2021-08-s02.csv","logger":"task.stdout"}
{"timestamp":"2026-02-15T16:53:46.345052Z","level":"info","event":"Extraído: bilheteria-diaria-obras-por-exibidoras-2021-08-s03.csv","logger":"task.stdout"}
{"timestamp":"2026-02-15T16:53:52.276883Z","level":"info","event":"Extraído: bilheteria-diaria-obras-por-exibidoras-2021-08-s04.csv","logger":"task.stdout"}
{"timestamp":"2026-02-15T16:53:52.422868Z","level":"info","event":"Extraído: bilheteria-diaria-obras-por-exibidoras-2021-08-s05.csv","logger":"task.stdout"}
{"timestamp":"2026-02-15T16:53:57.839731Z","level":"info","event":"Extraído: bilheteria-diaria-obras-por-exibidoras-2021-09-s01.csv","logger":"task.stdout"}
{"timestamp":"2026-02-15T16:54:07.629793Z","level":"info","event":"Extraído: bilheteria-diaria-obras-por-exibidoras-2021-09-s02.csv","logger":"task.stdout"}
{"timestamp":"2026-02-15T16:54:07.953222Z","level":"info","event":"Extraído: bilheteria-diaria-obras-por-exibidoras-2021-09-s03.csv","logger":"task.stdout"}
{"timestamp":"2026-02-15T16:54:14.275274Z","level":"info","event":"Extraído: bilheteria-diaria-obras-por-exibidoras-2021-09-s04.csv","logger":"task.stdout"}
{"timestamp":"2026-02-15T16:54:14.369414Z","level":"info","event":"Extraído: bilheteria-diaria-obras-por-exibidoras-2021-09-s05.csv","logger":"task.stdout"}
{"timestamp":"2026-02-15T16:54:20.941746Z","level":"info","event":"Extraído: bilheteria-diaria-obras-por-exibidoras-2021-10-s01.csv","logger":"task.stdout"}
{"timestamp":"2026-02-15T16:54:21.272880Z","level":"info","event":"Extraído: bilheteria-diaria-obras-por-exibidoras-2021-10-s02.csv","logger":"task.stdout"}
{"timestamp":"2026-02-15T16:54:26.863800Z","level":"info","event":"Extraído: bilheteria-diaria-obras-por-exibidoras-2021-10-s03.csv","logger":"task.stdout"}
{"timestamp":"2026-02-15T16:54:27.172708Z","level":"info","event":"Extraído: bilheteria-diaria-obras-por-exibidoras-2021-10-s04.csv","logger":"task.stdout"}
{"timestamp":"2026-02-15T16:54:27.301127Z","level":"info","event":"Extraído: bilheteria-diaria-obras-por-exibidoras-2021-10-s05.csv","logger":"task.stdout"}
{"timestamp":"2026-02-15T16:54:38.905559Z","level":"info","event":"Extraído: bilheteria-diaria-obras-por-exibidoras-2021-11-s01.csv","logger":"task.stdout"}
{"timestamp":"2026-02-15T16:54:39.192639Z","level":"info","event":"Extraído: bilheteria-diaria-obras-por-exibidoras-2021-11-s02.csv","logger":"task.stdout"}
{"timestamp":"2026-02-15T16:54:39.495729Z","level":"info","event":"Extraído: bilheteria-diaria-obras-por-exibidoras-2021-11-s03.csv","logger":"task.stdout"}
{"timestamp":"2026-02-15T16:54:39.763566Z","level":"info","event":"Extraído: bilheteria-diaria-obras-por-exibidoras-2021-11-s04.csv","logger":"task.stdout"}
{"timestamp":"2026-02-15T16:54:39.843396Z","level":"info","event":"Extraído: bilheteria-diaria-obras-por-exibidoras-2021-11-s05.csv","logger":"task.stdout"}
{"timestamp":"2026-02-15T16:54:42.856234Z","level":"info","event":"Extraído: bilheteria-diaria-obras-por-exibidoras-2021-12-s01.csv","logger":"task.stdout"}
{"timestamp":"2026-02-15T16:54:42.875150Z","level":"error","event":"Server indicated the task shouldn't be running anymore. Terminating process","detail":{"detail":{"reason":"not_running","message":"TI is no longer in the running state and task should terminate","current_state":"failed"}},"logger":"task"}
{"timestamp":"2026-02-15T16:54:47.647337Z","level":"info","event":"Extraído: bilheteria-diaria-obras-por-exibidoras-2021-12-s02.csv","logger":"task.stdout"}
{"timestamp":"2026-02-15T16:54:52.879291Z","level":"error","event":"Task killed!","logger":"task"}
