{"timestamp":"2026-02-19T14:50:45.533395Z","level":"error","event":"Failed to import plugin /opt/airflow/plugins/auxi/cnpj_functions.py","logger":"airflow.plugins_manager","filename":"plugins_manager.py","lineno":298,"error_detail":[{"exc_type":"AirflowNotFoundException","exc_value":"The conn_id `gcs_default` isn't defined","exc_notes":[],"syntax_error":null,"is_cause":false,"frames":[{"filename":"/home/airflow/.local/lib/python3.12/site-packages/airflow/plugins_manager.py","lineno":291,"name":"load_plugins_from_plugin_directory"},{"filename":"<frozen importlib._bootstrap_external>","lineno":999,"name":"exec_module"},{"filename":"<frozen importlib._bootstrap>","lineno":488,"name":"_call_with_frames_removed"},{"filename":"/opt/airflow/plugins/auxi/cnpj_functions.py","lineno":9,"name":"<module>"},{"filename":"/home/airflow/.local/lib/python3.12/site-packages/airflow/providers/google/common/hooks/base_google.py","lineno":283,"name":"__init__"},{"filename":"/home/airflow/.local/lib/python3.12/site-packages/airflow/sdk/bases/hook.py","lineno":61,"name":"get_connection"},{"filename":"/home/airflow/.local/lib/python3.12/site-packages/airflow/sdk/definitions/connection.py","lineno":225,"name":"get"},{"filename":"/home/airflow/.local/lib/python3.12/site-packages/airflow/sdk/execution_time/context.py","lineno":174,"name":"_get_connection"}],"is_group":false,"exceptions":[]}]}
{"timestamp":"2026-02-19T14:50:45.542400Z","level":"warning","event":"The `airflow.models.param.Param` attribute is deprecated. Please use `'airflow.sdk.Param'`.","category":"DeprecatedImportWarning","filename":"/opt/airflow/plugins/auxi/dic_param.py","lineno":1,"logger":"py.warnings"}
{"timestamp":"2026-02-19T14:50:45.564926Z","level":"warning","event":"The `airflow.hooks.base.BaseHook` attribute is deprecated. Please use `'airflow.sdk.bases.hook.BaseHook'`.","category":"DeprecatedImportWarning","filename":"/opt/airflow/plugins/hooks/pgdas_hook.py","lineno":1,"logger":"py.warnings"}
{"timestamp":"2026-02-19T14:50:45.594441Z","level":"warning","event":"Using Variable.get from `airflow.models` is deprecated.Please use `get` on Variable from sdk(`airflow.sdk.Variable`) instead","category":"DeprecationWarning","filename":"/home/airflow/.local/lib/python3.12/site-packages/airflow/models/variable.py","lineno":151,"logger":"py.warnings"}
{"timestamp":"2026-02-19T14:50:45.635773Z","level":"warning","event":"Connection schemes (type: google_cloud_platform) shall not contain '_' according to RFC3986.","logger":"airflow.sdk.definitions.connection","filename":"connection.py","lineno":130}
{"timestamp":"2026-02-19T14:50:45.720700Z","level":"warning","event":"The `airflow.hooks.base.BaseHook` attribute is deprecated. Please use `'airflow.sdk.bases.hook.BaseHook'`.","category":"DeprecatedImportWarning","filename":"/opt/airflow/plugins/hooks/pgdas_hook.py","lineno":1,"logger":"py.warnings"}
{"timestamp":"2026-02-19T14:50:45.757841Z","level":"info","event":"DAG bundles loaded: dags-folder, example_dags","logger":"airflow.dag_processing.bundles.manager.DagBundlesManager","filename":"manager.py","lineno":179}
{"timestamp":"2026-02-19T14:50:45.758849Z","level":"info","event":"Filling up the DagBag from /opt/airflow/dags/pipeline_pgdas_1.py","logger":"airflow.models.dagbag.BundleDagBag","filename":"dagbag.py","lineno":593}
{"timestamp":"2026-02-19T14:50:49.433676Z","level":"warning","event":"Connection schemes (type: google_cloud_platform) shall not contain '_' according to RFC3986.","logger":"airflow.sdk.definitions.connection","filename":"connection.py","lineno":130}
{"timestamp":"2026-02-19T14:50:49.492396Z","level":"warning","event":"The `airflow.decorators.dag` attribute is deprecated. Please use `'airflow.sdk.dag'`.","category":"DeprecatedImportWarning","filename":"/opt/airflow/dags/pipeline_pgdas_1.py","lineno":5,"logger":"py.warnings"}
{"timestamp":"2026-02-19T14:50:49.492525Z","level":"warning","event":"The `airflow.decorators.task` attribute is deprecated. Please use `'airflow.sdk.task'`.","category":"DeprecatedImportWarning","filename":"/opt/airflow/dags/pipeline_pgdas_1.py","lineno":5,"logger":"py.warnings"}
{"timestamp":"2026-02-19T14:50:49.492593Z","level":"warning","event":"The `airflow.operators.empty.EmptyOperator` attribute is deprecated. Please use `'airflow.providers.standard.operators.empty.EmptyOperator'`.","category":"DeprecatedImportWarning","filename":"/opt/airflow/dags/pipeline_pgdas_1.py","lineno":6,"logger":"py.warnings"}
{"timestamp":"2026-02-19T14:50:49.492658Z","level":"warning","event":"The `airflow.models.param.Param` attribute is deprecated. Please use `'airflow.sdk.Param'`.","category":"DeprecatedImportWarning","filename":"/opt/airflow/dags/pipeline_pgdas_1.py","lineno":7,"logger":"py.warnings"}
{"timestamp":"2026-02-19T14:50:49.492715Z","level":"warning","event":"The `airflow.models.param.ParamsDict` attribute is deprecated. Please use `'airflow.sdk.definitions.param.ParamsDict'`.","category":"DeprecatedImportWarning","filename":"/opt/airflow/dags/pipeline_pgdas_1.py","lineno":7,"logger":"py.warnings"}
{"timestamp":"2026-02-19T14:50:49.492769Z","level":"warning","event":"The `airflow.models.baseoperator.chain` attribute is deprecated. Please use `'airflow.sdk.bases.operator.chain'`.","category":"DeprecatedImportWarning","filename":"/opt/airflow/dags/pipeline_pgdas_1.py","lineno":8,"logger":"py.warnings"}
{"timestamp":"2026-02-19T14:50:49.516405Z","level":"info","event":"Task instance is in running state","logger":"task.stdout"}
{"timestamp":"2026-02-19T14:50:49.516785Z","level":"info","event":" Previous state of the Task instance: TaskInstanceState.QUEUED","logger":"task.stdout"}
{"timestamp":"2026-02-19T14:50:49.521962Z","level":"info","event":"Current task name:salvar_parametros_nas_variaveis","logger":"task.stdout"}
{"timestamp":"2026-02-19T14:50:49.522335Z","level":"info","event":"Dag name:PGDAs_ELT_1","logger":"task.stdout"}
{"timestamp":"2026-02-19T14:50:49.523131Z","level":"warning","event":"Using Variable.set from `airflow.models` is deprecated.Please use `set` on Variable from sdk(`airflow.sdk.Variable`) instead","category":"DeprecationWarning","filename":"/home/airflow/.local/lib/python3.12/site-packages/airflow/models/variable.py","lineno":208,"logger":"py.warnings"}
{"timestamp":"2026-02-19T14:50:49.531954Z","level":"info","event":"💾 PARÂMETROS SALVOS PARA DAG 2:","logger":"task.stdout"}
{"timestamp":"2026-02-19T14:50:49.532311Z","level":"info","event":"   BUCKET_NAME: k8s-dataita","logger":"task.stdout"}
{"timestamp":"2026-02-19T14:50:49.532567Z","level":"info","event":"   Usuário: José Nélio","logger":"task.stdout"}
{"timestamp":"2026-02-19T14:50:49.531996Z","level":"info","event":"Done. Returned value was: {'BUCKET_NAME': 'k8s-dataita', 'ultima_execucao_manual': '2026-02-19T14:50:30+00:00', 'usuario': 'José Nélio'}","logger":"airflow.task.operators.airflow.providers.standard.decorators.python._PythonDecoratedOperator","filename":"python.py","lineno":230}
{"timestamp":"2026-02-19T14:50:49.532225Z","level":"info","event":"Pushing xcom","ti":"RuntimeTaskInstance(id=UUID('019c7661-94cc-7e5e-840a-3c137b2b7e62'), task_id='salvar_parametros_nas_variaveis', dag_id='PGDAs_ELT_1', run_id='manual__2026-02-19T14:50:32.498329+00:00', try_number=1, dag_version_id=UUID('019c7661-3f68-7eac-a3df-28e0ed85d413'), map_index=-1, hostname='a1f81e62663d', context_carrier={}, task=<Task(_PythonDecoratedOperator): salvar_parametros_nas_variaveis>, bundle_instance=LocalDagBundle(name=dags-folder), max_tries=3, start_date=datetime.datetime(2026, 2, 19, 14, 50, 33, 173226, tzinfo=datetime.timezone.utc), end_date=None, state=<TaskInstanceState.RUNNING: 'running'>, is_mapped=False, rendered_map_index=None)","logger":"task","filename":"task_runner.py","lineno":1522}
{"timestamp":"2026-02-19T14:50:49.560711Z","level":"info","event":"Task instance in success state","logger":"task.stdout"}
{"timestamp":"2026-02-19T14:50:49.561140Z","level":"info","event":" Previous state of the Task instance: TaskInstanceState.RUNNING","logger":"task.stdout"}
{"timestamp":"2026-02-19T14:50:49.566959Z","level":"info","event":"Task operator:<Task(_PythonDecoratedOperator): salvar_parametros_nas_variaveis>","logger":"task.stdout"}
