{"timestamp":"2026-02-15T17:36:23.174539Z","level":"info","event":"DAG bundles loaded: dags-folder, example_dags","logger":"airflow.dag_processing.bundles.manager.DagBundlesManager","filename":"manager.py","lineno":179}
{"timestamp":"2026-02-15T17:36:23.176959Z","level":"info","event":"Filling up the DagBag from /opt/airflow/dags/cinema_2026.py","logger":"airflow.models.dagbag.BundleDagBag","filename":"dagbag.py","lineno":593}
{"timestamp":"2026-02-15T17:36:23.228082Z","level":"warning","event":"The `airflow.decorators.dag` attribute is deprecated. Please use `'airflow.sdk.dag'`.","category":"DeprecatedImportWarning","filename":"/opt/airflow/dags/cinema_2026.py","lineno":1,"logger":"py.warnings"}
{"timestamp":"2026-02-15T17:36:23.228253Z","level":"warning","event":"The `airflow.decorators.task` attribute is deprecated. Please use `'airflow.sdk.task'`.","category":"DeprecatedImportWarning","filename":"/opt/airflow/dags/cinema_2026.py","lineno":1,"logger":"py.warnings"}
{"timestamp":"2026-02-15T17:36:23.228323Z","level":"warning","event":"The `airflow.operators.python.PythonOperator` attribute is deprecated. Please use `'airflow.providers.standard.operators.python.PythonOperator'`.","category":"DeprecatedImportWarning","filename":"/opt/airflow/dags/cinema_2026.py","lineno":4,"logger":"py.warnings"}
{"timestamp":"2026-02-15T17:36:23.228382Z","level":"warning","event":"The `airflow.operators.empty.EmptyOperator` attribute is deprecated. Please use `'airflow.providers.standard.operators.empty.EmptyOperator'`.","category":"DeprecatedImportWarning","filename":"/opt/airflow/dags/cinema_2026.py","lineno":5,"logger":"py.warnings"}
{"timestamp":"2026-02-15T17:36:23.276513Z","level":"info","event":"Task instance is in running state","logger":"task.stdout"}
{"timestamp":"2026-02-15T17:36:23.276932Z","level":"info","event":" Previous state of the Task instance: TaskInstanceState.QUEUED","logger":"task.stdout"}
{"timestamp":"2026-02-15T17:36:23.277213Z","level":"info","event":"Current task name:unzip_file","logger":"task.stdout"}
{"timestamp":"2026-02-15T17:36:23.277537Z","level":"info","event":"Dag name:dag_cinema","logger":"task.stdout"}
{"timestamp":"2026-02-15T17:36:23.305273Z","level":"info","event":"Extraído: bilheteria-diaria-obras-por-exibidoras-2014-06-s01.csv","logger":"task.stdout"}
{"timestamp":"2026-02-15T17:36:23.310652Z","level":"info","event":"Extraído: bilheteria-diaria-obras-por-exibidoras-2014-06-s02.csv","logger":"task.stdout"}
{"timestamp":"2026-02-15T17:36:23.317168Z","level":"info","event":"Extraído: bilheteria-diaria-obras-por-exibidoras-2014-06-s03.csv","logger":"task.stdout"}
{"timestamp":"2026-02-15T17:36:23.322191Z","level":"info","event":"Extraído: bilheteria-diaria-obras-por-exibidoras-2014-06-s04.csv","logger":"task.stdout"}
{"timestamp":"2026-02-15T17:36:23.328648Z","level":"info","event":"Extraído: bilheteria-diaria-obras-por-exibidoras-2014-06-s05.csv","logger":"task.stdout"}
{"timestamp":"2026-02-15T17:36:23.334376Z","level":"info","event":"Extraído: bilheteria-diaria-obras-por-exibidoras-2014-07-s01.csv","logger":"task.stdout"}
{"timestamp":"2026-02-15T17:36:23.340070Z","level":"info","event":"Extraído: bilheteria-diaria-obras-por-exibidoras-2014-07-s02.csv","logger":"task.stdout"}
{"timestamp":"2026-02-15T17:36:23.345262Z","level":"info","event":"Extraído: bilheteria-diaria-obras-por-exibidoras-2015-05-s02.csv","logger":"task.stdout"}
{"timestamp":"2026-02-15T17:36:23.350333Z","level":"info","event":"Extraído: bilheteria-diaria-obras-por-exibidoras-2015-05-s03.csv","logger":"task.stdout"}
{"timestamp":"2026-02-15T17:36:23.356268Z","level":"info","event":"Extraído: bilheteria-diaria-obras-por-exibidoras-2015-05-s04.csv","logger":"task.stdout"}
{"timestamp":"2026-02-15T17:36:23.361204Z","level":"info","event":"Extraído: bilheteria-diaria-obras-por-exibidoras-2015-05-s05.csv","logger":"task.stdout"}
{"timestamp":"2026-02-15T17:36:23.367046Z","level":"info","event":"Extraído: bilheteria-diaria-obras-por-exibidoras-2015-06-s01.csv","logger":"task.stdout"}
{"timestamp":"2026-02-15T17:36:23.372075Z","level":"info","event":"Extraído: bilheteria-diaria-obras-por-exibidoras-2015-06-s02.csv","logger":"task.stdout"}
{"timestamp":"2026-02-15T17:36:23.377303Z","level":"info","event":"Extraído: bilheteria-diaria-obras-por-exibidoras-2015-06-s03.csv","logger":"task.stdout"}
{"timestamp":"2026-02-15T17:36:23.382333Z","level":"info","event":"Extraído: bilheteria-diaria-obras-por-exibidoras-2015-06-s04.csv","logger":"task.stdout"}
{"timestamp":"2026-02-15T17:36:23.387527Z","level":"info","event":"Extraído: bilheteria-diaria-obras-por-exibidoras-2015-06-s05.csv","logger":"task.stdout"}
{"timestamp":"2026-02-15T17:36:23.394100Z","level":"info","event":"Extraído: bilheteria-diaria-obras-por-exibidoras-2015-07-s01.csv","logger":"task.stdout"}
{"timestamp":"2026-02-15T17:36:23.399655Z","level":"info","event":"Extraído: bilheteria-diaria-obras-por-exibidoras-2015-07-s02.csv","logger":"task.stdout"}
{"timestamp":"2026-02-15T17:36:23.404882Z","level":"info","event":"Extraído: bilheteria-diaria-obras-por-exibidoras-2015-12-s03.csv","logger":"task.stdout"}
{"timestamp":"2026-02-15T17:36:23.410461Z","level":"info","event":"Extraído: bilheteria-diaria-obras-por-exibidoras-2015-12-s04.csv","logger":"task.stdout"}
{"timestamp":"2026-02-15T17:36:23.415464Z","level":"info","event":"Extraído: bilheteria-diaria-obras-por-exibidoras-2015-12-s05.csv","logger":"task.stdout"}
{"timestamp":"2026-02-15T17:36:23.422530Z","level":"info","event":"Extraído: bilheteria-diaria-obras-por-exibidoras-2016-01-s01.csv","logger":"task.stdout"}
{"timestamp":"2026-02-15T17:36:23.428093Z","level":"info","event":"Extraído: bilheteria-diaria-obras-por-exibidoras-2016-01-s02.csv","logger":"task.stdout"}
{"timestamp":"2026-02-15T17:36:23.434387Z","level":"info","event":"Extraído: bilheteria-diaria-obras-por-exibidoras-2016-01-s03.csv","logger":"task.stdout"}
{"timestamp":"2026-02-15T17:36:23.439939Z","level":"info","event":"Extraído: bilheteria-diaria-obras-por-exibidoras-2016-01-s04.csv","logger":"task.stdout"}
{"timestamp":"2026-02-15T17:36:23.445643Z","level":"info","event":"Extraído: bilheteria-diaria-obras-por-exibidoras-2016-01-s05.csv","logger":"task.stdout"}
{"timestamp":"2026-02-15T17:36:23.451490Z","level":"info","event":"Extraído: bilheteria-diaria-obras-por-exibidoras-2016-02-s01.csv","logger":"task.stdout"}
{"timestamp":"2026-02-15T17:36:23.456942Z","level":"info","event":"Extraído: bilheteria-diaria-obras-por-exibidoras-2016-02-s02.csv","logger":"task.stdout"}
{"timestamp":"2026-02-15T17:36:23.463802Z","level":"info","event":"Extraído: bilheteria-diaria-obras-por-exibidoras-2016-02-s03.csv","logger":"task.stdout"}
{"timestamp":"2026-02-15T17:36:23.470103Z","level":"info","event":"Extraído: bilheteria-diaria-obras-por-exibidoras-2016-02-s04.csv","logger":"task.stdout"}
{"timestamp":"2026-02-15T17:36:23.475850Z","level":"info","event":"Extraído: bilheteria-diaria-obras-por-exibidoras-2016-02-s05.csv","logger":"task.stdout"}
{"timestamp":"2026-02-15T17:36:23.481961Z","level":"info","event":"Extraído: bilheteria-diaria-obras-por-exibidoras-2016-03-s01.csv","logger":"task.stdout"}
{"timestamp":"2026-02-15T17:36:23.488911Z","level":"info","event":"Extraído: bilheteria-diaria-obras-por-exibidoras-2016-03-s02.csv","logger":"task.stdout"}
{"timestamp":"2026-02-15T17:36:23.494666Z","level":"info","event":"Extraído: bilheteria-diaria-obras-por-exibidoras-2016-03-s03.csv","logger":"task.stdout"}
{"timestamp":"2026-02-15T17:36:23.501145Z","level":"info","event":"Extraído: bilheteria-diaria-obras-por-exibidoras-2016-03-s04.csv","logger":"task.stdout"}
{"timestamp":"2026-02-15T17:36:23.507264Z","level":"info","event":"Extraído: bilheteria-diaria-obras-por-exibidoras-2016-03-s05.csv","logger":"task.stdout"}
{"timestamp":"2026-02-15T17:36:23.513118Z","level":"info","event":"Extraído: bilheteria-diaria-obras-por-exibidoras-2016-04-s01.csv","logger":"task.stdout"}
{"timestamp":"2026-02-15T17:36:23.519109Z","level":"info","event":"Extraído: bilheteria-diaria-obras-por-exibidoras-2016-04-s02.csv","logger":"task.stdout"}
{"timestamp":"2026-02-15T17:36:23.525125Z","level":"info","event":"Extraído: bilheteria-diaria-obras-por-exibidoras-2016-04-s03.csv","logger":"task.stdout"}
{"timestamp":"2026-02-15T17:36:23.531190Z","level":"info","event":"Extraído: bilheteria-diaria-obras-por-exibidoras-2016-04-s04.csv","logger":"task.stdout"}
{"timestamp":"2026-02-15T17:36:23.536456Z","level":"info","event":"Extraído: bilheteria-diaria-obras-por-exibidoras-2016-04-s05.csv","logger":"task.stdout"}
{"timestamp":"2026-02-15T17:36:23.542916Z","level":"info","event":"Extraído: bilheteria-diaria-obras-por-exibidoras-2016-05-s01.csv","logger":"task.stdout"}
{"timestamp":"2026-02-15T17:36:23.549071Z","level":"info","event":"Extraído: bilheteria-diaria-obras-por-exibidoras-2016-05-s02.csv","logger":"task.stdout"}
{"timestamp":"2026-02-15T17:36:23.555672Z","level":"info","event":"Extraído: bilheteria-diaria-obras-por-exibidoras-2016-05-s03.csv","logger":"task.stdout"}
{"timestamp":"2026-02-15T17:36:23.561565Z","level":"info","event":"Extraído: bilheteria-diaria-obras-por-exibidoras-2016-05-s04.csv","logger":"task.stdout"}
{"timestamp":"2026-02-15T17:36:23.567838Z","level":"info","event":"Extraído: bilheteria-diaria-obras-por-exibidoras-2016-05-s05.csv","logger":"task.stdout"}
{"timestamp":"2026-02-15T17:36:23.576030Z","level":"info","event":"Extraído: bilheteria-diaria-obras-por-exibidoras-2016-06-s01.csv","logger":"task.stdout"}
{"timestamp":"2026-02-15T17:36:23.583770Z","level":"info","event":"Extraído: bilheteria-diaria-obras-por-exibidoras-2016-06-s02.csv","logger":"task.stdout"}
{"timestamp":"2026-02-15T17:36:23.592617Z","level":"info","event":"Extraído: bilheteria-diaria-obras-por-exibidoras-2016-06-s03.csv","logger":"task.stdout"}
{"timestamp":"2026-02-15T17:36:23.601525Z","level":"info","event":"Extraído: bilheteria-diaria-obras-por-exibidoras-2016-06-s04.csv","logger":"task.stdout"}
{"timestamp":"2026-02-15T17:36:23.608124Z","level":"info","event":"Extraído: bilheteria-diaria-obras-por-exibidoras-2016-06-s05.csv","logger":"task.stdout"}
{"timestamp":"2026-02-15T17:36:23.623431Z","level":"info","event":"Extraído: bilheteria-diaria-obras-por-exibidoras-2016-07-s01.csv","logger":"task.stdout"}
{"timestamp":"2026-02-15T17:36:23.646333Z","level":"info","event":"Extraído: bilheteria-diaria-obras-por-exibidoras-2016-07-s02.csv","logger":"task.stdout"}
{"timestamp":"2026-02-15T17:36:23.671548Z","level":"info","event":"Extraído: bilheteria-diaria-obras-por-exibidoras-2016-07-s03.csv","logger":"task.stdout"}
{"timestamp":"2026-02-15T17:36:23.751184Z","level":"info","event":"Extraído: bilheteria-diaria-obras-por-exibidoras-2016-07-s04.csv","logger":"task.stdout"}
{"timestamp":"2026-02-15T17:36:23.856130Z","level":"info","event":"Extraído: bilheteria-diaria-obras-por-exibidoras-2016-07-s05.csv","logger":"task.stdout"}
{"timestamp":"2026-02-15T17:36:24.082148Z","level":"info","event":"Extraído: bilheteria-diaria-obras-por-exibidoras-2016-08-s01.csv","logger":"task.stdout"}
{"timestamp":"2026-02-15T17:36:24.310266Z","level":"info","event":"Extraído: bilheteria-diaria-obras-por-exibidoras-2016-08-s02.csv","logger":"task.stdout"}
{"timestamp":"2026-02-15T17:36:24.558313Z","level":"info","event":"Extraído: bilheteria-diaria-obras-por-exibidoras-2016-08-s03.csv","logger":"task.stdout"}
{"timestamp":"2026-02-15T17:36:24.805750Z","level":"info","event":"Extraído: bilheteria-diaria-obras-por-exibidoras-2016-08-s04.csv","logger":"task.stdout"}
{"timestamp":"2026-02-15T17:36:24.915470Z","level":"info","event":"Extraído: bilheteria-diaria-obras-por-exibidoras-2016-08-s05.csv","logger":"task.stdout"}
{"timestamp":"2026-02-15T17:36:25.159215Z","level":"info","event":"Extraído: bilheteria-diaria-obras-por-exibidoras-2016-09-s01.csv","logger":"task.stdout"}
{"timestamp":"2026-02-15T17:36:25.430530Z","level":"info","event":"Extraído: bilheteria-diaria-obras-por-exibidoras-2016-09-s02.csv","logger":"task.stdout"}
{"timestamp":"2026-02-15T17:36:25.705821Z","level":"info","event":"Extraído: bilheteria-diaria-obras-por-exibidoras-2016-09-s03.csv","logger":"task.stdout"}
{"timestamp":"2026-02-15T17:36:25.990604Z","level":"info","event":"Extraído: bilheteria-diaria-obras-por-exibidoras-2016-09-s04.csv","logger":"task.stdout"}
{"timestamp":"2026-02-15T17:36:26.087443Z","level":"info","event":"Extraído: bilheteria-diaria-obras-por-exibidoras-2016-09-s05.csv","logger":"task.stdout"}
{"timestamp":"2026-02-15T17:36:26.402993Z","level":"info","event":"Extraído: bilheteria-diaria-obras-por-exibidoras-2016-10-s01.csv","logger":"task.stdout"}
{"timestamp":"2026-02-15T17:36:26.694223Z","level":"info","event":"Extraído: bilheteria-diaria-obras-por-exibidoras-2016-10-s02.csv","logger":"task.stdout"}
{"timestamp":"2026-02-15T17:36:26.971891Z","level":"info","event":"Extraído: bilheteria-diaria-obras-por-exibidoras-2016-10-s03.csv","logger":"task.stdout"}
{"timestamp":"2026-02-15T17:36:27.225978Z","level":"info","event":"Extraído: bilheteria-diaria-obras-por-exibidoras-2016-10-s04.csv","logger":"task.stdout"}
{"timestamp":"2026-02-15T17:36:27.338692Z","level":"info","event":"Extraído: bilheteria-diaria-obras-por-exibidoras-2016-10-s05.csv","logger":"task.stdout"}
{"timestamp":"2026-02-15T17:36:27.601179Z","level":"info","event":"Extraído: bilheteria-diaria-obras-por-exibidoras-2016-11-s01.csv","logger":"task.stdout"}
{"timestamp":"2026-02-15T17:36:27.896364Z","level":"info","event":"Extraído: bilheteria-diaria-obras-por-exibidoras-2016-11-s02.csv","logger":"task.stdout"}
{"timestamp":"2026-02-15T17:36:28.214533Z","level":"info","event":"Extraído: bilheteria-diaria-obras-por-exibidoras-2016-11-s03.csv","logger":"task.stdout"}
{"timestamp":"2026-02-15T17:36:28.628857Z","level":"info","event":"Extraído: bilheteria-diaria-obras-por-exibidoras-2016-11-s04.csv","logger":"task.stdout"}
{"timestamp":"2026-02-15T17:36:28.729797Z","level":"info","event":"Extraído: bilheteria-diaria-obras-por-exibidoras-2016-11-s05.csv","logger":"task.stdout"}
{"timestamp":"2026-02-15T17:36:29.105827Z","level":"info","event":"Extraído: bilheteria-diaria-obras-por-exibidoras-2016-12-s01.csv","logger":"task.stdout"}
{"timestamp":"2026-02-15T17:36:29.583350Z","level":"info","event":"Extraído: bilheteria-diaria-obras-por-exibidoras-2016-12-s02.csv","logger":"task.stdout"}
{"timestamp":"2026-02-15T17:36:29.982784Z","level":"info","event":"Extraído: bilheteria-diaria-obras-por-exibidoras-2016-12-s03.csv","logger":"task.stdout"}
{"timestamp":"2026-02-15T17:36:30.372848Z","level":"info","event":"Extraído: bilheteria-diaria-obras-por-exibidoras-2016-12-s04.csv","logger":"task.stdout"}
{"timestamp":"2026-02-15T17:36:30.488778Z","level":"info","event":"Extraído: bilheteria-diaria-obras-por-exibidoras-2016-12-s05.csv","logger":"task.stdout"}
{"timestamp":"2026-02-15T17:36:30.829903Z","level":"info","event":"Extraído: bilheteria-diaria-obras-por-exibidoras-2017-01-s01.csv","logger":"task.stdout"}
{"timestamp":"2026-02-15T17:36:31.210687Z","level":"info","event":"Extraído: bilheteria-diaria-obras-por-exibidoras-2017-01-s02.csv","logger":"task.stdout"}
{"timestamp":"2026-02-15T17:36:31.579668Z","level":"info","event":"Extraído: bilheteria-diaria-obras-por-exibidoras-2017-01-s03.csv","logger":"task.stdout"}
{"timestamp":"2026-02-15T17:36:31.984385Z","level":"info","event":"Extraído: bilheteria-diaria-obras-por-exibidoras-2017-01-s04.csv","logger":"task.stdout"}
{"timestamp":"2026-02-15T17:36:32.161315Z","level":"info","event":"Extraído: bilheteria-diaria-obras-por-exibidoras-2017-01-s05.csv","logger":"task.stdout"}
{"timestamp":"2026-02-15T17:36:32.550526Z","level":"info","event":"Extraído: bilheteria-diaria-obras-por-exibidoras-2017-02-s01.csv","logger":"task.stdout"}
{"timestamp":"2026-02-15T17:36:32.858981Z","level":"info","event":"Extraído: bilheteria-diaria-obras-por-exibidoras-2017-02-s02.csv","logger":"task.stdout"}
{"timestamp":"2026-02-15T17:36:33.154303Z","level":"info","event":"Extraído: bilheteria-diaria-obras-por-exibidoras-2017-02-s03.csv","logger":"task.stdout"}
{"timestamp":"2026-02-15T17:36:33.429172Z","level":"info","event":"Extraído: bilheteria-diaria-obras-por-exibidoras-2017-02-s04.csv","logger":"task.stdout"}
{"timestamp":"2026-02-15T17:36:33.689004Z","level":"info","event":"Extraído: bilheteria-diaria-obras-por-exibidoras-2017-03-s01.csv","logger":"task.stdout"}
{"timestamp":"2026-02-15T17:36:33.946708Z","level":"info","event":"Extraído: bilheteria-diaria-obras-por-exibidoras-2017-03-s02.csv","logger":"task.stdout"}
{"timestamp":"2026-02-15T17:36:34.198623Z","level":"info","event":"Extraído: bilheteria-diaria-obras-por-exibidoras-2017-03-s03.csv","logger":"task.stdout"}
{"timestamp":"2026-02-15T17:36:34.470569Z","level":"info","event":"Extraído: bilheteria-diaria-obras-por-exibidoras-2017-03-s04.csv","logger":"task.stdout"}
{"timestamp":"2026-02-15T17:36:34.595356Z","level":"info","event":"Extraído: bilheteria-diaria-obras-por-exibidoras-2017-03-s05.csv","logger":"task.stdout"}
{"timestamp":"2026-02-15T17:36:34.865397Z","level":"info","event":"Extraído: bilheteria-diaria-obras-por-exibidoras-2017-04-s01.csv","logger":"task.stdout"}
{"timestamp":"2026-02-15T17:36:35.169118Z","level":"info","event":"Extraído: bilheteria-diaria-obras-por-exibidoras-2017-04-s02.csv","logger":"task.stdout"}
{"timestamp":"2026-02-15T17:36:35.591230Z","level":"info","event":"Extraído: bilheteria-diaria-obras-por-exibidoras-2017-04-s03.csv","logger":"task.stdout"}
{"timestamp":"2026-02-15T17:36:35.856593Z","level":"info","event":"Extraído: bilheteria-diaria-obras-por-exibidoras-2017-04-s04.csv","logger":"task.stdout"}
{"timestamp":"2026-02-15T17:36:35.938930Z","level":"info","event":"Extraído: bilheteria-diaria-obras-por-exibidoras-2017-04-s05.csv","logger":"task.stdout"}
{"timestamp":"2026-02-15T17:36:36.203137Z","level":"info","event":"Extraído: bilheteria-diaria-obras-por-exibidoras-2017-05-s01.csv","logger":"task.stdout"}
{"timestamp":"2026-02-15T17:36:36.485388Z","level":"info","event":"Extraído: bilheteria-diaria-obras-por-exibidoras-2017-05-s02.csv","logger":"task.stdout"}
{"timestamp":"2026-02-15T17:36:36.746036Z","level":"info","event":"Extraído: bilheteria-diaria-obras-por-exibidoras-2017-05-s03.csv","logger":"task.stdout"}
{"timestamp":"2026-02-15T17:36:37.028783Z","level":"info","event":"Extraído: bilheteria-diaria-obras-por-exibidoras-2017-05-s04.csv","logger":"task.stdout"}
{"timestamp":"2026-02-15T17:36:37.149319Z","level":"info","event":"Extraído: bilheteria-diaria-obras-por-exibidoras-2017-05-s05.csv","logger":"task.stdout"}
{"timestamp":"2026-02-15T17:36:37.434297Z","level":"info","event":"Extraído: bilheteria-diaria-obras-por-exibidoras-2017-06-s01.csv","logger":"task.stdout"}
{"timestamp":"2026-02-15T17:36:37.713301Z","level":"info","event":"Extraído: bilheteria-diaria-obras-por-exibidoras-2017-06-s02.csv","logger":"task.stdout"}
{"timestamp":"2026-02-15T17:36:37.980291Z","level":"info","event":"Extraído: bilheteria-diaria-obras-por-exibidoras-2017-06-s03.csv","logger":"task.stdout"}
{"timestamp":"2026-02-15T17:36:38.226785Z","level":"info","event":"Extraído: bilheteria-diaria-obras-por-exibidoras-2017-06-s04.csv","logger":"task.stdout"}
{"timestamp":"2026-02-15T17:36:38.316944Z","level":"info","event":"Extraído: bilheteria-diaria-obras-por-exibidoras-2017-06-s05.csv","logger":"task.stdout"}
{"timestamp":"2026-02-15T17:36:38.624423Z","level":"info","event":"Extraído: bilheteria-diaria-obras-por-exibidoras-2017-07-s01.csv","logger":"task.stdout"}
{"timestamp":"2026-02-15T17:36:38.941174Z","level":"info","event":"Extraído: bilheteria-diaria-obras-por-exibidoras-2017-07-s02.csv","logger":"task.stdout"}
{"timestamp":"2026-02-15T17:36:39.245397Z","level":"info","event":"Extraído: bilheteria-diaria-obras-por-exibidoras-2017-07-s03.csv","logger":"task.stdout"}
{"timestamp":"2026-02-15T17:36:39.557694Z","level":"info","event":"Extraído: bilheteria-diaria-obras-por-exibidoras-2017-07-s04.csv","logger":"task.stdout"}
{"timestamp":"2026-02-15T17:36:39.714237Z","level":"info","event":"Extraído: bilheteria-diaria-obras-por-exibidoras-2017-07-s05.csv","logger":"task.stdout"}
{"timestamp":"2026-02-15T17:36:39.993731Z","level":"info","event":"Extraído: bilheteria-diaria-obras-por-exibidoras-2017-08-s01.csv","logger":"task.stdout"}
{"timestamp":"2026-02-15T17:36:40.351060Z","level":"info","event":"Extraído: bilheteria-diaria-obras-por-exibidoras-2017-08-s02.csv","logger":"task.stdout"}
{"timestamp":"2026-02-15T17:36:40.645006Z","level":"info","event":"Extraído: bilheteria-diaria-obras-por-exibidoras-2017-08-s03.csv","logger":"task.stdout"}
{"timestamp":"2026-02-15T17:36:40.944430Z","level":"info","event":"Extraído: bilheteria-diaria-obras-por-exibidoras-2017-08-s04.csv","logger":"task.stdout"}
{"timestamp":"2026-02-15T17:36:41.065277Z","level":"info","event":"Extraído: bilheteria-diaria-obras-por-exibidoras-2017-08-s05.csv","logger":"task.stdout"}
{"timestamp":"2026-02-15T17:36:41.362525Z","level":"info","event":"Extraído: bilheteria-diaria-obras-por-exibidoras-2017-09-s01.csv","logger":"task.stdout"}
{"timestamp":"2026-02-15T17:36:41.634063Z","level":"info","event":"Extraído: bilheteria-diaria-obras-por-exibidoras-2017-09-s02.csv","logger":"task.stdout"}
{"timestamp":"2026-02-15T17:36:41.950688Z","level":"info","event":"Extraído: bilheteria-diaria-obras-por-exibidoras-2017-09-s03.csv","logger":"task.stdout"}
{"timestamp":"2026-02-15T17:36:42.209772Z","level":"info","event":"Extraído: bilheteria-diaria-obras-por-exibidoras-2017-09-s04.csv","logger":"task.stdout"}
{"timestamp":"2026-02-15T17:36:42.294358Z","level":"info","event":"Extraído: bilheteria-diaria-obras-por-exibidoras-2017-09-s05.csv","logger":"task.stdout"}
{"timestamp":"2026-02-15T17:36:42.563043Z","level":"info","event":"Extraído: bilheteria-diaria-obras-por-exibidoras-2017-10-s01.csv","logger":"task.stdout"}
{"timestamp":"2026-02-15T17:36:42.844128Z","level":"info","event":"Extraído: bilheteria-diaria-obras-por-exibidoras-2017-10-s02.csv","logger":"task.stdout"}
{"timestamp":"2026-02-15T17:36:43.153734Z","level":"info","event":"Extraído: bilheteria-diaria-obras-por-exibidoras-2017-10-s03.csv","logger":"task.stdout"}
{"timestamp":"2026-02-15T17:36:43.437220Z","level":"info","event":"Extraído: bilheteria-diaria-obras-por-exibidoras-2017-10-s04.csv","logger":"task.stdout"}
{"timestamp":"2026-02-15T17:36:43.558301Z","level":"info","event":"Extraído: bilheteria-diaria-obras-por-exibidoras-2017-10-s05.csv","logger":"task.stdout"}
{"timestamp":"2026-02-15T17:36:43.832916Z","level":"info","event":"Extraído: bilheteria-diaria-obras-por-exibidoras-2017-11-s01.csv","logger":"task.stdout"}
{"timestamp":"2026-02-15T17:36:43.852905Z","level":"error","event":"Server indicated the task shouldn't be running anymore. Terminating process","detail":{"detail":{"reason":"not_running","message":"TI is no longer in the running state and task should terminate","current_state":"failed"}},"logger":"task"}
{"timestamp":"2026-02-15T17:36:44.123001Z","level":"info","event":"Extraído: bilheteria-diaria-obras-por-exibidoras-2017-11-s02.csv","logger":"task.stdout"}
{"timestamp":"2026-02-15T17:36:44.395299Z","level":"info","event":"Extraído: bilheteria-diaria-obras-por-exibidoras-2017-11-s03.csv","logger":"task.stdout"}
{"timestamp":"2026-02-15T17:36:44.659982Z","level":"info","event":"Extraído: bilheteria-diaria-obras-por-exibidoras-2017-11-s04.csv","logger":"task.stdout"}
{"timestamp":"2026-02-15T17:36:44.736728Z","level":"info","event":"Extraído: bilheteria-diaria-obras-por-exibidoras-2017-11-s05.csv","logger":"task.stdout"}
{"timestamp":"2026-02-15T17:36:45.000283Z","level":"info","event":"Extraído: bilheteria-diaria-obras-por-exibidoras-2017-12-s01.csv","logger":"task.stdout"}
{"timestamp":"2026-02-15T17:36:45.286953Z","level":"info","event":"Extraído: bilheteria-diaria-obras-por-exibidoras-2017-12-s02.csv","logger":"task.stdout"}
{"timestamp":"2026-02-15T17:36:45.560105Z","level":"info","event":"Extraído: bilheteria-diaria-obras-por-exibidoras-2017-12-s03.csv","logger":"task.stdout"}
{"timestamp":"2026-02-15T17:36:45.800378Z","level":"info","event":"Extraído: bilheteria-diaria-obras-por-exibidoras-2017-12-s04.csv","logger":"task.stdout"}
{"timestamp":"2026-02-15T17:36:45.909927Z","level":"info","event":"Extraído: bilheteria-diaria-obras-por-exibidoras-2017-12-s05.csv","logger":"task.stdout"}
{"timestamp":"2026-02-15T17:36:46.239770Z","level":"info","event":"Extraído: bilheteria-diaria-obras-por-exibidoras-2018-01-s01.csv","logger":"task.stdout"}
{"timestamp":"2026-02-15T17:36:46.542700Z","level":"info","event":"Extraído: bilheteria-diaria-obras-por-exibidoras-2018-01-s02.csv","logger":"task.stdout"}
{"timestamp":"2026-02-15T17:36:46.858165Z","level":"info","event":"Extraído: bilheteria-diaria-obras-por-exibidoras-2018-01-s03.csv","logger":"task.stdout"}
{"timestamp":"2026-02-15T17:36:47.191282Z","level":"info","event":"Extraído: bilheteria-diaria-obras-por-exibidoras-2018-01-s04.csv","logger":"task.stdout"}
{"timestamp":"2026-02-15T17:36:47.326473Z","level":"info","event":"Extraído: bilheteria-diaria-obras-por-exibidoras-2018-01-s05.csv","logger":"task.stdout"}
{"timestamp":"2026-02-15T17:36:47.620844Z","level":"info","event":"Extraído: bilheteria-diaria-obras-por-exibidoras-2018-02-s01.csv","logger":"task.stdout"}
{"timestamp":"2026-02-15T17:36:47.913861Z","level":"info","event":"Extraído: bilheteria-diaria-obras-por-exibidoras-2018-02-s02.csv","logger":"task.stdout"}
{"timestamp":"2026-02-15T17:36:48.218609Z","level":"info","event":"Extraído: bilheteria-diaria-obras-por-exibidoras-2018-02-s03.csv","logger":"task.stdout"}
{"timestamp":"2026-02-15T17:36:48.486225Z","level":"info","event":"Extraído: bilheteria-diaria-obras-por-exibidoras-2018-02-s04.csv","logger":"task.stdout"}
{"timestamp":"2026-02-15T17:36:48.772380Z","level":"info","event":"Extraído: bilheteria-diaria-obras-por-exibidoras-2018-03-s01.csv","logger":"task.stdout"}
{"timestamp":"2026-02-15T17:36:53.865449Z","level":"error","event":"Task killed!","logger":"task"}
