{"timestamp":"2026-02-15T20:24:05.174138Z","level":"info","event":"DAG bundles loaded: dags-folder, example_dags","logger":"airflow.dag_processing.bundles.manager.DagBundlesManager","filename":"manager.py","lineno":179}
{"timestamp":"2026-02-15T20:24:05.175640Z","level":"info","event":"Filling up the DagBag from /opt/airflow/dags/cinema_2026.py","logger":"airflow.models.dagbag.BundleDagBag","filename":"dagbag.py","lineno":593}
{"timestamp":"2026-02-15T20:24:05.199712Z","level":"warning","event":"The `airflow.decorators.dag` attribute is deprecated. Please use `'airflow.sdk.dag'`.","category":"DeprecatedImportWarning","filename":"/opt/airflow/dags/cinema_2026.py","lineno":1,"logger":"py.warnings"}
{"timestamp":"2026-02-15T20:24:05.199955Z","level":"warning","event":"The `airflow.decorators.task` attribute is deprecated. Please use `'airflow.sdk.task'`.","category":"DeprecatedImportWarning","filename":"/opt/airflow/dags/cinema_2026.py","lineno":1,"logger":"py.warnings"}
{"timestamp":"2026-02-15T20:24:05.200044Z","level":"warning","event":"The `airflow.operators.python.PythonOperator` attribute is deprecated. Please use `'airflow.providers.standard.operators.python.PythonOperator'`.","category":"DeprecatedImportWarning","filename":"/opt/airflow/dags/cinema_2026.py","lineno":4,"logger":"py.warnings"}
{"timestamp":"2026-02-15T20:24:05.200121Z","level":"warning","event":"The `airflow.operators.empty.EmptyOperator` attribute is deprecated. Please use `'airflow.providers.standard.operators.empty.EmptyOperator'`.","category":"DeprecatedImportWarning","filename":"/opt/airflow/dags/cinema_2026.py","lineno":5,"logger":"py.warnings"}
{"timestamp":"2026-02-15T20:24:05.200212Z","level":"warning","event":"The `airflow.models.param.Param` attribute is deprecated. Please use `'airflow.sdk.Param'`.","category":"DeprecatedImportWarning","filename":"/opt/airflow/dags/cinema_2026.py","lineno":6,"logger":"py.warnings"}
{"timestamp":"2026-02-15T20:24:05.200271Z","level":"warning","event":"The `airflow.models.param.ParamsDict` attribute is deprecated. Please use `'airflow.sdk.definitions.param.ParamsDict'`.","category":"DeprecatedImportWarning","filename":"/opt/airflow/dags/cinema_2026.py","lineno":6,"logger":"py.warnings"}
{"timestamp":"2026-02-15T20:24:05.222863Z","level":"info","event":"Task instance is in running state","logger":"task.stdout"}
{"timestamp":"2026-02-15T20:24:05.223209Z","level":"info","event":" Previous state of the Task instance: TaskInstanceState.QUEUED","logger":"task.stdout"}
{"timestamp":"2026-02-15T20:24:05.226991Z","level":"info","event":"Current task name:unzip_file","logger":"task.stdout"}
{"timestamp":"2026-02-15T20:24:05.227235Z","level":"info","event":"Dag name:dag_cinema","logger":"task.stdout"}
{"timestamp":"2026-02-15T20:24:05.489194Z","level":"info","event":"Extraído: bilheteria-diaria-obras-por-exibidoras-2026-01-s01.csv","logger":"task.stdout"}
{"timestamp":"2026-02-15T20:24:05.752357Z","level":"info","event":"Extraído: bilheteria-diaria-obras-por-exibidoras-2026-01-s02.csv","logger":"task.stdout"}
{"timestamp":"2026-02-15T20:24:06.041389Z","level":"info","event":"Extraído: bilheteria-diaria-obras-por-exibidoras-2026-01-s03.csv","logger":"task.stdout"}
{"timestamp":"2026-02-15T20:24:06.290490Z","level":"info","event":"Extraído: bilheteria-diaria-obras-por-exibidoras-2026-01-s04.csv","logger":"task.stdout"}
{"timestamp":"2026-02-15T20:24:06.413130Z","level":"info","event":"Extraído: bilheteria-diaria-obras-por-exibidoras-2026-01-s05.csv","logger":"task.stdout"}
{"timestamp":"2026-02-15T20:24:06.676786Z","level":"info","event":"Extraído: bilheteria-diaria-obras-por-exibidoras-2026-02-s01.csv","logger":"task.stdout"}
{"timestamp":"2026-02-15T20:24:06.684650Z","level":"info","event":"Extraído: bilheteria-diaria-obras-por-exibidoras-2026-02-s02.csv","logger":"task.stdout"}
{"timestamp":"2026-02-15T20:24:06.686557Z","level":"info","event":"Done. Returned value was: None","logger":"airflow.task.operators.airflow.providers.standard.decorators.python._PythonDecoratedOperator","filename":"python.py","lineno":230}
{"timestamp":"2026-02-15T20:24:06.702701Z","level":"info","event":"Task instance in success state","logger":"task.stdout"}
{"timestamp":"2026-02-15T20:24:06.703040Z","level":"info","event":" Previous state of the Task instance: TaskInstanceState.RUNNING","logger":"task.stdout"}
{"timestamp":"2026-02-15T20:24:06.706878Z","level":"info","event":"Task operator:<Task(_PythonDecoratedOperator): unzip_file>","logger":"task.stdout"}
