{"timestamp":"2026-02-19T17:01:04.084606Z","level":"warning","event":"The `airflow.models.param.Param` attribute is deprecated. Please use `'airflow.sdk.Param'`.","category":"DeprecatedImportWarning","filename":"/opt/airflow/plugins/auxi/dic_param.py","lineno":1,"logger":"py.warnings"}
{"timestamp":"2026-02-19T17:01:04.111658Z","level":"warning","event":"The `airflow.hooks.base.BaseHook` attribute is deprecated. Please use `'airflow.sdk.bases.hook.BaseHook'`.","category":"DeprecatedImportWarning","filename":"/opt/airflow/plugins/hooks/pgdas_hook.py","lineno":1,"logger":"py.warnings"}
{"timestamp":"2026-02-19T17:01:04.134915Z","level":"warning","event":"Using Variable.get from `airflow.models` is deprecated.Please use `get` on Variable from sdk(`airflow.sdk.Variable`) instead","category":"DeprecationWarning","filename":"/home/airflow/.local/lib/python3.12/site-packages/airflow/models/variable.py","lineno":151,"logger":"py.warnings"}
{"timestamp":"2026-02-19T17:01:04.164399Z","level":"warning","event":"Connection schemes (type: google_cloud_platform) shall not contain '_' according to RFC3986.","logger":"airflow.sdk.definitions.connection","filename":"connection.py","lineno":130}
{"timestamp":"2026-02-19T17:01:04.228170Z","level":"warning","event":"The `airflow.hooks.base.BaseHook` attribute is deprecated. Please use `'airflow.sdk.bases.hook.BaseHook'`.","category":"DeprecatedImportWarning","filename":"/opt/airflow/plugins/hooks/pgdas_hook.py","lineno":1,"logger":"py.warnings"}
{"timestamp":"2026-02-19T17:01:04.259548Z","level":"info","event":"DAG bundles loaded: dags-folder, example_dags","logger":"airflow.dag_processing.bundles.manager.DagBundlesManager","filename":"manager.py","lineno":179}
{"timestamp":"2026-02-19T17:01:04.260981Z","level":"info","event":"Filling up the DagBag from /opt/airflow/dags/pipeline_pgdas_1.py","logger":"airflow.models.dagbag.BundleDagBag","filename":"dagbag.py","lineno":593}
{"timestamp":"2026-02-19T17:01:07.800414Z","level":"warning","event":"Connection schemes (type: google_cloud_platform) shall not contain '_' according to RFC3986.","logger":"airflow.sdk.definitions.connection","filename":"connection.py","lineno":130}
{"timestamp":"2026-02-19T17:01:08.119020Z","level":"warning","event":"The `airflow.decorators.dag` attribute is deprecated. Please use `'airflow.sdk.dag'`.","category":"DeprecatedImportWarning","filename":"/opt/airflow/dags/pipeline_pgdas_1.py","lineno":5,"logger":"py.warnings"}
{"timestamp":"2026-02-19T17:01:08.119150Z","level":"warning","event":"The `airflow.decorators.task` attribute is deprecated. Please use `'airflow.sdk.task'`.","category":"DeprecatedImportWarning","filename":"/opt/airflow/dags/pipeline_pgdas_1.py","lineno":5,"logger":"py.warnings"}
{"timestamp":"2026-02-19T17:01:08.119223Z","level":"warning","event":"The `airflow.operators.empty.EmptyOperator` attribute is deprecated. Please use `'airflow.providers.standard.operators.empty.EmptyOperator'`.","category":"DeprecatedImportWarning","filename":"/opt/airflow/dags/pipeline_pgdas_1.py","lineno":6,"logger":"py.warnings"}
{"timestamp":"2026-02-19T17:01:08.119284Z","level":"warning","event":"The `airflow.models.param.Param` attribute is deprecated. Please use `'airflow.sdk.Param'`.","category":"DeprecatedImportWarning","filename":"/opt/airflow/dags/pipeline_pgdas_1.py","lineno":7,"logger":"py.warnings"}
{"timestamp":"2026-02-19T17:01:08.119340Z","level":"warning","event":"The `airflow.models.param.ParamsDict` attribute is deprecated. Please use `'airflow.sdk.definitions.param.ParamsDict'`.","category":"DeprecatedImportWarning","filename":"/opt/airflow/dags/pipeline_pgdas_1.py","lineno":7,"logger":"py.warnings"}
{"timestamp":"2026-02-19T17:01:08.119393Z","level":"warning","event":"The `airflow.models.baseoperator.chain` attribute is deprecated. Please use `'airflow.sdk.bases.operator.chain'`.","category":"DeprecatedImportWarning","filename":"/opt/airflow/dags/pipeline_pgdas_1.py","lineno":8,"logger":"py.warnings"}
{"timestamp":"2026-02-19T17:01:08.120322Z","level":"error","event":"Failed to resolve template field 'application_file'","logger":"airflow.sdk.definitions._internal.templater","filename":"templater.py","lineno":100,"error_detail":[{"exc_type":"TemplateNotFound","exc_value":"'util/spark/pgdas/spark-job-convert-pgdas-schema.yaml' not found in search path: '/opt/airflow/dags'","exc_notes":[],"syntax_error":null,"is_cause":false,"frames":[{"filename":"/home/airflow/.local/lib/python3.12/site-packages/airflow/sdk/definitions/_internal/templater.py","lineno":98,"name":"resolve_template_files"},{"filename":"/home/airflow/.local/lib/python3.12/site-packages/jinja2/loaders.py","lineno":209,"name":"get_source"}],"is_group":false,"exceptions":[]}]}
{"timestamp":"2026-02-19T17:01:08.144524Z","level":"info","event":"Task instance is in running state","logger":"task.stdout"}
{"timestamp":"2026-02-19T17:01:08.144876Z","level":"info","event":" Previous state of the Task instance: TaskInstanceState.QUEUED","logger":"task.stdout"}
{"timestamp":"2026-02-19T17:01:08.151708Z","level":"info","event":"Current task name:list_files","logger":"task.stdout"}
{"timestamp":"2026-02-19T17:01:08.152222Z","level":"info","event":"Dag name:PGDAs_ELT_1","logger":"task.stdout"}
{"timestamp":"2026-02-19T17:01:08.699931Z","level":"info","event":"['90-0000-PUB-PGDASD2018-20251004-01.zip']","logger":"root","filename":"gcs_operators.py","lineno":32}
{"timestamp":"2026-02-19T17:01:08.700199Z","level":"info","event":"Pushing xcom","ti":"RuntimeTaskInstance(id=UUID('019c76d8-7e3f-7b34-b474-ff2bd3b16502'), task_id='list_files', dag_id='PGDAs_ELT_1', run_id='manual__2026-02-19T17:00:25.462561+00:00', try_number=1, dag_version_id=UUID('019c76d8-e4c5-7037-9da6-309308233de5'), map_index=-1, hostname='a1f81e62663d', context_carrier={}, task=<Task(GCSListObjectsOperators): list_files>, bundle_instance=LocalDagBundle(name=dags-folder), max_tries=3, start_date=datetime.datetime(2026, 2, 19, 17, 0, 53, 261539, tzinfo=datetime.timezone.utc), end_date=None, state=<TaskInstanceState.RUNNING: 'running'>, is_mapped=False, rendered_map_index=None)","logger":"task","filename":"task_runner.py","lineno":1522}
{"timestamp":"2026-02-19T17:01:08.748513Z","level":"info","event":"Task instance in success state","logger":"task.stdout"}
{"timestamp":"2026-02-19T17:01:08.748915Z","level":"info","event":" Previous state of the Task instance: TaskInstanceState.RUNNING","logger":"task.stdout"}
{"timestamp":"2026-02-19T17:01:08.754440Z","level":"info","event":"Task operator:<Task(GCSListObjectsOperators): list_files>","logger":"task.stdout"}
