{"timestamp":"2026-03-13T19:36:51.426059Z","level":"warning","event":"The `airflow.models.param.Param` attribute is deprecated. Please use `'airflow.sdk.Param'`.","category":"DeprecatedImportWarning","filename":"/opt/airflow/plugins/auxi/dic_param.py","lineno":1,"logger":"py.warnings"}
{"timestamp":"2026-03-13T19:36:51.454746Z","level":"warning","event":"The `airflow.hooks.base.BaseHook` attribute is deprecated. Please use `'airflow.sdk.bases.hook.BaseHook'`.","category":"DeprecatedImportWarning","filename":"/opt/airflow/plugins/hooks/pgdas_hook.py","lineno":1,"logger":"py.warnings"}
{"timestamp":"2026-03-13T19:36:51.505542Z","level":"warning","event":"Using Variable.get from `airflow.models` is deprecated.Please use `get` on Variable from sdk(`airflow.sdk.Variable`) instead","category":"DeprecationWarning","filename":"/home/airflow/.local/lib/python3.12/site-packages/airflow/models/variable.py","lineno":151,"logger":"py.warnings"}
{"timestamp":"2026-03-13T19:36:51.556013Z","level":"warning","event":"Connection schemes (type: google_cloud_platform) shall not contain '_' according to RFC3986.","logger":"airflow.sdk.definitions.connection","filename":"connection.py","lineno":130}
{"timestamp":"2026-03-13T19:36:51.643349Z","level":"warning","event":"The `airflow.hooks.base.BaseHook` attribute is deprecated. Please use `'airflow.sdk.bases.hook.BaseHook'`.","category":"DeprecatedImportWarning","filename":"/opt/airflow/plugins/hooks/pgdas_hook.py","lineno":1,"logger":"py.warnings"}
{"timestamp":"2026-03-13T19:36:51.715214Z","level":"info","event":"DAG bundles loaded: dags-folder, example_dags","logger":"airflow.dag_processing.bundles.manager.DagBundlesManager","filename":"manager.py","lineno":179}
{"timestamp":"2026-03-13T19:36:51.716635Z","level":"info","event":"Filling up the DagBag from /opt/airflow/dags/tre_tse.py","logger":"airflow.models.dagbag.BundleDagBag","filename":"dagbag.py","lineno":593}
{"timestamp":"2026-03-13T19:36:51.763446Z","level":"warning","event":"The `airflow.decorators.dag` attribute is deprecated. Please use `'airflow.sdk.dag'`.","category":"DeprecatedImportWarning","filename":"/opt/airflow/dags/tre_tse.py","lineno":1,"logger":"py.warnings"}
{"timestamp":"2026-03-13T19:36:51.763618Z","level":"warning","event":"The `airflow.decorators.task` attribute is deprecated. Please use `'airflow.sdk.task'`.","category":"DeprecatedImportWarning","filename":"/opt/airflow/dags/tre_tse.py","lineno":1,"logger":"py.warnings"}
{"timestamp":"2026-03-13T19:36:51.763695Z","level":"warning","event":"The `airflow.operators.python.PythonOperator` attribute is deprecated. Please use `'airflow.providers.standard.operators.python.PythonOperator'`.","category":"DeprecatedImportWarning","filename":"/opt/airflow/dags/tre_tse.py","lineno":4,"logger":"py.warnings"}
{"timestamp":"2026-03-13T19:36:51.763755Z","level":"warning","event":"The `airflow.operators.empty.EmptyOperator` attribute is deprecated. Please use `'airflow.providers.standard.operators.empty.EmptyOperator'`.","category":"DeprecatedImportWarning","filename":"/opt/airflow/dags/tre_tse.py","lineno":5,"logger":"py.warnings"}
{"timestamp":"2026-03-13T19:36:51.763812Z","level":"warning","event":"The `airflow.models.param.Param` attribute is deprecated. Please use `'airflow.sdk.Param'`.","category":"DeprecatedImportWarning","filename":"/opt/airflow/dags/tre_tse.py","lineno":6,"logger":"py.warnings"}
{"timestamp":"2026-03-13T19:36:51.763871Z","level":"warning","event":"The `airflow.models.param.ParamsDict` attribute is deprecated. Please use `'airflow.sdk.definitions.param.ParamsDict'`.","category":"DeprecatedImportWarning","filename":"/opt/airflow/dags/tre_tse.py","lineno":6,"logger":"py.warnings"}
{"timestamp":"2026-03-13T19:36:51.763968Z","level":"warning","event":"The `airflow.operators.bash.BashOperator` attribute is deprecated. Please use `'airflow.providers.standard.operators.bash.BashOperator'`.","category":"DeprecatedImportWarning","filename":"/opt/airflow/dags/tre_tse.py","lineno":13,"logger":"py.warnings"}
{"timestamp":"2026-03-13T19:36:51.821731Z","level":"info","event":"Task instance is in running state","logger":"task.stdout"}
{"timestamp":"2026-03-13T19:36:51.822480Z","level":"info","event":" Previous state of the Task instance: TaskInstanceState.QUEUED","logger":"task.stdout"}
{"timestamp":"2026-03-13T19:36:51.831092Z","level":"info","event":"Current task name:unzip_files","logger":"task.stdout"}
{"timestamp":"2026-03-13T19:36:51.832325Z","level":"info","event":"Dag name:TRE","logger":"task.stdout"}
{"timestamp":"2026-03-13T19:36:51.832038Z","level":"info","event":"Iniciando descompactação de: /opt/airflow/TRE2026/DADOS/RJ/perfil_eleitorado_secao/zip","logger":"airflow.task.operators.operators.unzipNelio.UnzipFilesOperator","filename":"unzipNelio.py","lineno":18}
{"timestamp":"2026-03-13T19:36:51.833462Z","level":"info","event":"Diretório criado: /tmp/unzipped_files","logger":"airflow.task.operators.operators.unzipNelio.UnzipFilesOperator","filename":"unzipNelio.py","lineno":23}
{"timestamp":"2026-03-13T19:36:51.833835Z","level":"error","event":"Task failed with exception","logger":"task","filename":"task_runner.py","lineno":1142,"error_detail":[{"exc_type":"FileNotFoundError","exc_value":"[Errno 2] No such file or directory: '/opt/airflow/TRE2026/DADOS/RJ/perfil_eleitorado_secao/zip'","exc_notes":[],"syntax_error":null,"is_cause":false,"frames":[{"filename":"/home/airflow/.local/lib/python3.12/site-packages/airflow/sdk/execution_time/task_runner.py","lineno":1068,"name":"run"},{"filename":"/home/airflow/.local/lib/python3.12/site-packages/airflow/sdk/execution_time/task_runner.py","lineno":1477,"name":"_execute_task"},{"filename":"/home/airflow/.local/lib/python3.12/site-packages/airflow/sdk/bases/operator.py","lineno":417,"name":"wrapper"},{"filename":"/opt/airflow/plugins/operators/unzipNelio.py","lineno":25,"name":"execute"}],"is_group":false,"exceptions":[]}]}
{"timestamp":"2026-03-13T19:36:51.866274Z","level":"info","event":"Task instance in failure state","logger":"task.stdout"}
{"timestamp":"2026-03-13T19:36:51.870357Z","level":"info","event":"Task start","logger":"task.stdout"}
{"timestamp":"2026-03-13T19:36:51.870646Z","level":"info","event":"Task:<Task(UnzipFilesOperator): unzip_files>","logger":"task.stdout"}
{"timestamp":"2026-03-13T19:36:51.870875Z","level":"info","event":"Failure caused by [Errno 2] No such file or directory: '/opt/airflow/TRE2026/DADOS/RJ/perfil_eleitorado_secao/zip'","logger":"task.stdout"}
