{"timestamp":"2026-03-13T19:46:10.757504Z","level":"warning","event":"The `airflow.models.param.Param` attribute is deprecated. Please use `'airflow.sdk.Param'`.","category":"DeprecatedImportWarning","filename":"/opt/airflow/plugins/auxi/dic_param.py","lineno":1,"logger":"py.warnings"}
{"timestamp":"2026-03-13T19:46:10.779178Z","level":"warning","event":"The `airflow.hooks.base.BaseHook` attribute is deprecated. Please use `'airflow.sdk.bases.hook.BaseHook'`.","category":"DeprecatedImportWarning","filename":"/opt/airflow/plugins/hooks/pgdas_hook.py","lineno":1,"logger":"py.warnings"}
{"timestamp":"2026-03-13T19:46:10.799357Z","level":"warning","event":"Using Variable.get from `airflow.models` is deprecated.Please use `get` on Variable from sdk(`airflow.sdk.Variable`) instead","category":"DeprecationWarning","filename":"/home/airflow/.local/lib/python3.12/site-packages/airflow/models/variable.py","lineno":151,"logger":"py.warnings"}
{"timestamp":"2026-03-13T19:46:10.821976Z","level":"warning","event":"Connection schemes (type: google_cloud_platform) shall not contain '_' according to RFC3986.","logger":"airflow.sdk.definitions.connection","filename":"connection.py","lineno":130}
{"timestamp":"2026-03-13T19:46:10.878424Z","level":"warning","event":"The `airflow.hooks.base.BaseHook` attribute is deprecated. Please use `'airflow.sdk.bases.hook.BaseHook'`.","category":"DeprecatedImportWarning","filename":"/opt/airflow/plugins/hooks/pgdas_hook.py","lineno":1,"logger":"py.warnings"}
{"timestamp":"2026-03-13T19:46:10.913076Z","level":"info","event":"DAG bundles loaded: dags-folder, example_dags","logger":"airflow.dag_processing.bundles.manager.DagBundlesManager","filename":"manager.py","lineno":179}
{"timestamp":"2026-03-13T19:46:10.914006Z","level":"info","event":"Filling up the DagBag from /opt/airflow/dags/tre_tse.py","logger":"airflow.models.dagbag.BundleDagBag","filename":"dagbag.py","lineno":593}
{"timestamp":"2026-03-13T19:46:10.941996Z","level":"warning","event":"The `airflow.decorators.dag` attribute is deprecated. Please use `'airflow.sdk.dag'`.","category":"DeprecatedImportWarning","filename":"/opt/airflow/dags/tre_tse.py","lineno":1,"logger":"py.warnings"}
{"timestamp":"2026-03-13T19:46:10.942134Z","level":"warning","event":"The `airflow.decorators.task` attribute is deprecated. Please use `'airflow.sdk.task'`.","category":"DeprecatedImportWarning","filename":"/opt/airflow/dags/tre_tse.py","lineno":1,"logger":"py.warnings"}
{"timestamp":"2026-03-13T19:46:10.942206Z","level":"warning","event":"The `airflow.operators.python.PythonOperator` attribute is deprecated. Please use `'airflow.providers.standard.operators.python.PythonOperator'`.","category":"DeprecatedImportWarning","filename":"/opt/airflow/dags/tre_tse.py","lineno":4,"logger":"py.warnings"}
{"timestamp":"2026-03-13T19:46:10.942264Z","level":"warning","event":"The `airflow.operators.empty.EmptyOperator` attribute is deprecated. Please use `'airflow.providers.standard.operators.empty.EmptyOperator'`.","category":"DeprecatedImportWarning","filename":"/opt/airflow/dags/tre_tse.py","lineno":5,"logger":"py.warnings"}
{"timestamp":"2026-03-13T19:46:10.942321Z","level":"warning","event":"The `airflow.models.param.Param` attribute is deprecated. Please use `'airflow.sdk.Param'`.","category":"DeprecatedImportWarning","filename":"/opt/airflow/dags/tre_tse.py","lineno":6,"logger":"py.warnings"}
{"timestamp":"2026-03-13T19:46:10.942375Z","level":"warning","event":"The `airflow.models.param.ParamsDict` attribute is deprecated. Please use `'airflow.sdk.definitions.param.ParamsDict'`.","category":"DeprecatedImportWarning","filename":"/opt/airflow/dags/tre_tse.py","lineno":6,"logger":"py.warnings"}
{"timestamp":"2026-03-13T19:46:10.942427Z","level":"warning","event":"The `airflow.operators.bash.BashOperator` attribute is deprecated. Please use `'airflow.providers.standard.operators.bash.BashOperator'`.","category":"DeprecatedImportWarning","filename":"/opt/airflow/dags/tre_tse.py","lineno":13,"logger":"py.warnings"}
{"timestamp":"2026-03-13T19:46:10.961774Z","level":"info","event":"Task instance is in running state","logger":"task.stdout"}
{"timestamp":"2026-03-13T19:46:10.962243Z","level":"info","event":" Previous state of the Task instance: TaskInstanceState.QUEUED","logger":"task.stdout"}
{"timestamp":"2026-03-13T19:46:10.965789Z","level":"info","event":"Current task name:unzip_files","logger":"task.stdout"}
{"timestamp":"2026-03-13T19:46:10.966156Z","level":"info","event":"Dag name:TRE","logger":"task.stdout"}
{"timestamp":"2026-03-13T19:46:10.965901Z","level":"info","event":"Iniciando descompactação de: /opt/airflow/TRE2026/DADOS/RJ/perfil_eleitorado_secao/zip","logger":"airflow.task.operators.operators.unzipNelio.UnzipFilesOperator","filename":"unzipNelio.py","lineno":18}
{"timestamp":"2026-03-13T19:46:10.966058Z","level":"error","event":"Task failed with exception","logger":"task","filename":"task_runner.py","lineno":1142,"error_detail":[{"exc_type":"FileNotFoundError","exc_value":"[Errno 2] No such file or directory: '/opt/airflow/TRE2026/DADOS/RJ/perfil_eleitorado_secao/zip'","exc_notes":[],"syntax_error":null,"is_cause":false,"frames":[{"filename":"/home/airflow/.local/lib/python3.12/site-packages/airflow/sdk/execution_time/task_runner.py","lineno":1068,"name":"run"},{"filename":"/home/airflow/.local/lib/python3.12/site-packages/airflow/sdk/execution_time/task_runner.py","lineno":1477,"name":"_execute_task"},{"filename":"/home/airflow/.local/lib/python3.12/site-packages/airflow/sdk/bases/operator.py","lineno":417,"name":"wrapper"},{"filename":"/opt/airflow/plugins/operators/unzipNelio.py","lineno":25,"name":"execute"}],"is_group":false,"exceptions":[]}]}
{"timestamp":"2026-03-13T19:46:10.967764Z","level":"info","event":"Task instance in failure state","logger":"task.stdout"}
{"timestamp":"2026-03-13T19:46:10.971506Z","level":"info","event":"Task start","logger":"task.stdout"}
{"timestamp":"2026-03-13T19:46:10.971886Z","level":"info","event":"Task:<Task(UnzipFilesOperator): unzip_files>","logger":"task.stdout"}
{"timestamp":"2026-03-13T19:46:10.972250Z","level":"info","event":"Failure caused by [Errno 2] No such file or directory: '/opt/airflow/TRE2026/DADOS/RJ/perfil_eleitorado_secao/zip'","logger":"task.stdout"}
