{"timestamp":"2026-03-17T16:32:18.313339Z","level":"warning","event":"The `airflow.models.param.Param` attribute is deprecated. Please use `'airflow.sdk.Param'`.","category":"DeprecatedImportWarning","filename":"/opt/airflow/plugins/auxi/dic_param.py","lineno":1,"logger":"py.warnings"}
{"timestamp":"2026-03-17T16:32:18.333839Z","level":"warning","event":"The `airflow.hooks.base.BaseHook` attribute is deprecated. Please use `'airflow.sdk.bases.hook.BaseHook'`.","category":"DeprecatedImportWarning","filename":"/opt/airflow/plugins/hooks/pgdas_hook.py","lineno":1,"logger":"py.warnings"}
{"timestamp":"2026-03-17T16:32:18.353245Z","level":"warning","event":"Using Variable.get from `airflow.models` is deprecated.Please use `get` on Variable from sdk(`airflow.sdk.Variable`) instead","category":"DeprecationWarning","filename":"/home/airflow/.local/lib/python3.12/site-packages/airflow/models/variable.py","lineno":151,"logger":"py.warnings"}
{"timestamp":"2026-03-17T16:32:18.376575Z","level":"warning","event":"Connection schemes (type: google_cloud_platform) shall not contain '_' according to RFC3986.","logger":"airflow.sdk.definitions.connection","filename":"connection.py","lineno":130}
{"timestamp":"2026-03-17T16:32:18.433054Z","level":"warning","event":"The `airflow.hooks.base.BaseHook` attribute is deprecated. Please use `'airflow.sdk.bases.hook.BaseHook'`.","category":"DeprecatedImportWarning","filename":"/opt/airflow/plugins/hooks/pgdas_hook.py","lineno":1,"logger":"py.warnings"}
{"timestamp":"2026-03-17T16:32:18.464115Z","level":"info","event":"DAG bundles loaded: dags-folder","logger":"airflow.dag_processing.bundles.manager.DagBundlesManager","filename":"manager.py","lineno":179}
{"timestamp":"2026-03-17T16:32:18.464977Z","level":"info","event":"Filling up the DagBag from /opt/airflow/dags/cinema_2026.py","logger":"airflow.models.dagbag.BundleDagBag","filename":"dagbag.py","lineno":593}
{"timestamp":"2026-03-17T16:32:18.485363Z","level":"warning","event":"The `airflow.operators.python.PythonOperator` attribute is deprecated. Please use `'airflow.providers.standard.operators.python.PythonOperator'`.","category":"DeprecatedImportWarning","filename":"/opt/airflow/dags/cinema_2026.py","lineno":4,"logger":"py.warnings"}
{"timestamp":"2026-03-17T16:32:18.485522Z","level":"warning","event":"The `airflow.operators.empty.EmptyOperator` attribute is deprecated. Please use `'airflow.providers.standard.operators.empty.EmptyOperator'`.","category":"DeprecatedImportWarning","filename":"/opt/airflow/dags/cinema_2026.py","lineno":5,"logger":"py.warnings"}
{"timestamp":"2026-03-17T16:32:18.485600Z","level":"warning","event":"The `airflow.models.param.Param` attribute is deprecated. Please use `'airflow.sdk.Param'`.","category":"DeprecatedImportWarning","filename":"/opt/airflow/dags/cinema_2026.py","lineno":6,"logger":"py.warnings"}
{"timestamp":"2026-03-17T16:32:18.485660Z","level":"warning","event":"The `airflow.models.param.ParamsDict` attribute is deprecated. Please use `'airflow.sdk.definitions.param.ParamsDict'`.","category":"DeprecatedImportWarning","filename":"/opt/airflow/dags/cinema_2026.py","lineno":6,"logger":"py.warnings"}
{"timestamp":"2026-03-17T16:32:18.485772Z","level":"warning","event":"The `airflow.operators.bash.BashOperator` attribute is deprecated. Please use `'airflow.providers.standard.operators.bash.BashOperator'`.","category":"DeprecatedImportWarning","filename":"/opt/airflow/dags/cinema_2026.py","lineno":13,"logger":"py.warnings"}
{"timestamp":"2026-03-17T16:32:18.514294Z","level":"info","event":"lendo: /opt/airflow/cinema2026/data/raw/unzip/bilheteria-diaria/bilheteria-diaria-obras-por-exibidoras-csv/bilheteria-diaria-obras-por-exibidoras-2026-02-s01.csv","logger":"task.stdout"}
{"timestamp":"2026-03-17T16:32:18.781224Z","level":"info","event":"lido: /opt/airflow/cinema2026/data/raw/unzip/bilheteria-diaria/bilheteria-diaria-obras-por-exibidoras-csv/bilheteria-diaria-obras-por-exibidoras-2026-02-s01.csv","logger":"task.stdout"}
{"timestamp":"2026-03-17T16:32:18.781824Z","level":"info","event":"lendo: /opt/airflow/cinema2026/data/raw/unzip/bilheteria-diaria/bilheteria-diaria-obras-por-exibidoras-csv/bilheteria-diaria-obras-por-exibidoras-2026-02-s02.csv","logger":"task.stdout"}
{"timestamp":"2026-03-17T16:32:19.040788Z","level":"info","event":"lido: /opt/airflow/cinema2026/data/raw/unzip/bilheteria-diaria/bilheteria-diaria-obras-por-exibidoras-csv/bilheteria-diaria-obras-por-exibidoras-2026-02-s02.csv","logger":"task.stdout"}
{"timestamp":"2026-03-17T16:32:19.041250Z","level":"info","event":"lendo: /opt/airflow/cinema2026/data/raw/unzip/bilheteria-diaria/bilheteria-diaria-obras-por-exibidoras-csv/bilheteria-diaria-obras-por-exibidoras-2026-02-s03.csv","logger":"task.stdout"}
{"timestamp":"2026-03-17T16:32:19.305702Z","level":"info","event":"lido: /opt/airflow/cinema2026/data/raw/unzip/bilheteria-diaria/bilheteria-diaria-obras-por-exibidoras-csv/bilheteria-diaria-obras-por-exibidoras-2026-02-s03.csv","logger":"task.stdout"}
{"timestamp":"2026-03-17T16:32:19.306096Z","level":"info","event":"lendo: /opt/airflow/cinema2026/data/raw/unzip/bilheteria-diaria/bilheteria-diaria-obras-por-exibidoras-csv/bilheteria-diaria-obras-por-exibidoras-2026-02-s04.csv","logger":"task.stdout"}
{"timestamp":"2026-03-17T16:32:19.556320Z","level":"info","event":"lido: /opt/airflow/cinema2026/data/raw/unzip/bilheteria-diaria/bilheteria-diaria-obras-por-exibidoras-csv/bilheteria-diaria-obras-por-exibidoras-2026-02-s04.csv","logger":"task.stdout"}
{"timestamp":"2026-03-17T16:32:19.601003Z","level":"info","event":"passou concat","logger":"task.stdout"}
{"timestamp":"2026-03-17T16:32:19.656495Z","level":"info","event":"Salvo com sucesso em: /opt/airflow/cinema2026/data/processados/bilheteria_diaria_tratada.csv","logger":"task.stdout"}
{"timestamp":"2026-03-17T16:32:19.666864Z","level":"info","event":"Done. Returned value was: None","logger":"airflow.task.operators.airflow.providers.standard.decorators.python._PythonDecoratedOperator","filename":"python.py","lineno":230}
