[0m12:33:29.252883 [debug] [MainThread]: Sending event: {'category': 'dbt', 'action': 'invocation', 'label': 'start', 'context': [<snowplow_tracker.self_describing_json.SelfDescribingJson object at 0x72d43969dac0>, <snowplow_tracker.self_describing_json.SelfDescribingJson object at 0x72d43b0ff0b0>, <snowplow_tracker.self_describing_json.SelfDescribingJson object at 0x72d439da4a10>]}


============================== 12:33:29.256305 | 48a792ef-00bc-442b-9671-3548e3f99fd1 ==============================
[0m12:33:29.256305 [info ] [MainThread]: Running with dbt=1.11.7
[0m12:33:29.257149 [debug] [MainThread]: running dbt with arguments {'fail_fast': 'False', 'write_json': 'True', 'use_experimental_parser': 'False', 'debug': 'False', 'quiet': 'False', 'empty': 'None', 'target_path': 'None', 'profiles_dir': '/home/airflow/.dbt', 'no_print': 'None', 'version_check': 'True', 'invocation_command': 'dbt init cinema', 'use_colors': 'True', 'printer_width': '80', 'introspect': 'True', 'warn_error_options': 'WarnErrorOptionsV2(error=[], warn=[], silence=[])', 'partial_parse': 'True', 'static_parser': 'True', 'log_cache_events': 'False', 'send_anonymous_usage_stats': 'True', 'log_path': 'logs', 'indirect_selection': 'eager', 'log_format': 'default', 'warn_error': 'None', 'cache_selected_only': 'False'}
[0m12:33:29.266256 [info ] [MainThread]: Creating dbt configuration folder at /home/airflow/.dbt
[0m12:33:29.268389 [debug] [MainThread]: Starter project path: /home/airflow/.local/lib/python3.12/site-packages/dbt/include/starter_project
[0m12:33:29.272737 [info ] [MainThread]: 
Your new dbt project "cinema" was created!

For more information on how to configure the profiles.yml file,
please consult the dbt documentation here:

  https://docs.getdbt.com/docs/configure-your-profile

One more thing:

Need help? Don't hesitate to reach out to us via GitHub issues or on Slack:

  https://community.getdbt.com/

Happy modeling!

[0m12:33:29.273571 [info ] [MainThread]: Setting up your profile.
[0m12:37:04.279294 [info ] [MainThread]: Profile cinema written to /home/airflow/.dbt/profiles.yml using target's profile_template.yml and your supplied values. Run 'dbt debug' to validate the connection.
[0m12:37:04.282631 [debug] [MainThread]: Resource report: {"command_name": "init", "command_success": true, "command_wall_clock_time": 215.10037, "process_in_blocks": "0", "process_kernel_time": 0.255377, "process_mem_max_rss": "110148", "process_out_blocks": "1912", "process_user_time": 1.620049}
[0m12:37:04.283483 [debug] [MainThread]: Command `dbt init` succeeded at 12:37:04.283325 after 215.10 seconds
[0m12:37:04.284258 [debug] [MainThread]: Sending event: {'category': 'dbt', 'action': 'invocation', 'label': 'end', 'context': [<snowplow_tracker.self_describing_json.SelfDescribingJson object at 0x72d43d5c70b0>, <snowplow_tracker.self_describing_json.SelfDescribingJson object at 0x72d43966c380>, <snowplow_tracker.self_describing_json.SelfDescribingJson object at 0x72d438dd0560>]}
[0m12:37:04.285097 [debug] [MainThread]: Flushing usage events
[0m12:37:04.850949 [debug] [MainThread]: An error was encountered while trying to flush usage events
[0m13:04:50.821023 [debug] [MainThread]: Sending event: {'category': 'dbt', 'action': 'invocation', 'label': 'start', 'context': [<snowplow_tracker.self_describing_json.SelfDescribingJson object at 0x7ac1b8f1ce30>, <snowplow_tracker.self_describing_json.SelfDescribingJson object at 0x7ac1bbd58500>, <snowplow_tracker.self_describing_json.SelfDescribingJson object at 0x7ac1bb5cb530>]}


============================== 13:04:50.824910 | ef3c26c0-0b0f-4878-bb62-40cfef5e546a ==============================
[0m13:04:50.824910 [info ] [MainThread]: Running with dbt=1.11.7
[0m13:04:50.825724 [debug] [MainThread]: running dbt with arguments {'warn_error': 'None', 'introspect': 'True', 'use_experimental_parser': 'False', 'invocation_command': 'dbt init cinema --project-dir //opt/airflow/dbt', 'debug': 'False', 'log_cache_events': 'False', 'printer_width': '80', 'cache_selected_only': 'False', 'indirect_selection': 'eager', 'log_format': 'default', 'empty': 'None', 'version_check': 'True', 'fail_fast': 'False', 'profiles_dir': '/home/airflow/.dbt', 'send_anonymous_usage_stats': 'True', 'partial_parse': 'True', 'warn_error_options': 'WarnErrorOptionsV2(error=[], warn=[], silence=[])', 'write_json': 'True', 'quiet': 'False', 'log_path': 'logs', 'target_path': 'None', 'use_colors': 'True', 'no_print': 'None', 'static_parser': 'True'}
[0m13:04:50.835753 [info ] [MainThread]: Creating dbt configuration folder at /home/airflow/.dbt
[0m13:04:50.837787 [debug] [MainThread]: Starter project path: /home/airflow/.local/lib/python3.12/site-packages/dbt/include/starter_project
[0m13:04:50.841504 [info ] [MainThread]: 
Your new dbt project "cinema" was created!

For more information on how to configure the profiles.yml file,
please consult the dbt documentation here:

  https://docs.getdbt.com/docs/configure-your-profile

One more thing:

Need help? Don't hesitate to reach out to us via GitHub issues or on Slack:

  https://community.getdbt.com/

Happy modeling!

[0m13:04:50.842130 [info ] [MainThread]: Setting up your profile.
[0m13:05:25.968980 [info ] [MainThread]: Profile cinema written to /home/airflow/.dbt/profiles.yml using target's profile_template.yml and your supplied values. Run 'dbt debug' to validate the connection.
[0m13:05:25.970519 [debug] [MainThread]: Resource report: {"command_name": "init", "command_success": true, "command_wall_clock_time": 35.208412, "process_in_blocks": "0", "process_kernel_time": 0.18442, "process_mem_max_rss": "108820", "process_out_blocks": "64", "process_user_time": 1.43928}
[0m13:05:25.971153 [debug] [MainThread]: Command `dbt init` succeeded at 13:05:25.971044 after 35.21 seconds
[0m13:05:25.971703 [debug] [MainThread]: Sending event: {'category': 'dbt', 'action': 'invocation', 'label': 'end', 'context': [<snowplow_tracker.self_describing_json.SelfDescribingJson object at 0x7ac1b99fdac0>, <snowplow_tracker.self_describing_json.SelfDescribingJson object at 0x7ac1ba18b1a0>, <snowplow_tracker.self_describing_json.SelfDescribingJson object at 0x7ac1b8d54860>]}
[0m13:05:25.972275 [debug] [MainThread]: Flushing usage events
[0m13:05:26.606940 [debug] [MainThread]: An error was encountered while trying to flush usage events
[0m13:08:32.206418 [debug] [MainThread]: Sending event: {'category': 'dbt', 'action': 'invocation', 'label': 'start', 'context': [<snowplow_tracker.self_describing_json.SelfDescribingJson object at 0x747d63267860>, <snowplow_tracker.self_describing_json.SelfDescribingJson object at 0x747d6253ac90>, <snowplow_tracker.self_describing_json.SelfDescribingJson object at 0x747d635a45c0>]}


============================== 13:08:32.210042 | 3c6ea5e3-a48c-4ec2-b4cc-d24eb30c6ffd ==============================
[0m13:08:32.210042 [info ] [MainThread]: Running with dbt=1.11.7
[0m13:08:32.210850 [debug] [MainThread]: running dbt with arguments {'warn_error': 'None', 'static_parser': 'True', 'indirect_selection': 'eager', 'no_print': 'None', 'version_check': 'True', 'use_experimental_parser': 'False', 'profiles_dir': '/home/airflow/.dbt', 'fail_fast': 'False', 'debug': 'False', 'log_path': 'logs', 'use_colors': 'True', 'send_anonymous_usage_stats': 'True', 'log_cache_events': 'False', 'write_json': 'True', 'introspect': 'True', 'cache_selected_only': 'False', 'partial_parse': 'True', 'target_path': 'None', 'quiet': 'False', 'invocation_command': 'dbt init cinema --project-dir //opt/airflow/dbt/cinema', 'empty': 'None', 'printer_width': '80', 'log_format': 'default', 'warn_error_options': 'WarnErrorOptionsV2(error=[], warn=[], silence=[])'}
[0m13:08:32.221235 [info ] [MainThread]: A project called cinema already exists here.
[0m13:08:32.222627 [debug] [MainThread]: Resource report: {"command_name": "init", "command_success": true, "command_wall_clock_time": 0.07430008, "process_in_blocks": "0", "process_kernel_time": 0.148459, "process_mem_max_rss": "104228", "process_out_blocks": "8", "process_user_time": 1.388294}
[0m13:08:32.223581 [debug] [MainThread]: Command `dbt init` succeeded at 13:08:32.223458 after 0.08 seconds
[0m13:08:32.224162 [debug] [MainThread]: Sending event: {'category': 'dbt', 'action': 'invocation', 'label': 'end', 'context': [<snowplow_tracker.self_describing_json.SelfDescribingJson object at 0x747d61db00b0>, <snowplow_tracker.self_describing_json.SelfDescribingJson object at 0x747d619360c0>, <snowplow_tracker.self_describing_json.SelfDescribingJson object at 0x747d624e3c80>]}
[0m13:08:32.224783 [debug] [MainThread]: Flushing usage events
[0m13:08:32.859065 [debug] [MainThread]: An error was encountered while trying to flush usage events
[0m13:09:04.642148 [debug] [MainThread]: Sending event: {'category': 'dbt', 'action': 'invocation', 'label': 'start', 'context': [<snowplow_tracker.self_describing_json.SelfDescribingJson object at 0x7e78d87b6540>, <snowplow_tracker.self_describing_json.SelfDescribingJson object at 0x7e78d8279970>, <snowplow_tracker.self_describing_json.SelfDescribingJson object at 0x7e78d87b4bf0>]}


============================== 13:09:04.645870 | 7378eeb5-fc72-4c36-9f78-9153c65eebf6 ==============================
[0m13:09:04.645870 [info ] [MainThread]: Running with dbt=1.11.7
[0m13:09:04.646745 [debug] [MainThread]: running dbt with arguments {'version_check': 'True', 'introspect': 'True', 'no_print': 'None', 'use_experimental_parser': 'False', 'profiles_dir': '/home/airflow/.dbt', 'log_format': 'default', 'quiet': 'False', 'partial_parse': 'True', 'static_parser': 'True', 'fail_fast': 'False', 'send_anonymous_usage_stats': 'True', 'cache_selected_only': 'False', 'empty': 'None', 'target_path': 'None', 'write_json': 'True', 'warn_error_options': 'WarnErrorOptionsV2(error=[], warn=[], silence=[])', 'log_cache_events': 'False', 'debug': 'False', 'printer_width': '80', 'use_colors': 'True', 'log_path': 'logs', 'indirect_selection': 'eager', 'invocation_command': 'dbt init cinema --project-dir //opt/airflow/dbt', 'warn_error': 'None'}
[0m13:09:04.657741 [info ] [MainThread]: A project called cinema already exists here.
[0m13:09:04.659437 [debug] [MainThread]: Resource report: {"command_name": "init", "command_success": true, "command_wall_clock_time": 0.076489724, "process_in_blocks": "0", "process_kernel_time": 0.194888, "process_mem_max_rss": "104280", "process_out_blocks": "0", "process_user_time": 1.475585}
[0m13:09:04.660343 [debug] [MainThread]: Command `dbt init` succeeded at 13:09:04.660217 after 0.08 seconds
[0m13:09:04.660974 [debug] [MainThread]: Sending event: {'category': 'dbt', 'action': 'invocation', 'label': 'end', 'context': [<snowplow_tracker.self_describing_json.SelfDescribingJson object at 0x7e78d79c30e0>, <snowplow_tracker.self_describing_json.SelfDescribingJson object at 0x7e78d7ca8440>, <snowplow_tracker.self_describing_json.SelfDescribingJson object at 0x7e78d77fd700>]}
[0m13:09:04.661576 [debug] [MainThread]: Flushing usage events
[0m13:09:05.164168 [debug] [MainThread]: An error was encountered while trying to flush usage events
[0m13:11:24.369880 [debug] [MainThread]: Sending event: {'category': 'dbt', 'action': 'invocation', 'label': 'start', 'context': [<snowplow_tracker.self_describing_json.SelfDescribingJson object at 0x7ccde360fa40>, <snowplow_tracker.self_describing_json.SelfDescribingJson object at 0x7ccde2e5f950>, <snowplow_tracker.self_describing_json.SelfDescribingJson object at 0x7ccde2e30cb0>]}


============================== 13:11:24.373067 | bc0ee941-4278-4f9d-b2ac-943ce1a9dd3d ==============================
[0m13:11:24.373067 [info ] [MainThread]: Running with dbt=1.11.7
[0m13:11:24.373918 [debug] [MainThread]: running dbt with arguments {'cache_selected_only': 'False', 'warn_error': 'None', 'printer_width': '80', 'quiet': 'False', 'log_cache_events': 'False', 'debug': 'False', 'log_format': 'default', 'fail_fast': 'False', 'use_experimental_parser': 'False', 'introspect': 'True', 'empty': 'None', 'write_json': 'True', 'invocation_command': 'dbt init cinema_br --project-dir //opt/airflow/dbt', 'warn_error_options': 'WarnErrorOptionsV2(error=[], warn=[], silence=[])', 'no_print': 'None', 'indirect_selection': 'eager', 'send_anonymous_usage_stats': 'True', 'static_parser': 'True', 'version_check': 'True', 'target_path': 'None', 'use_colors': 'True', 'log_path': 'logs', 'partial_parse': 'True', 'profiles_dir': '/home/airflow/.dbt'}
[0m13:11:24.383865 [debug] [MainThread]: Starter project path: /home/airflow/.local/lib/python3.12/site-packages/dbt/include/starter_project
[0m13:11:24.387703 [info ] [MainThread]: 
Your new dbt project "cinema_br" was created!

For more information on how to configure the profiles.yml file,
please consult the dbt documentation here:

  https://docs.getdbt.com/docs/configure-your-profile

One more thing:

Need help? Don't hesitate to reach out to us via GitHub issues or on Slack:

  https://community.getdbt.com/

Happy modeling!

[0m13:11:24.388291 [info ] [MainThread]: Setting up your profile.
[0m13:11:48.616047 [info ] [MainThread]: Profile cinema_br written to /home/airflow/.dbt/profiles.yml using target's profile_template.yml and your supplied values. Run 'dbt debug' to validate the connection.
[0m13:11:48.617569 [debug] [MainThread]: Resource report: {"command_name": "init", "command_success": true, "command_wall_clock_time": 24.307219, "process_in_blocks": "0", "process_kernel_time": 0.167974, "process_mem_max_rss": "108948", "process_out_blocks": "64", "process_user_time": 1.399788}
[0m13:11:48.618159 [debug] [MainThread]: Command `dbt init` succeeded at 13:11:48.618058 after 24.31 seconds
[0m13:11:48.618640 [debug] [MainThread]: Sending event: {'category': 'dbt', 'action': 'invocation', 'label': 'end', 'context': [<snowplow_tracker.self_describing_json.SelfDescribingJson object at 0x7ccde349cb30>, <snowplow_tracker.self_describing_json.SelfDescribingJson object at 0x7ccde322bc20>, <snowplow_tracker.self_describing_json.SelfDescribingJson object at 0x7ccde2c446b0>]}
[0m13:11:48.619128 [debug] [MainThread]: Flushing usage events
[0m13:11:49.248773 [debug] [MainThread]: An error was encountered while trying to flush usage events
[0m13:13:16.045941 [debug] [MainThread]: Sending event: {'category': 'dbt', 'action': 'invocation', 'label': 'start', 'context': [<snowplow_tracker.self_describing_json.SelfDescribingJson object at 0x75eeb4c77fe0>, <snowplow_tracker.self_describing_json.SelfDescribingJson object at 0x75eeb217c650>, <snowplow_tracker.self_describing_json.SelfDescribingJson object at 0x75eeb22dc440>]}


============================== 13:13:16.049429 | 23b9f68e-ee0e-4a4c-969c-3ea8a2fa71fd ==============================
[0m13:13:16.049429 [info ] [MainThread]: Running with dbt=1.11.7
[0m13:13:16.050250 [debug] [MainThread]: running dbt with arguments {'use_colors': 'True', 'invocation_command': 'dbt init cinema --project-dir //opt/airflow/dbt', 'log_format': 'default', 'target_path': 'None', 'no_print': 'None', 'version_check': 'True', 'printer_width': '80', 'static_parser': 'True', 'empty': 'None', 'log_path': 'logs', 'warn_error_options': 'WarnErrorOptionsV2(error=[], warn=[], silence=[])', 'partial_parse': 'True', 'introspect': 'True', 'fail_fast': 'False', 'debug': 'False', 'log_cache_events': 'False', 'profiles_dir': '/home/airflow/.dbt', 'write_json': 'True', 'use_experimental_parser': 'False', 'warn_error': 'None', 'quiet': 'False', 'indirect_selection': 'eager', 'send_anonymous_usage_stats': 'True', 'cache_selected_only': 'False'}
[0m13:13:16.061474 [info ] [MainThread]: A project called cinema already exists here.
[0m13:13:16.063338 [debug] [MainThread]: Resource report: {"command_name": "init", "command_success": true, "command_wall_clock_time": 0.07519152, "process_in_blocks": "0", "process_kernel_time": 0.180053, "process_mem_max_rss": "104244", "process_out_blocks": "0", "process_user_time": 1.440426}
[0m13:13:16.064623 [debug] [MainThread]: Command `dbt init` succeeded at 13:13:16.064339 after 0.08 seconds
[0m13:13:16.065638 [debug] [MainThread]: Sending event: {'category': 'dbt', 'action': 'invocation', 'label': 'end', 'context': [<snowplow_tracker.self_describing_json.SelfDescribingJson object at 0x75eeb232f7a0>, <snowplow_tracker.self_describing_json.SelfDescribingJson object at 0x75eeb6697110>, <snowplow_tracker.self_describing_json.SelfDescribingJson object at 0x75eeb1e01790>]}
[0m13:13:16.066418 [debug] [MainThread]: Flushing usage events
[0m13:13:16.707429 [debug] [MainThread]: An error was encountered while trying to flush usage events
[0m13:14:48.765800 [debug] [MainThread]: Sending event: {'category': 'dbt', 'action': 'invocation', 'label': 'start', 'context': [<snowplow_tracker.self_describing_json.SelfDescribingJson object at 0x797cd7fbffe0>, <snowplow_tracker.self_describing_json.SelfDescribingJson object at 0x797cd7728cb0>, <snowplow_tracker.self_describing_json.SelfDescribingJson object at 0x797cd53905c0>]}


============================== 13:14:48.769148 | ea181cae-879b-4407-9459-3a847465f122 ==============================
[0m13:14:48.769148 [info ] [MainThread]: Running with dbt=1.11.7
[0m13:14:48.769852 [debug] [MainThread]: running dbt with arguments {'warn_error_options': 'WarnErrorOptionsV2(error=[], warn=[], silence=[])', 'use_colors': 'True', 'no_print': 'None', 'invocation_command': 'dbt init cinema --project-dir //opt/airflow/dbt', 'log_cache_events': 'False', 'introspect': 'True', 'static_parser': 'True', 'version_check': 'True', 'quiet': 'False', 'partial_parse': 'True', 'empty': 'None', 'cache_selected_only': 'False', 'write_json': 'True', 'warn_error': 'None', 'debug': 'False', 'indirect_selection': 'eager', 'target_path': 'None', 'use_experimental_parser': 'False', 'printer_width': '80', 'log_format': 'default', 'fail_fast': 'False', 'send_anonymous_usage_stats': 'True', 'log_path': 'logs', 'profiles_dir': '/home/airflow/.dbt'}
[0m13:14:48.779802 [info ] [MainThread]: A project called cinema already exists here.
[0m13:14:48.781066 [debug] [MainThread]: Resource report: {"command_name": "init", "command_success": true, "command_wall_clock_time": 0.071292035, "process_in_blocks": "0", "process_kernel_time": 0.161252, "process_mem_max_rss": "104340", "process_out_blocks": "0", "process_user_time": 1.394831}
[0m13:14:48.781864 [debug] [MainThread]: Command `dbt init` succeeded at 13:14:48.781762 after 0.07 seconds
[0m13:14:48.782498 [debug] [MainThread]: Sending event: {'category': 'dbt', 'action': 'invocation', 'label': 'end', 'context': [<snowplow_tracker.self_describing_json.SelfDescribingJson object at 0x797cd555fef0>, <snowplow_tracker.self_describing_json.SelfDescribingJson object at 0x797cd7728cb0>, <snowplow_tracker.self_describing_json.SelfDescribingJson object at 0x797cd5a4bda0>]}
[0m13:14:48.783095 [debug] [MainThread]: Flushing usage events
[0m13:14:49.414948 [debug] [MainThread]: An error was encountered while trying to flush usage events
[0m13:40:35.774777 [debug] [MainThread]: Sending event: {'category': 'dbt', 'action': 'invocation', 'label': 'start', 'context': [<snowplow_tracker.self_describing_json.SelfDescribingJson object at 0x7fcb4a0a68d0>, <snowplow_tracker.self_describing_json.SelfDescribingJson object at 0x7fcb49eef230>, <snowplow_tracker.self_describing_json.SelfDescribingJson object at 0x7fcb49eece60>]}


============================== 13:40:35.778072 | 1648e983-221e-4ef5-b04f-6b0d98c98379 ==============================
[0m13:40:35.778072 [info ] [MainThread]: Running with dbt=1.11.7
[0m13:40:35.778823 [debug] [MainThread]: running dbt with arguments {'debug': 'False', 'no_print': 'None', 'indirect_selection': 'eager', 'write_json': 'True', 'profiles_dir': '/home/airflow/.dbt', 'warn_error_options': 'WarnErrorOptionsV2(error=[], warn=[], silence=[])', 'empty': 'None', 'quiet': 'False', 'target_path': 'None', 'cache_selected_only': 'False', 'log_format': 'default', 'introspect': 'True', 'invocation_command': 'dbt init cinema --project-dir //opt/airflow/dbt', 'partial_parse': 'True', 'use_experimental_parser': 'False', 'fail_fast': 'False', 'printer_width': '80', 'use_colors': 'True', 'static_parser': 'True', 'send_anonymous_usage_stats': 'True', 'warn_error': 'None', 'version_check': 'True', 'log_path': 'logs', 'log_cache_events': 'False'}
[0m13:40:35.787075 [info ] [MainThread]: Creating dbt configuration folder at /home/airflow/.dbt
[0m13:40:35.789022 [debug] [MainThread]: Starter project path: /home/airflow/.local/lib/python3.12/site-packages/dbt/include/starter_project
[0m13:40:35.792989 [info ] [MainThread]: 
Your new dbt project "cinema" was created!

For more information on how to configure the profiles.yml file,
please consult the dbt documentation here:

  https://docs.getdbt.com/docs/configure-your-profile

One more thing:

Need help? Don't hesitate to reach out to us via GitHub issues or on Slack:

  https://community.getdbt.com/

Happy modeling!

[0m13:40:35.793636 [info ] [MainThread]: Setting up your profile.
[0m13:40:58.066573 [info ] [MainThread]: Profile cinema written to /home/airflow/.dbt/profiles.yml using target's profile_template.yml and your supplied values. Run 'dbt debug' to validate the connection.
[0m13:40:58.068051 [debug] [MainThread]: Resource report: {"command_name": "init", "command_success": true, "command_wall_clock_time": 22.35175, "process_in_blocks": "0", "process_kernel_time": 0.250758, "process_mem_max_rss": "110232", "process_out_blocks": "1912", "process_user_time": 1.472709}
[0m13:40:58.068753 [debug] [MainThread]: Command `dbt init` succeeded at 13:40:58.068632 after 22.35 seconds
[0m13:40:58.069215 [debug] [MainThread]: Sending event: {'category': 'dbt', 'action': 'invocation', 'label': 'end', 'context': [<snowplow_tracker.self_describing_json.SelfDescribingJson object at 0x7fcb4a19b500>, <snowplow_tracker.self_describing_json.SelfDescribingJson object at 0x7fcb49700320>, <snowplow_tracker.self_describing_json.SelfDescribingJson object at 0x7fcb49f17500>]}
[0m13:40:58.069696 [debug] [MainThread]: Flushing usage events
[0m13:40:58.720126 [debug] [MainThread]: An error was encountered while trying to flush usage events
[0m13:44:02.425978 [debug] [MainThread]: Sending event: {'category': 'dbt', 'action': 'invocation', 'label': 'start', 'context': [<snowplow_tracker.self_describing_json.SelfDescribingJson object at 0x7aaf0175ad20>, <snowplow_tracker.self_describing_json.SelfDescribingJson object at 0x7aaefeb95d00>, <snowplow_tracker.self_describing_json.SelfDescribingJson object at 0x7aaeff546300>]}


============================== 13:44:02.429756 | d188e6bd-0ae7-48ca-b959-dd7e5faa5721 ==============================
[0m13:44:02.429756 [info ] [MainThread]: Running with dbt=1.11.7
[0m13:44:02.430650 [debug] [MainThread]: running dbt with arguments {'log_path': 'logs', 'cache_selected_only': 'False', 'target_path': 'None', 'warn_error': 'None', 'invocation_command': 'dbt init cinema --project-dir //opt/airflow/dbt', 'static_parser': 'True', 'quiet': 'False', 'fail_fast': 'False', 'empty': 'None', 'indirect_selection': 'eager', 'use_experimental_parser': 'False', 'log_format': 'default', 'printer_width': '80', 'log_cache_events': 'False', 'partial_parse': 'True', 'send_anonymous_usage_stats': 'True', 'use_colors': 'True', 'debug': 'False', 'no_print': 'None', 'write_json': 'True', 'introspect': 'True', 'warn_error_options': 'WarnErrorOptionsV2(error=[], warn=[], silence=[])', 'version_check': 'True', 'profiles_dir': '/home/airflow/.dbt'}
[0m13:44:02.440869 [debug] [MainThread]: Starter project path: /home/airflow/.local/lib/python3.12/site-packages/dbt/include/starter_project
[0m13:44:02.444698 [info ] [MainThread]: 
Your new dbt project "cinema" was created!

For more information on how to configure the profiles.yml file,
please consult the dbt documentation here:

  https://docs.getdbt.com/docs/configure-your-profile

One more thing:

Need help? Don't hesitate to reach out to us via GitHub issues or on Slack:

  https://community.getdbt.com/

Happy modeling!

[0m13:44:02.445759 [info ] [MainThread]: Setting up your profile.
[0m13:44:16.290895 [debug] [MainThread]: Resource report: {"command_name": "init", "command_success": true, "command_wall_clock_time": 13.923372, "process_in_blocks": "0", "process_kernel_time": 0.174671, "process_mem_max_rss": "104588", "process_out_blocks": "64", "process_user_time": 1.492647}
[0m13:44:16.291729 [debug] [MainThread]: Command `dbt init` succeeded at 13:44:16.291621 after 13.92 seconds
[0m13:44:16.292362 [debug] [MainThread]: Sending event: {'category': 'dbt', 'action': 'invocation', 'label': 'end', 'context': [<snowplow_tracker.self_describing_json.SelfDescribingJson object at 0x7aaf0187c350>, <snowplow_tracker.self_describing_json.SelfDescribingJson object at 0x7aaeff3a5f70>, <snowplow_tracker.self_describing_json.SelfDescribingJson object at 0x7aaefea0a480>]}
[0m13:44:16.293034 [debug] [MainThread]: Flushing usage events
[0m13:44:16.834390 [debug] [MainThread]: An error was encountered while trying to flush usage events
[0m13:44:23.764020 [debug] [MainThread]: Sending event: {'category': 'dbt', 'action': 'invocation', 'label': 'start', 'context': [<snowplow_tracker.self_describing_json.SelfDescribingJson object at 0x7ef6a270ef00>, <snowplow_tracker.self_describing_json.SelfDescribingJson object at 0x7ef6a089c440>, <snowplow_tracker.self_describing_json.SelfDescribingJson object at 0x7ef6a0748b00>]}


============================== 13:44:23.767365 | 7c1e0a30-1e25-4de5-a21a-0cd224caae05 ==============================
[0m13:44:23.767365 [info ] [MainThread]: Running with dbt=1.11.7
[0m13:44:23.768163 [debug] [MainThread]: running dbt with arguments {'write_json': 'True', 'no_print': 'None', 'quiet': 'False', 'fail_fast': 'False', 'target_path': 'None', 'log_format': 'default', 'printer_width': '80', 'log_path': 'logs', 'introspect': 'True', 'indirect_selection': 'eager', 'send_anonymous_usage_stats': 'True', 'profiles_dir': '/home/airflow/.dbt', 'invocation_command': 'dbt init cinema --project-dir //opt/airflow/dbt', 'cache_selected_only': 'False', 'log_cache_events': 'False', 'debug': 'False', 'version_check': 'True', 'partial_parse': 'True', 'static_parser': 'True', 'warn_error': 'None', 'empty': 'None', 'use_colors': 'True', 'warn_error_options': 'WarnErrorOptionsV2(error=[], warn=[], silence=[])', 'use_experimental_parser': 'False'}
[0m13:44:23.778458 [info ] [MainThread]: A project called cinema already exists here.
[0m13:44:23.779868 [debug] [MainThread]: Resource report: {"command_name": "init", "command_success": true, "command_wall_clock_time": 0.07426207, "process_in_blocks": "0", "process_kernel_time": 0.228084, "process_mem_max_rss": "103980", "process_out_blocks": "0", "process_user_time": 1.424528}
[0m13:44:23.780729 [debug] [MainThread]: Command `dbt init` succeeded at 13:44:23.780597 after 0.08 seconds
[0m13:44:23.781364 [debug] [MainThread]: Sending event: {'category': 'dbt', 'action': 'invocation', 'label': 'end', 'context': [<snowplow_tracker.self_describing_json.SelfDescribingJson object at 0x7ef6a270ef00>, <snowplow_tracker.self_describing_json.SelfDescribingJson object at 0x7ef6a081b9b0>, <snowplow_tracker.self_describing_json.SelfDescribingJson object at 0x7ef69ffdcec0>]}
[0m13:44:23.782102 [debug] [MainThread]: Flushing usage events
[0m13:44:24.290147 [debug] [MainThread]: An error was encountered while trying to flush usage events
[0m13:44:41.000424 [debug] [MainThread]: Sending event: {'category': 'dbt', 'action': 'invocation', 'label': 'start', 'context': [<snowplow_tracker.self_describing_json.SelfDescribingJson object at 0x7a344f608f20>, <snowplow_tracker.self_describing_json.SelfDescribingJson object at 0x7a344d18b350>, <snowplow_tracker.self_describing_json.SelfDescribingJson object at 0x7a344e5511c0>]}


============================== 13:44:41.003849 | 5bdf2139-b015-47ed-9e25-429743cf6102 ==============================
[0m13:44:41.003849 [info ] [MainThread]: Running with dbt=1.11.7
[0m13:44:41.004562 [debug] [MainThread]: running dbt with arguments {'profiles_dir': '/home/airflow/.dbt', 'use_colors': 'True', 'log_path': 'logs', 'no_print': 'None', 'fail_fast': 'False', 'log_format': 'default', 'send_anonymous_usage_stats': 'True', 'printer_width': '80', 'use_experimental_parser': 'False', 'warn_error_options': 'WarnErrorOptionsV2(error=[], warn=[], silence=[])', 'log_cache_events': 'False', 'cache_selected_only': 'False', 'version_check': 'True', 'static_parser': 'True', 'partial_parse': 'True', 'write_json': 'True', 'target_path': 'None', 'debug': 'False', 'quiet': 'False', 'empty': 'None', 'introspect': 'True', 'invocation_command': 'dbt init cinema --project-dir //opt/airflow/dbt', 'warn_error': 'None', 'indirect_selection': 'eager'}
[0m13:44:41.014204 [debug] [MainThread]: Starter project path: /home/airflow/.local/lib/python3.12/site-packages/dbt/include/starter_project
[0m13:44:41.017892 [info ] [MainThread]: 
Your new dbt project "cinema" was created!

For more information on how to configure the profiles.yml file,
please consult the dbt documentation here:

  https://docs.getdbt.com/docs/configure-your-profile

One more thing:

Need help? Don't hesitate to reach out to us via GitHub issues or on Slack:

  https://community.getdbt.com/

Happy modeling!

[0m13:44:41.018468 [info ] [MainThread]: Setting up your profile.
[0m13:45:06.154288 [info ] [MainThread]: Profile cinema written to /home/airflow/.dbt/profiles.yml using target's profile_template.yml and your supplied values. Run 'dbt debug' to validate the connection.
[0m13:45:06.155599 [debug] [MainThread]: Resource report: {"command_name": "init", "command_success": true, "command_wall_clock_time": 25.21499, "process_in_blocks": "0", "process_kernel_time": 0.211885, "process_mem_max_rss": "108620", "process_out_blocks": "64", "process_user_time": 1.435227}
[0m13:45:06.156232 [debug] [MainThread]: Command `dbt init` succeeded at 13:45:06.156133 after 25.22 seconds
[0m13:45:06.156670 [debug] [MainThread]: Sending event: {'category': 'dbt', 'action': 'invocation', 'label': 'end', 'context': [<snowplow_tracker.self_describing_json.SelfDescribingJson object at 0x7a344d07f3e0>, <snowplow_tracker.self_describing_json.SelfDescribingJson object at 0x7a344c8d53a0>, <snowplow_tracker.self_describing_json.SelfDescribingJson object at 0x7a344c8d7620>]}
[0m13:45:06.157137 [debug] [MainThread]: Flushing usage events
[0m13:45:06.653794 [debug] [MainThread]: An error was encountered while trying to flush usage events
[0m13:48:01.064988 [debug] [MainThread]: Sending event: {'category': 'dbt', 'action': 'invocation', 'label': 'start', 'context': [<snowplow_tracker.self_describing_json.SelfDescribingJson object at 0x7920b747f740>, <snowplow_tracker.self_describing_json.SelfDescribingJson object at 0x7920b87683b0>, <snowplow_tracker.self_describing_json.SelfDescribingJson object at 0x7920b60894c0>]}


============================== 13:48:01.068272 | 7bc1ea0f-6a3b-4d55-b11b-af080a97b807 ==============================
[0m13:48:01.068272 [info ] [MainThread]: Running with dbt=1.11.7
[0m13:48:01.069035 [debug] [MainThread]: running dbt with arguments {'static_parser': 'True', 'profiles_dir': '/home/airflow/.dbt', 'write_json': 'True', 'invocation_command': 'dbt init cinema --project-dir //opt/airflow/dbt/', 'warn_error_options': 'WarnErrorOptionsV2(error=[], warn=[], silence=[])', 'empty': 'None', 'version_check': 'True', 'log_cache_events': 'False', 'introspect': 'True', 'quiet': 'False', 'send_anonymous_usage_stats': 'True', 'warn_error': 'None', 'cache_selected_only': 'False', 'target_path': 'None', 'log_format': 'default', 'use_colors': 'True', 'debug': 'False', 'log_path': 'logs', 'use_experimental_parser': 'False', 'partial_parse': 'True', 'indirect_selection': 'eager', 'printer_width': '80', 'no_print': 'None', 'fail_fast': 'False'}
[0m13:48:01.079445 [debug] [MainThread]: Starter project path: /home/airflow/.local/lib/python3.12/site-packages/dbt/include/starter_project
[0m13:48:01.083212 [info ] [MainThread]: 
Your new dbt project "cinema" was created!

For more information on how to configure the profiles.yml file,
please consult the dbt documentation here:

  https://docs.getdbt.com/docs/configure-your-profile

One more thing:

Need help? Don't hesitate to reach out to us via GitHub issues or on Slack:

  https://community.getdbt.com/

Happy modeling!

[0m13:48:01.084148 [info ] [MainThread]: Setting up your profile.
[0m13:48:23.809068 [info ] [MainThread]: Profile cinema written to /home/airflow/.dbt/profiles.yml using target's profile_template.yml and your supplied values. Run 'dbt debug' to validate the connection.
[0m13:48:23.810670 [debug] [MainThread]: Resource report: {"command_name": "init", "command_success": true, "command_wall_clock_time": 22.805374, "process_in_blocks": "0", "process_kernel_time": 0.163238, "process_mem_max_rss": "108768", "process_out_blocks": "64", "process_user_time": 1.381551}
[0m13:48:23.811392 [debug] [MainThread]: Command `dbt init` succeeded at 13:48:23.811283 after 22.81 seconds
[0m13:48:23.811995 [debug] [MainThread]: Sending event: {'category': 'dbt', 'action': 'invocation', 'label': 'end', 'context': [<snowplow_tracker.self_describing_json.SelfDescribingJson object at 0x7920b747f740>, <snowplow_tracker.self_describing_json.SelfDescribingJson object at 0x7920b66d3bf0>, <snowplow_tracker.self_describing_json.SelfDescribingJson object at 0x7920b5798fb0>]}
[0m13:48:23.812643 [debug] [MainThread]: Flushing usage events
[0m13:48:24.364151 [debug] [MainThread]: An error was encountered while trying to flush usage events
[0m13:49:53.604200 [debug] [MainThread]: Sending event: {'category': 'dbt', 'action': 'invocation', 'label': 'start', 'context': [<snowplow_tracker.self_describing_json.SelfDescribingJson object at 0x796476b7a0f0>, <snowplow_tracker.self_describing_json.SelfDescribingJson object at 0x79647909c260>, <snowplow_tracker.self_describing_json.SelfDescribingJson object at 0x7964770f2c30>]}


============================== 13:49:53.607665 | 2ecd73b0-4e79-4cf9-8565-997332abdac7 ==============================
[0m13:49:53.607665 [info ] [MainThread]: Running with dbt=1.11.7
[0m13:49:53.608423 [debug] [MainThread]: running dbt with arguments {'warn_error_options': 'WarnErrorOptionsV2(error=[], warn=[], silence=[])', 'debug': 'False', 'invocation_command': 'dbt init cinema --project-dir //opt/airflow/dbt', 'use_experimental_parser': 'False', 'log_format': 'default', 'cache_selected_only': 'False', 'log_cache_events': 'False', 'target_path': 'None', 'indirect_selection': 'eager', 'write_json': 'True', 'printer_width': '80', 'static_parser': 'True', 'introspect': 'True', 'send_anonymous_usage_stats': 'True', 'fail_fast': 'False', 'partial_parse': 'True', 'use_colors': 'True', 'no_print': 'None', 'empty': 'None', 'log_path': 'logs', 'profiles_dir': '/home/airflow/.dbt', 'quiet': 'False', 'version_check': 'True', 'warn_error': 'None'}
[0m13:49:53.618240 [debug] [MainThread]: Starter project path: /home/airflow/.local/lib/python3.12/site-packages/dbt/include/starter_project
[0m13:49:53.622031 [info ] [MainThread]: 
Your new dbt project "cinema" was created!

For more information on how to configure the profiles.yml file,
please consult the dbt documentation here:

  https://docs.getdbt.com/docs/configure-your-profile

One more thing:

Need help? Don't hesitate to reach out to us via GitHub issues or on Slack:

  https://community.getdbt.com/

Happy modeling!

[0m13:49:53.622769 [info ] [MainThread]: Setting up your profile.
[0m13:50:21.184774 [info ] [MainThread]: Profile cinema written to /home/airflow/.dbt/profiles.yml using target's profile_template.yml and your supplied values. Run 'dbt debug' to validate the connection.
[0m13:50:21.186159 [debug] [MainThread]: Resource report: {"command_name": "init", "command_success": true, "command_wall_clock_time": 27.640577, "process_in_blocks": "0", "process_kernel_time": 0.14845, "process_mem_max_rss": "108864", "process_out_blocks": "64", "process_user_time": 1.428331}
[0m13:50:21.187030 [debug] [MainThread]: Command `dbt init` succeeded at 13:50:21.186913 after 27.64 seconds
[0m13:50:21.187594 [debug] [MainThread]: Sending event: {'category': 'dbt', 'action': 'invocation', 'label': 'end', 'context': [<snowplow_tracker.self_describing_json.SelfDescribingJson object at 0x79647650c470>, <snowplow_tracker.self_describing_json.SelfDescribingJson object at 0x796476bbc8c0>, <snowplow_tracker.self_describing_json.SelfDescribingJson object at 0x7964760f1be0>]}
[0m13:50:21.188161 [debug] [MainThread]: Flushing usage events
[0m13:50:21.807808 [debug] [MainThread]: An error was encountered while trying to flush usage events
[0m13:52:47.466381 [debug] [MainThread]: Sending event: {'category': 'dbt', 'action': 'invocation', 'label': 'start', 'context': [<snowplow_tracker.self_describing_json.SelfDescribingJson object at 0x728013aae4e0>, <snowplow_tracker.self_describing_json.SelfDescribingJson object at 0x728014871430>, <snowplow_tracker.self_describing_json.SelfDescribingJson object at 0x728013aacfe0>]}


============================== 13:52:47.469606 | aa3b70c9-fe28-41b7-91c3-bb9779bcfd0a ==============================
[0m13:52:47.469606 [info ] [MainThread]: Running with dbt=1.11.7
[0m13:52:47.470305 [debug] [MainThread]: running dbt with arguments {'introspect': 'True', 'use_colors': 'True', 'empty': 'None', 'quiet': 'False', 'printer_width': '80', 'version_check': 'True', 'indirect_selection': 'eager', 'log_cache_events': 'False', 'write_json': 'True', 'target_path': 'None', 'invocation_command': 'dbt init cinema --project-dir //opt/airflow/dbt', 'static_parser': 'True', 'fail_fast': 'False', 'no_print': 'None', 'partial_parse': 'True', 'cache_selected_only': 'False', 'warn_error': 'None', 'warn_error_options': 'WarnErrorOptionsV2(error=[], warn=[], silence=[])', 'send_anonymous_usage_stats': 'True', 'log_path': 'logs', 'profiles_dir': '/home/airflow/.dbt', 'debug': 'False', 'log_format': 'default', 'use_experimental_parser': 'False'}
[0m13:52:47.479930 [debug] [MainThread]: Starter project path: /home/airflow/.local/lib/python3.12/site-packages/dbt/include/starter_project
[0m13:52:47.483687 [info ] [MainThread]: 
Your new dbt project "cinema" was created!

For more information on how to configure the profiles.yml file,
please consult the dbt documentation here:

  https://docs.getdbt.com/docs/configure-your-profile

One more thing:

Need help? Don't hesitate to reach out to us via GitHub issues or on Slack:

  https://community.getdbt.com/

Happy modeling!

[0m13:52:47.484298 [info ] [MainThread]: Setting up your profile.
[0m13:53:05.840673 [info ] [MainThread]: Profile cinema written to /home/airflow/.dbt/profiles.yml using target's profile_template.yml and your supplied values. Run 'dbt debug' to validate the connection.
[0m13:53:05.842130 [debug] [MainThread]: Resource report: {"command_name": "init", "command_success": true, "command_wall_clock_time": 18.43422, "process_in_blocks": "0", "process_kernel_time": 0.159731, "process_mem_max_rss": "109120", "process_out_blocks": "64", "process_user_time": 1.40564}
[0m13:53:05.842815 [debug] [MainThread]: Command `dbt init` succeeded at 13:53:05.842704 after 18.44 seconds
[0m13:53:05.843457 [debug] [MainThread]: Sending event: {'category': 'dbt', 'action': 'invocation', 'label': 'end', 'context': [<snowplow_tracker.self_describing_json.SelfDescribingJson object at 0x728013afc6e0>, <snowplow_tracker.self_describing_json.SelfDescribingJson object at 0x7280140666c0>, <snowplow_tracker.self_describing_json.SelfDescribingJson object at 0x728014871430>]}
[0m13:53:05.844048 [debug] [MainThread]: Flushing usage events
[0m13:53:06.465027 [debug] [MainThread]: An error was encountered while trying to flush usage events
[0m13:53:38.012625 [debug] [MainThread]: Sending event: {'category': 'dbt', 'action': 'invocation', 'label': 'start', 'context': [<snowplow_tracker.self_describing_json.SelfDescribingJson object at 0x72f194360b90>, <snowplow_tracker.self_describing_json.SelfDescribingJson object at 0x72f1925dac90>, <snowplow_tracker.self_describing_json.SelfDescribingJson object at 0x72f1928ce1e0>]}


============================== 13:53:38.015850 | 09f21227-4904-44fa-9db7-b82788b2d384 ==============================
[0m13:53:38.015850 [info ] [MainThread]: Running with dbt=1.11.7
[0m13:53:38.016769 [debug] [MainThread]: running dbt with arguments {'target_path': 'None', 'partial_parse': 'True', 'profiles_dir': '/home/airflow/.dbt', 'write_json': 'True', 'fail_fast': 'False', 'log_format': 'default', 'use_colors': 'True', 'use_experimental_parser': 'False', 'introspect': 'True', 'version_check': 'True', 'debug': 'False', 'cache_selected_only': 'False', 'send_anonymous_usage_stats': 'True', 'invocation_command': 'dbt init cinema', 'printer_width': '80', 'log_cache_events': 'False', 'indirect_selection': 'eager', 'empty': 'None', 'quiet': 'False', 'log_path': 'logs', 'warn_error_options': 'WarnErrorOptionsV2(error=[], warn=[], silence=[])', 'no_print': 'None', 'warn_error': 'None', 'static_parser': 'True'}
[0m13:53:38.026614 [debug] [MainThread]: Starter project path: /home/airflow/.local/lib/python3.12/site-packages/dbt/include/starter_project
[0m13:53:38.030340 [info ] [MainThread]: 
Your new dbt project "cinema" was created!

For more information on how to configure the profiles.yml file,
please consult the dbt documentation here:

  https://docs.getdbt.com/docs/configure-your-profile

One more thing:

Need help? Don't hesitate to reach out to us via GitHub issues or on Slack:

  https://community.getdbt.com/

Happy modeling!

[0m13:53:38.030960 [info ] [MainThread]: Setting up your profile.
[0m13:54:13.865077 [info ] [MainThread]: Profile cinema written to /home/airflow/.dbt/profiles.yml using target's profile_template.yml and your supplied values. Run 'dbt debug' to validate the connection.
[0m13:54:13.866689 [debug] [MainThread]: Resource report: {"command_name": "init", "command_success": true, "command_wall_clock_time": 35.91042, "process_in_blocks": "0", "process_kernel_time": 0.169017, "process_mem_max_rss": "108388", "process_out_blocks": "64", "process_user_time": 1.416525}
[0m13:54:13.867377 [debug] [MainThread]: Command `dbt init` succeeded at 13:54:13.867269 after 35.91 seconds
[0m13:54:13.867934 [debug] [MainThread]: Sending event: {'category': 'dbt', 'action': 'invocation', 'label': 'end', 'context': [<snowplow_tracker.self_describing_json.SelfDescribingJson object at 0x72f195fdf0b0>, <snowplow_tracker.self_describing_json.SelfDescribingJson object at 0x72f192b623c0>, <snowplow_tracker.self_describing_json.SelfDescribingJson object at 0x72f1924bf530>]}
[0m13:54:13.868510 [debug] [MainThread]: Flushing usage events
[0m13:54:14.619435 [debug] [MainThread]: An error was encountered while trying to flush usage events
[0m13:56:07.034684 [debug] [MainThread]: Sending event: {'category': 'dbt', 'action': 'invocation', 'label': 'start', 'context': [<snowplow_tracker.self_describing_json.SelfDescribingJson object at 0x74c2f6a491c0>, <snowplow_tracker.self_describing_json.SelfDescribingJson object at 0x74c2f7f72450>, <snowplow_tracker.self_describing_json.SelfDescribingJson object at 0x74c2f6831910>]}


============================== 13:56:07.037989 | baccf8d3-cadb-475a-bdd0-d4325990f5f8 ==============================
[0m13:56:07.037989 [info ] [MainThread]: Running with dbt=1.11.7
[0m13:56:07.038783 [debug] [MainThread]: running dbt with arguments {'indirect_selection': 'eager', 'profiles_dir': '/home/airflow/.dbt', 'no_print': 'None', 'fail_fast': 'False', 'log_path': 'logs', 'warn_error': 'None', 'version_check': 'True', 'invocation_command': 'dbt init cinema', 'introspect': 'True', 'quiet': 'False', 'static_parser': 'True', 'target_path': 'None', 'warn_error_options': 'WarnErrorOptionsV2(error=[], warn=[], silence=[])', 'log_cache_events': 'False', 'use_experimental_parser': 'False', 'use_colors': 'True', 'send_anonymous_usage_stats': 'True', 'write_json': 'True', 'debug': 'False', 'cache_selected_only': 'False', 'printer_width': '80', 'partial_parse': 'True', 'empty': 'None', 'log_format': 'default'}
[0m13:56:07.049036 [debug] [MainThread]: Starter project path: /home/airflow/.local/lib/python3.12/site-packages/dbt/include/starter_project
[0m13:56:07.053294 [info ] [MainThread]: 
Your new dbt project "cinema" was created!

For more information on how to configure the profiles.yml file,
please consult the dbt documentation here:

  https://docs.getdbt.com/docs/configure-your-profile

One more thing:

Need help? Don't hesitate to reach out to us via GitHub issues or on Slack:

  https://community.getdbt.com/

Happy modeling!

[0m13:56:07.054225 [info ] [MainThread]: Setting up your profile.
[0m13:56:32.271990 [info ] [MainThread]: Profile cinema written to /home/airflow/.dbt/profiles.yml using target's profile_template.yml and your supplied values. Run 'dbt debug' to validate the connection.
[0m13:56:32.273459 [debug] [MainThread]: Resource report: {"command_name": "init", "command_success": true, "command_wall_clock_time": 25.29774, "process_in_blocks": "0", "process_kernel_time": 0.216817, "process_mem_max_rss": "108504", "process_out_blocks": "64", "process_user_time": 1.357116}
[0m13:56:32.274210 [debug] [MainThread]: Command `dbt init` succeeded at 13:56:32.274057 after 25.30 seconds
[0m13:56:32.274718 [debug] [MainThread]: Sending event: {'category': 'dbt', 'action': 'invocation', 'label': 'end', 'context': [<snowplow_tracker.self_describing_json.SelfDescribingJson object at 0x74c2f637af30>, <snowplow_tracker.self_describing_json.SelfDescribingJson object at 0x74c2f6694e30>, <snowplow_tracker.self_describing_json.SelfDescribingJson object at 0x74c2f60a42c0>]}
[0m13:56:32.275178 [debug] [MainThread]: Flushing usage events
[0m13:56:32.899474 [debug] [MainThread]: An error was encountered while trying to flush usage events
[0m14:01:12.080041 [debug] [MainThread]: Sending event: {'category': 'dbt', 'action': 'invocation', 'label': 'start', 'context': [<snowplow_tracker.self_describing_json.SelfDescribingJson object at 0x7624b94f94c0>, <snowplow_tracker.self_describing_json.SelfDescribingJson object at 0x7624b96cb500>, <snowplow_tracker.self_describing_json.SelfDescribingJson object at 0x7624bacc8cb0>]}


============================== 14:01:12.083431 | 89de3959-885c-4a55-b278-7cb804133af3 ==============================
[0m14:01:12.083431 [info ] [MainThread]: Running with dbt=1.11.7
[0m14:01:12.084141 [debug] [MainThread]: running dbt with arguments {'no_print': 'None', 'profiles_dir': '/home/airflow/.dbt', 'invocation_command': 'dbt init', 'partial_parse': 'True', 'fail_fast': 'False', 'cache_selected_only': 'False', 'static_parser': 'True', 'quiet': 'False', 'use_colors': 'True', 'version_check': 'True', 'indirect_selection': 'eager', 'log_path': 'logs', 'printer_width': '80', 'write_json': 'True', 'empty': 'None', 'debug': 'False', 'introspect': 'True', 'target_path': 'None', 'warn_error': 'None', 'log_format': 'default', 'send_anonymous_usage_stats': 'True', 'warn_error_options': 'WarnErrorOptionsV2(error=[], warn=[], silence=[])', 'use_experimental_parser': 'False', 'log_cache_events': 'False'}
[0m14:01:18.071280 [debug] [MainThread]: Starter project path: /home/airflow/.local/lib/python3.12/site-packages/dbt/include/starter_project
[0m14:01:18.078210 [info ] [MainThread]: 
Your new dbt project "cinema" was created!

For more information on how to configure the profiles.yml file,
please consult the dbt documentation here:

  https://docs.getdbt.com/docs/configure-your-profile

One more thing:

Need help? Don't hesitate to reach out to us via GitHub issues or on Slack:

  https://community.getdbt.com/

Happy modeling!

[0m14:01:18.079144 [info ] [MainThread]: Setting up your profile.
[0m14:01:30.543950 [info ] [MainThread]: Profile cinema written to /home/airflow/.dbt/profiles.yml using target's profile_template.yml and your supplied values. Run 'dbt debug' to validate the connection.
[0m14:01:30.545744 [debug] [MainThread]: Resource report: {"command_name": "init", "command_success": true, "command_wall_clock_time": 18.526585, "process_in_blocks": "0", "process_kernel_time": 0.241889, "process_mem_max_rss": "108724", "process_out_blocks": "64", "process_user_time": 1.459266}
[0m14:01:30.546441 [debug] [MainThread]: Command `dbt init` succeeded at 14:01:30.546341 after 18.53 seconds
[0m14:01:30.547047 [debug] [MainThread]: Sending event: {'category': 'dbt', 'action': 'invocation', 'label': 'end', 'context': [<snowplow_tracker.self_describing_json.SelfDescribingJson object at 0x7624b901a5d0>, <snowplow_tracker.self_describing_json.SelfDescribingJson object at 0x7624bbbc4170>, <snowplow_tracker.self_describing_json.SelfDescribingJson object at 0x7624b944c7d0>]}
[0m14:01:30.547584 [debug] [MainThread]: Flushing usage events
[0m14:01:31.176251 [debug] [MainThread]: An error was encountered while trying to flush usage events
[0m14:05:38.688848 [debug] [MainThread]: Sending event: {'category': 'dbt', 'action': 'invocation', 'label': 'start', 'context': [<snowplow_tracker.self_describing_json.SelfDescribingJson object at 0x742eb29722d0>, <snowplow_tracker.self_describing_json.SelfDescribingJson object at 0x742eb2c1be60>, <snowplow_tracker.self_describing_json.SelfDescribingJson object at 0x742eb495f230>]}


============================== 14:05:38.692087 | 07ff4bdb-0f39-45c2-99ec-a615a45fad77 ==============================
[0m14:05:38.692087 [info ] [MainThread]: Running with dbt=1.11.7
[0m14:05:38.692978 [debug] [MainThread]: running dbt with arguments {'target_path': 'None', 'version_check': 'True', 'quiet': 'False', 'warn_error_options': 'WarnErrorOptionsV2(error=[], warn=[], silence=[])', 'log_format': 'default', 'log_cache_events': 'False', 'send_anonymous_usage_stats': 'True', 'static_parser': 'True', 'warn_error': 'None', 'debug': 'False', 'use_colors': 'True', 'profiles_dir': '/home/airflow/.dbt', 'log_path': 'logs', 'no_print': 'None', 'indirect_selection': 'eager', 'invocation_command': 'dbt init cinema --project-dir //opt/airflow/dbt', 'cache_selected_only': 'False', 'printer_width': '80', 'empty': 'None', 'use_experimental_parser': 'False', 'introspect': 'True', 'partial_parse': 'True', 'fail_fast': 'False', 'write_json': 'True'}
[0m14:05:38.706026 [debug] [MainThread]: Starter project path: /home/airflow/.local/lib/python3.12/site-packages/dbt/include/starter_project
[0m14:05:38.710015 [info ] [MainThread]: 
Your new dbt project "cinema" was created!

For more information on how to configure the profiles.yml file,
please consult the dbt documentation here:

  https://docs.getdbt.com/docs/configure-your-profile

One more thing:

Need help? Don't hesitate to reach out to us via GitHub issues or on Slack:

  https://community.getdbt.com/

Happy modeling!

[0m14:05:38.710772 [info ] [MainThread]: Setting up your profile.
[0m14:06:15.529219 [info ] [MainThread]: Profile cinema written to /home/airflow/.dbt/profiles.yml using target's profile_template.yml and your supplied values. Run 'dbt debug' to validate the connection.
[0m14:06:15.531767 [debug] [MainThread]: Resource report: {"command_name": "init", "command_success": true, "command_wall_clock_time": 36.905434, "process_in_blocks": "0", "process_kernel_time": 0.199171, "process_mem_max_rss": "108996", "process_out_blocks": "64", "process_user_time": 1.577435}
[0m14:06:15.532830 [debug] [MainThread]: Command `dbt init` succeeded at 14:06:15.532645 after 36.91 seconds
[0m14:06:15.533967 [debug] [MainThread]: Sending event: {'category': 'dbt', 'action': 'invocation', 'label': 'end', 'context': [<snowplow_tracker.self_describing_json.SelfDescribingJson object at 0x742eb2c1be60>, <snowplow_tracker.self_describing_json.SelfDescribingJson object at 0x742eb29e1760>, <snowplow_tracker.self_describing_json.SelfDescribingJson object at 0x742eb2200170>]}
[0m14:06:15.534898 [debug] [MainThread]: Flushing usage events
[0m14:06:16.161667 [debug] [MainThread]: An error was encountered while trying to flush usage events
[0m14:19:32.452530 [debug] [MainThread]: Sending event: {'category': 'dbt', 'action': 'invocation', 'label': 'start', 'context': [<snowplow_tracker.self_describing_json.SelfDescribingJson object at 0x7ebdc1a8e0f0>, <snowplow_tracker.self_describing_json.SelfDescribingJson object at 0x7ebdc25f26f0>, <snowplow_tracker.self_describing_json.SelfDescribingJson object at 0x7ebdc22c0560>]}


============================== 14:19:32.456196 | 9ed194d7-04fb-494f-86c3-44492c04eabb ==============================
[0m14:19:32.456196 [info ] [MainThread]: Running with dbt=1.11.7
[0m14:19:32.456946 [debug] [MainThread]: running dbt with arguments {'invocation_command': 'dbt init', 'static_parser': 'True', 'target_path': 'None', 'cache_selected_only': 'False', 'introspect': 'True', 'warn_error': 'None', 'indirect_selection': 'eager', 'warn_error_options': 'WarnErrorOptionsV2(error=[], warn=[], silence=[])', 'empty': 'None', 'send_anonymous_usage_stats': 'True', 'printer_width': '80', 'no_print': 'None', 'fail_fast': 'False', 'profiles_dir': '/home/airflow/.dbt', 'log_cache_events': 'False', 'quiet': 'False', 'debug': 'False', 'use_colors': 'True', 'partial_parse': 'True', 'log_path': 'logs', 'write_json': 'True', 'log_format': 'default', 'use_experimental_parser': 'False', 'version_check': 'True'}
[0m14:19:32.466648 [info ] [MainThread]: Creating dbt configuration folder at /home/airflow/.dbt
[0m14:19:41.531889 [debug] [MainThread]: Starter project path: /home/airflow/.local/lib/python3.12/site-packages/dbt/include/starter_project
[0m14:19:41.536316 [info ] [MainThread]: 
Your new dbt project "cinema" was created!

For more information on how to configure the profiles.yml file,
please consult the dbt documentation here:

  https://docs.getdbt.com/docs/configure-your-profile

One more thing:

Need help? Don't hesitate to reach out to us via GitHub issues or on Slack:

  https://community.getdbt.com/

Happy modeling!

[0m14:19:41.537097 [info ] [MainThread]: Setting up your profile.
[0m14:19:57.019063 [info ] [MainThread]: Profile cinema written to /home/airflow/.dbt/profiles.yml using target's profile_template.yml and your supplied values. Run 'dbt debug' to validate the connection.
[0m14:19:57.020861 [debug] [MainThread]: Resource report: {"command_name": "init", "command_success": true, "command_wall_clock_time": 24.629038, "process_in_blocks": "0", "process_kernel_time": 0.175333, "process_mem_max_rss": "108836", "process_out_blocks": "64", "process_user_time": 1.510256}
[0m14:19:57.022043 [debug] [MainThread]: Command `dbt init` succeeded at 14:19:57.021839 after 24.63 seconds
[0m14:19:57.022814 [debug] [MainThread]: Sending event: {'category': 'dbt', 'action': 'invocation', 'label': 'end', 'context': [<snowplow_tracker.self_describing_json.SelfDescribingJson object at 0x7ebdc273ac60>, <snowplow_tracker.self_describing_json.SelfDescribingJson object at 0x7ebdc273ac00>, <snowplow_tracker.self_describing_json.SelfDescribingJson object at 0x7ebdc21b2420>]}
[0m14:19:57.023572 [debug] [MainThread]: Flushing usage events
[0m14:19:57.663997 [debug] [MainThread]: An error was encountered while trying to flush usage events
