{"timestamp":"2026-02-15T22:02:58.434946Z","level":"info","event":"DAG bundles loaded: dags-folder, example_dags","logger":"airflow.dag_processing.bundles.manager.DagBundlesManager","filename":"manager.py","lineno":179}
{"timestamp":"2026-02-15T22:02:58.436458Z","level":"info","event":"Filling up the DagBag from /opt/airflow/dags/cinema_2026.py","logger":"airflow.models.dagbag.BundleDagBag","filename":"dagbag.py","lineno":593}
{"timestamp":"2026-02-15T22:02:58.466448Z","level":"warning","event":"The `airflow.decorators.dag` attribute is deprecated. Please use `'airflow.sdk.dag'`.","category":"DeprecatedImportWarning","filename":"/opt/airflow/dags/cinema_2026.py","lineno":1,"logger":"py.warnings"}
{"timestamp":"2026-02-15T22:02:58.466594Z","level":"warning","event":"The `airflow.decorators.task` attribute is deprecated. Please use `'airflow.sdk.task'`.","category":"DeprecatedImportWarning","filename":"/opt/airflow/dags/cinema_2026.py","lineno":1,"logger":"py.warnings"}
{"timestamp":"2026-02-15T22:02:58.466665Z","level":"warning","event":"The `airflow.operators.python.PythonOperator` attribute is deprecated. Please use `'airflow.providers.standard.operators.python.PythonOperator'`.","category":"DeprecatedImportWarning","filename":"/opt/airflow/dags/cinema_2026.py","lineno":4,"logger":"py.warnings"}
{"timestamp":"2026-02-15T22:02:58.466718Z","level":"warning","event":"The `airflow.operators.empty.EmptyOperator` attribute is deprecated. Please use `'airflow.providers.standard.operators.empty.EmptyOperator'`.","category":"DeprecatedImportWarning","filename":"/opt/airflow/dags/cinema_2026.py","lineno":5,"logger":"py.warnings"}
{"timestamp":"2026-02-15T22:02:58.466831Z","level":"warning","event":"The `airflow.models.param.Param` attribute is deprecated. Please use `'airflow.sdk.Param'`.","category":"DeprecatedImportWarning","filename":"/opt/airflow/dags/cinema_2026.py","lineno":6,"logger":"py.warnings"}
{"timestamp":"2026-02-15T22:02:58.466894Z","level":"warning","event":"The `airflow.models.param.ParamsDict` attribute is deprecated. Please use `'airflow.sdk.definitions.param.ParamsDict'`.","category":"DeprecatedImportWarning","filename":"/opt/airflow/dags/cinema_2026.py","lineno":6,"logger":"py.warnings"}
{"timestamp":"2026-02-15T22:02:58.490329Z","level":"info","event":"Task instance is in running state","logger":"task.stdout"}
{"timestamp":"2026-02-15T22:02:58.490646Z","level":"info","event":" Previous state of the Task instance: TaskInstanceState.QUEUED","logger":"task.stdout"}
{"timestamp":"2026-02-15T22:02:58.494334Z","level":"info","event":"Current task name:read_bilheteria","logger":"task.stdout"}
{"timestamp":"2026-02-15T22:02:58.494589Z","level":"info","event":"Dag name:dag_cinema","logger":"task.stdout"}
{"timestamp":"2026-02-15T22:02:58.504013Z","level":"info","event":"lendo: /opt/airflow/cinema2026/data/raw/unzip/bilheteria-diaria-obras-por-exibidoras-csv/bilheteria-diaria-obras-por-exibidoras-2026-01-s01.csv","logger":"task.stdout"}
{"timestamp":"2026-02-15T22:02:58.804118Z","level":"info","event":"lido: /opt/airflow/cinema2026/data/raw/unzip/bilheteria-diaria-obras-por-exibidoras-csv/bilheteria-diaria-obras-por-exibidoras-2026-01-s01.csv","logger":"task.stdout"}
{"timestamp":"2026-02-15T22:02:58.804659Z","level":"info","event":"lendo: /opt/airflow/cinema2026/data/raw/unzip/bilheteria-diaria-obras-por-exibidoras-csv/bilheteria-diaria-obras-por-exibidoras-2026-01-s02.csv","logger":"task.stdout"}
{"timestamp":"2026-02-15T22:02:59.112227Z","level":"info","event":"lido: /opt/airflow/cinema2026/data/raw/unzip/bilheteria-diaria-obras-por-exibidoras-csv/bilheteria-diaria-obras-por-exibidoras-2026-01-s02.csv","logger":"task.stdout"}
{"timestamp":"2026-02-15T22:02:59.112547Z","level":"info","event":"lendo: /opt/airflow/cinema2026/data/raw/unzip/bilheteria-diaria-obras-por-exibidoras-csv/bilheteria-diaria-obras-por-exibidoras-2026-01-s03.csv","logger":"task.stdout"}
{"timestamp":"2026-02-15T22:02:59.384212Z","level":"info","event":"lido: /opt/airflow/cinema2026/data/raw/unzip/bilheteria-diaria-obras-por-exibidoras-csv/bilheteria-diaria-obras-por-exibidoras-2026-01-s03.csv","logger":"task.stdout"}
{"timestamp":"2026-02-15T22:02:59.384578Z","level":"info","event":"lendo: /opt/airflow/cinema2026/data/raw/unzip/bilheteria-diaria-obras-por-exibidoras-csv/bilheteria-diaria-obras-por-exibidoras-2026-01-s04.csv","logger":"task.stdout"}
{"timestamp":"2026-02-15T22:02:59.647404Z","level":"info","event":"lido: /opt/airflow/cinema2026/data/raw/unzip/bilheteria-diaria-obras-por-exibidoras-csv/bilheteria-diaria-obras-por-exibidoras-2026-01-s04.csv","logger":"task.stdout"}
{"timestamp":"2026-02-15T22:02:59.647741Z","level":"info","event":"lendo: /opt/airflow/cinema2026/data/raw/unzip/bilheteria-diaria-obras-por-exibidoras-csv/bilheteria-diaria-obras-por-exibidoras-2026-01-s05.csv","logger":"task.stdout"}
{"timestamp":"2026-02-15T22:02:59.777416Z","level":"info","event":"lido: /opt/airflow/cinema2026/data/raw/unzip/bilheteria-diaria-obras-por-exibidoras-csv/bilheteria-diaria-obras-por-exibidoras-2026-01-s05.csv","logger":"task.stdout"}
{"timestamp":"2026-02-15T22:02:59.777784Z","level":"info","event":"lendo: /opt/airflow/cinema2026/data/raw/unzip/bilheteria-diaria-obras-por-exibidoras-csv/bilheteria-diaria-obras-por-exibidoras-2026-02-s01.csv","logger":"task.stdout"}
{"timestamp":"2026-02-15T22:03:00.033300Z","level":"info","event":"lido: /opt/airflow/cinema2026/data/raw/unzip/bilheteria-diaria-obras-por-exibidoras-csv/bilheteria-diaria-obras-por-exibidoras-2026-02-s01.csv","logger":"task.stdout"}
{"timestamp":"2026-02-15T22:03:00.033667Z","level":"info","event":"lendo: /opt/airflow/cinema2026/data/raw/unzip/bilheteria-diaria-obras-por-exibidoras-csv/bilheteria-diaria-obras-por-exibidoras-2026-02-s02.csv","logger":"task.stdout"}
{"timestamp":"2026-02-15T22:03:00.044851Z","level":"info","event":"lido: /opt/airflow/cinema2026/data/raw/unzip/bilheteria-diaria-obras-por-exibidoras-csv/bilheteria-diaria-obras-por-exibidoras-2026-02-s02.csv","logger":"task.stdout"}
{"timestamp":"2026-02-15T22:03:00.194812Z","level":"info","event":"Salvo com sucesso em: /opt/airflow/cinema2026/data/processados/bilheteria_diaria_tratada.csv","logger":"task.stdout"}
{"timestamp":"2026-02-15T22:03:00.210824Z","level":"info","event":"Done. Returned value was: None","logger":"airflow.task.operators.airflow.providers.standard.decorators.python._PythonDecoratedOperator","filename":"python.py","lineno":230}
{"timestamp":"2026-02-15T22:03:00.227107Z","level":"info","event":"Task instance in success state","logger":"task.stdout"}
{"timestamp":"2026-02-15T22:03:00.227486Z","level":"info","event":" Previous state of the Task instance: TaskInstanceState.RUNNING","logger":"task.stdout"}
{"timestamp":"2026-02-15T22:03:00.231295Z","level":"info","event":"Task operator:<Task(_PythonDecoratedOperator): read_bilheteria>","logger":"task.stdout"}
