{"timestamp":"2026-03-13T19:56:23.239468Z","level":"warning","event":"The `airflow.models.param.Param` attribute is deprecated. Please use `'airflow.sdk.Param'`.","category":"DeprecatedImportWarning","filename":"/opt/airflow/plugins/auxi/dic_param.py","lineno":1,"logger":"py.warnings"}
{"timestamp":"2026-03-13T19:56:23.262795Z","level":"warning","event":"The `airflow.hooks.base.BaseHook` attribute is deprecated. Please use `'airflow.sdk.bases.hook.BaseHook'`.","category":"DeprecatedImportWarning","filename":"/opt/airflow/plugins/hooks/pgdas_hook.py","lineno":1,"logger":"py.warnings"}
{"timestamp":"2026-03-13T19:56:23.288696Z","level":"warning","event":"Using Variable.get from `airflow.models` is deprecated.Please use `get` on Variable from sdk(`airflow.sdk.Variable`) instead","category":"DeprecationWarning","filename":"/home/airflow/.local/lib/python3.12/site-packages/airflow/models/variable.py","lineno":151,"logger":"py.warnings"}
{"timestamp":"2026-03-13T19:56:23.322138Z","level":"warning","event":"Connection schemes (type: google_cloud_platform) shall not contain '_' according to RFC3986.","logger":"airflow.sdk.definitions.connection","filename":"connection.py","lineno":130}
{"timestamp":"2026-03-13T19:56:23.384627Z","level":"warning","event":"The `airflow.hooks.base.BaseHook` attribute is deprecated. Please use `'airflow.sdk.bases.hook.BaseHook'`.","category":"DeprecatedImportWarning","filename":"/opt/airflow/plugins/hooks/pgdas_hook.py","lineno":1,"logger":"py.warnings"}
{"timestamp":"2026-03-13T19:56:23.418583Z","level":"info","event":"DAG bundles loaded: dags-folder","logger":"airflow.dag_processing.bundles.manager.DagBundlesManager","filename":"manager.py","lineno":179}
{"timestamp":"2026-03-13T19:56:23.419527Z","level":"info","event":"Filling up the DagBag from /opt/airflow/dags/tre_tse.py","logger":"airflow.models.dagbag.BundleDagBag","filename":"dagbag.py","lineno":593}
{"timestamp":"2026-03-13T19:56:23.458580Z","level":"warning","event":"The `airflow.decorators.dag` attribute is deprecated. Please use `'airflow.sdk.dag'`.","category":"DeprecatedImportWarning","filename":"/opt/airflow/dags/tre_tse.py","lineno":1,"logger":"py.warnings"}
{"timestamp":"2026-03-13T19:56:23.458725Z","level":"warning","event":"The `airflow.decorators.task` attribute is deprecated. Please use `'airflow.sdk.task'`.","category":"DeprecatedImportWarning","filename":"/opt/airflow/dags/tre_tse.py","lineno":1,"logger":"py.warnings"}
{"timestamp":"2026-03-13T19:56:23.458798Z","level":"warning","event":"The `airflow.operators.python.PythonOperator` attribute is deprecated. Please use `'airflow.providers.standard.operators.python.PythonOperator'`.","category":"DeprecatedImportWarning","filename":"/opt/airflow/dags/tre_tse.py","lineno":4,"logger":"py.warnings"}
{"timestamp":"2026-03-13T19:56:23.458856Z","level":"warning","event":"The `airflow.operators.empty.EmptyOperator` attribute is deprecated. Please use `'airflow.providers.standard.operators.empty.EmptyOperator'`.","category":"DeprecatedImportWarning","filename":"/opt/airflow/dags/tre_tse.py","lineno":5,"logger":"py.warnings"}
{"timestamp":"2026-03-13T19:56:23.458910Z","level":"warning","event":"The `airflow.models.param.Param` attribute is deprecated. Please use `'airflow.sdk.Param'`.","category":"DeprecatedImportWarning","filename":"/opt/airflow/dags/tre_tse.py","lineno":6,"logger":"py.warnings"}
{"timestamp":"2026-03-13T19:56:23.458963Z","level":"warning","event":"The `airflow.models.param.ParamsDict` attribute is deprecated. Please use `'airflow.sdk.definitions.param.ParamsDict'`.","category":"DeprecatedImportWarning","filename":"/opt/airflow/dags/tre_tse.py","lineno":6,"logger":"py.warnings"}
{"timestamp":"2026-03-13T19:56:23.459016Z","level":"warning","event":"The `airflow.operators.bash.BashOperator` attribute is deprecated. Please use `'airflow.providers.standard.operators.bash.BashOperator'`.","category":"DeprecatedImportWarning","filename":"/opt/airflow/dags/tre_tse.py","lineno":13,"logger":"py.warnings"}
{"timestamp":"2026-03-13T19:56:23.492108Z","level":"info","event":"Iniciando descompactação de: /opt/airflow/TRE2026/DADOS/RJ/perfil_eleitorado_secao/zip","logger":"airflow.task.operators.operators.unzipNelio.UnzipFilesOperator","filename":"unzipNelio.py","lineno":18}
{"timestamp":"2026-03-13T19:56:23.492702Z","level":"info","event":"Diretório criado: /tmp/unzipped_files","logger":"airflow.task.operators.operators.unzipNelio.UnzipFilesOperator","filename":"unzipNelio.py","lineno":23}
{"timestamp":"2026-03-13T19:56:29.427299Z","level":"info","event":"Extraído: perfil_eleitor_secao_2020_RJ.csv para /tmp/unzipped_files","logger":"airflow.task.operators.operators.unzipNelio.UnzipFilesOperator","filename":"unzipNelio.py","lineno":32}
{"timestamp":"2026-03-13T19:56:29.428327Z","level":"info","event":"Extraído: leiame.pdf para /tmp/unzipped_files","logger":"airflow.task.operators.operators.unzipNelio.UnzipFilesOperator","filename":"unzipNelio.py","lineno":32}
{"timestamp":"2026-03-13T19:56:36.407678Z","level":"info","event":"Extraído: perfil_eleitor_secao_2022_RJ.csv para /tmp/unzipped_files","logger":"airflow.task.operators.operators.unzipNelio.UnzipFilesOperator","filename":"unzipNelio.py","lineno":32}
{"timestamp":"2026-03-13T19:56:36.408630Z","level":"info","event":"Extraído: leiame.pdf para /tmp/unzipped_files","logger":"airflow.task.operators.operators.unzipNelio.UnzipFilesOperator","filename":"unzipNelio.py","lineno":32}
{"timestamp":"2026-03-13T19:56:47.979183Z","level":"info","event":"Extraído: perfil_eleitor_secao_2024_RJ.csv para /tmp/unzipped_files","logger":"airflow.task.operators.operators.unzipNelio.UnzipFilesOperator","filename":"unzipNelio.py","lineno":32}
{"timestamp":"2026-03-13T19:56:47.980155Z","level":"info","event":"Extraído: leiame.pdf para /tmp/unzipped_files","logger":"airflow.task.operators.operators.unzipNelio.UnzipFilesOperator","filename":"unzipNelio.py","lineno":32}
{"timestamp":"2026-03-13T19:56:47.980993Z","level":"info","event":"Pushing xcom","ti":"RuntimeTaskInstance(id=UUID('019ce8c5-4739-7215-8ee5-2397647f68d6'), task_id='unzip_files', dag_id='TRE', run_id='manual__2026-03-13T19:56:08.861853+00:00', try_number=1, dag_version_id=UUID('019ce8c4-8756-75ef-9caa-64255c2f3040'), map_index=-1, hostname='c58ca955a74d', context_carrier={}, task=<Task(UnzipFilesOperator): unzip_files>, bundle_instance=LocalDagBundle(name=dags-folder), max_tries=1, start_date=datetime.datetime(2026, 3, 13, 19, 56, 9, 622760, tzinfo=datetime.timezone.utc), end_date=None, state=<TaskInstanceState.RUNNING: 'running'>, is_mapped=False, rendered_map_index=None)","logger":"task","filename":"task_runner.py","lineno":1522}
