{"timestamp":"2026-02-15T20:37:18.320024Z","level":"info","event":"DAG bundles loaded: dags-folder, example_dags","logger":"airflow.dag_processing.bundles.manager.DagBundlesManager","filename":"manager.py","lineno":179}
{"timestamp":"2026-02-15T20:37:18.321418Z","level":"info","event":"Filling up the DagBag from /opt/airflow/dags/cinema_2026.py","logger":"airflow.models.dagbag.BundleDagBag","filename":"dagbag.py","lineno":593}
{"timestamp":"2026-02-15T20:37:18.351211Z","level":"warning","event":"The `airflow.decorators.dag` attribute is deprecated. Please use `'airflow.sdk.dag'`.","category":"DeprecatedImportWarning","filename":"/opt/airflow/dags/cinema_2026.py","lineno":1,"logger":"py.warnings"}
{"timestamp":"2026-02-15T20:37:18.351367Z","level":"warning","event":"The `airflow.decorators.task` attribute is deprecated. Please use `'airflow.sdk.task'`.","category":"DeprecatedImportWarning","filename":"/opt/airflow/dags/cinema_2026.py","lineno":1,"logger":"py.warnings"}
{"timestamp":"2026-02-15T20:37:18.351434Z","level":"warning","event":"The `airflow.operators.python.PythonOperator` attribute is deprecated. Please use `'airflow.providers.standard.operators.python.PythonOperator'`.","category":"DeprecatedImportWarning","filename":"/opt/airflow/dags/cinema_2026.py","lineno":4,"logger":"py.warnings"}
{"timestamp":"2026-02-15T20:37:18.351484Z","level":"warning","event":"The `airflow.operators.empty.EmptyOperator` attribute is deprecated. Please use `'airflow.providers.standard.operators.empty.EmptyOperator'`.","category":"DeprecatedImportWarning","filename":"/opt/airflow/dags/cinema_2026.py","lineno":5,"logger":"py.warnings"}
{"timestamp":"2026-02-15T20:37:18.351535Z","level":"warning","event":"The `airflow.models.param.Param` attribute is deprecated. Please use `'airflow.sdk.Param'`.","category":"DeprecatedImportWarning","filename":"/opt/airflow/dags/cinema_2026.py","lineno":6,"logger":"py.warnings"}
{"timestamp":"2026-02-15T20:37:18.351589Z","level":"warning","event":"The `airflow.models.param.ParamsDict` attribute is deprecated. Please use `'airflow.sdk.definitions.param.ParamsDict'`.","category":"DeprecatedImportWarning","filename":"/opt/airflow/dags/cinema_2026.py","lineno":6,"logger":"py.warnings"}
{"timestamp":"2026-02-15T20:37:18.383774Z","level":"info","event":"Task instance is in running state","logger":"task.stdout"}
{"timestamp":"2026-02-15T20:37:18.384229Z","level":"info","event":" Previous state of the Task instance: TaskInstanceState.QUEUED","logger":"task.stdout"}
{"timestamp":"2026-02-15T20:37:18.388412Z","level":"info","event":"Current task name:unzip_file","logger":"task.stdout"}
{"timestamp":"2026-02-15T20:37:18.388677Z","level":"info","event":"Dag name:dag_cinema","logger":"task.stdout"}
{"timestamp":"2026-02-15T20:37:18.410438Z","level":"info","event":"Extraído: bilheteria-diaria-obras-por-exibidoras-2014-06-s01.csv","logger":"task.stdout"}
{"timestamp":"2026-02-15T20:37:18.427958Z","level":"info","event":"Extraído: bilheteria-diaria-obras-por-exibidoras-2014-06-s02.csv","logger":"task.stdout"}
{"timestamp":"2026-02-15T20:37:18.444122Z","level":"info","event":"Extraído: bilheteria-diaria-obras-por-exibidoras-2014-06-s03.csv","logger":"task.stdout"}
{"timestamp":"2026-02-15T20:37:18.464824Z","level":"info","event":"Extraído: bilheteria-diaria-obras-por-exibidoras-2014-06-s04.csv","logger":"task.stdout"}
{"timestamp":"2026-02-15T20:37:18.480941Z","level":"info","event":"Extraído: bilheteria-diaria-obras-por-exibidoras-2014-06-s05.csv","logger":"task.stdout"}
{"timestamp":"2026-02-15T20:37:18.493884Z","level":"info","event":"Extraído: bilheteria-diaria-obras-por-exibidoras-2014-07-s01.csv","logger":"task.stdout"}
{"timestamp":"2026-02-15T20:37:18.501018Z","level":"info","event":"Extraído: bilheteria-diaria-obras-por-exibidoras-2014-07-s02.csv","logger":"task.stdout"}
{"timestamp":"2026-02-15T20:37:18.509584Z","level":"info","event":"Extraído: bilheteria-diaria-obras-por-exibidoras-2015-05-s02.csv","logger":"task.stdout"}
{"timestamp":"2026-02-15T20:37:18.527617Z","level":"info","event":"Extraído: bilheteria-diaria-obras-por-exibidoras-2015-05-s03.csv","logger":"task.stdout"}
{"timestamp":"2026-02-15T20:37:18.542357Z","level":"info","event":"Extraído: bilheteria-diaria-obras-por-exibidoras-2015-05-s04.csv","logger":"task.stdout"}
{"timestamp":"2026-02-15T20:37:18.549263Z","level":"info","event":"Extraído: bilheteria-diaria-obras-por-exibidoras-2015-05-s05.csv","logger":"task.stdout"}
{"timestamp":"2026-02-15T20:37:18.565766Z","level":"info","event":"Extraído: bilheteria-diaria-obras-por-exibidoras-2015-06-s01.csv","logger":"task.stdout"}
{"timestamp":"2026-02-15T20:37:18.578459Z","level":"info","event":"Extraído: bilheteria-diaria-obras-por-exibidoras-2015-06-s02.csv","logger":"task.stdout"}
{"timestamp":"2026-02-15T20:37:18.591957Z","level":"info","event":"Extraído: bilheteria-diaria-obras-por-exibidoras-2015-06-s03.csv","logger":"task.stdout"}
{"timestamp":"2026-02-15T20:37:18.605023Z","level":"info","event":"Extraído: bilheteria-diaria-obras-por-exibidoras-2015-06-s04.csv","logger":"task.stdout"}
{"timestamp":"2026-02-15T20:37:18.612451Z","level":"info","event":"Extraído: bilheteria-diaria-obras-por-exibidoras-2015-06-s05.csv","logger":"task.stdout"}
{"timestamp":"2026-02-15T20:37:18.619021Z","level":"info","event":"Extraído: bilheteria-diaria-obras-por-exibidoras-2015-07-s01.csv","logger":"task.stdout"}
{"timestamp":"2026-02-15T20:37:18.633041Z","level":"info","event":"Extraído: bilheteria-diaria-obras-por-exibidoras-2015-07-s02.csv","logger":"task.stdout"}
{"timestamp":"2026-02-15T20:37:18.650188Z","level":"info","event":"Extraído: bilheteria-diaria-obras-por-exibidoras-2015-12-s03.csv","logger":"task.stdout"}
{"timestamp":"2026-02-15T20:37:18.663189Z","level":"info","event":"Extraído: bilheteria-diaria-obras-por-exibidoras-2015-12-s04.csv","logger":"task.stdout"}
{"timestamp":"2026-02-15T20:37:18.676043Z","level":"info","event":"Extraído: bilheteria-diaria-obras-por-exibidoras-2015-12-s05.csv","logger":"task.stdout"}
{"timestamp":"2026-02-15T20:37:18.689150Z","level":"info","event":"Extraído: bilheteria-diaria-obras-por-exibidoras-2016-01-s01.csv","logger":"task.stdout"}
{"timestamp":"2026-02-15T20:37:18.703971Z","level":"info","event":"Extraído: bilheteria-diaria-obras-por-exibidoras-2016-01-s02.csv","logger":"task.stdout"}
{"timestamp":"2026-02-15T20:37:18.718524Z","level":"info","event":"Extraído: bilheteria-diaria-obras-por-exibidoras-2016-01-s03.csv","logger":"task.stdout"}
{"timestamp":"2026-02-15T20:37:18.735049Z","level":"info","event":"Extraído: bilheteria-diaria-obras-por-exibidoras-2016-01-s04.csv","logger":"task.stdout"}
{"timestamp":"2026-02-15T20:37:18.749017Z","level":"info","event":"Extraído: bilheteria-diaria-obras-por-exibidoras-2016-01-s05.csv","logger":"task.stdout"}
{"timestamp":"2026-02-15T20:37:18.770488Z","level":"info","event":"Extraído: bilheteria-diaria-obras-por-exibidoras-2016-02-s01.csv","logger":"task.stdout"}
{"timestamp":"2026-02-15T20:37:18.787971Z","level":"info","event":"Extraído: bilheteria-diaria-obras-por-exibidoras-2016-02-s02.csv","logger":"task.stdout"}
{"timestamp":"2026-02-15T20:37:18.804508Z","level":"info","event":"Extraído: bilheteria-diaria-obras-por-exibidoras-2016-02-s03.csv","logger":"task.stdout"}
{"timestamp":"2026-02-15T20:37:18.822279Z","level":"info","event":"Extraído: bilheteria-diaria-obras-por-exibidoras-2016-02-s04.csv","logger":"task.stdout"}
{"timestamp":"2026-02-15T20:37:18.834383Z","level":"info","event":"Extraído: bilheteria-diaria-obras-por-exibidoras-2016-02-s05.csv","logger":"task.stdout"}
{"timestamp":"2026-02-15T20:37:18.850781Z","level":"info","event":"Extraído: bilheteria-diaria-obras-por-exibidoras-2016-03-s01.csv","logger":"task.stdout"}
{"timestamp":"2026-02-15T20:37:18.864330Z","level":"info","event":"Extraído: bilheteria-diaria-obras-por-exibidoras-2016-03-s02.csv","logger":"task.stdout"}
{"timestamp":"2026-02-15T20:37:18.877805Z","level":"info","event":"Extraído: bilheteria-diaria-obras-por-exibidoras-2016-03-s03.csv","logger":"task.stdout"}
{"timestamp":"2026-02-15T20:37:18.889980Z","level":"info","event":"Extraído: bilheteria-diaria-obras-por-exibidoras-2016-03-s04.csv","logger":"task.stdout"}
{"timestamp":"2026-02-15T20:37:18.904287Z","level":"info","event":"Extraído: bilheteria-diaria-obras-por-exibidoras-2016-03-s05.csv","logger":"task.stdout"}
{"timestamp":"2026-02-15T20:37:18.919133Z","level":"info","event":"Extraído: bilheteria-diaria-obras-por-exibidoras-2016-04-s01.csv","logger":"task.stdout"}
{"timestamp":"2026-02-15T20:37:18.933915Z","level":"info","event":"Extraído: bilheteria-diaria-obras-por-exibidoras-2016-04-s02.csv","logger":"task.stdout"}
{"timestamp":"2026-02-15T20:37:18.947989Z","level":"info","event":"Extraído: bilheteria-diaria-obras-por-exibidoras-2016-04-s03.csv","logger":"task.stdout"}
{"timestamp":"2026-02-15T20:37:18.962136Z","level":"info","event":"Extraído: bilheteria-diaria-obras-por-exibidoras-2016-04-s04.csv","logger":"task.stdout"}
{"timestamp":"2026-02-15T20:37:18.974460Z","level":"info","event":"Extraído: bilheteria-diaria-obras-por-exibidoras-2016-04-s05.csv","logger":"task.stdout"}
{"timestamp":"2026-02-15T20:37:18.991155Z","level":"info","event":"Extraído: bilheteria-diaria-obras-por-exibidoras-2016-05-s01.csv","logger":"task.stdout"}
{"timestamp":"2026-02-15T20:37:19.007503Z","level":"info","event":"Extraído: bilheteria-diaria-obras-por-exibidoras-2016-05-s02.csv","logger":"task.stdout"}
{"timestamp":"2026-02-15T20:37:19.023277Z","level":"info","event":"Extraído: bilheteria-diaria-obras-por-exibidoras-2016-05-s03.csv","logger":"task.stdout"}
{"timestamp":"2026-02-15T20:37:19.036710Z","level":"info","event":"Extraído: bilheteria-diaria-obras-por-exibidoras-2016-05-s04.csv","logger":"task.stdout"}
{"timestamp":"2026-02-15T20:37:19.050858Z","level":"info","event":"Extraído: bilheteria-diaria-obras-por-exibidoras-2016-05-s05.csv","logger":"task.stdout"}
{"timestamp":"2026-02-15T20:37:19.069378Z","level":"info","event":"Extraído: bilheteria-diaria-obras-por-exibidoras-2016-06-s01.csv","logger":"task.stdout"}
{"timestamp":"2026-02-15T20:37:19.087194Z","level":"info","event":"Extraído: bilheteria-diaria-obras-por-exibidoras-2016-06-s02.csv","logger":"task.stdout"}
{"timestamp":"2026-02-15T20:37:19.107026Z","level":"info","event":"Extraído: bilheteria-diaria-obras-por-exibidoras-2016-06-s03.csv","logger":"task.stdout"}
{"timestamp":"2026-02-15T20:37:19.128843Z","level":"info","event":"Extraído: bilheteria-diaria-obras-por-exibidoras-2016-06-s04.csv","logger":"task.stdout"}
{"timestamp":"2026-02-15T20:37:19.143438Z","level":"info","event":"Extraído: bilheteria-diaria-obras-por-exibidoras-2016-06-s05.csv","logger":"task.stdout"}
{"timestamp":"2026-02-15T20:37:19.167722Z","level":"info","event":"Extraído: bilheteria-diaria-obras-por-exibidoras-2016-07-s01.csv","logger":"task.stdout"}
{"timestamp":"2026-02-15T20:37:19.197466Z","level":"info","event":"Extraído: bilheteria-diaria-obras-por-exibidoras-2016-07-s02.csv","logger":"task.stdout"}
{"timestamp":"2026-02-15T20:37:19.232687Z","level":"info","event":"Extraído: bilheteria-diaria-obras-por-exibidoras-2016-07-s03.csv","logger":"task.stdout"}
{"timestamp":"2026-02-15T20:37:19.324006Z","level":"info","event":"Extraído: bilheteria-diaria-obras-por-exibidoras-2016-07-s04.csv","logger":"task.stdout"}
{"timestamp":"2026-02-15T20:37:19.441884Z","level":"info","event":"Extraído: bilheteria-diaria-obras-por-exibidoras-2016-07-s05.csv","logger":"task.stdout"}
{"timestamp":"2026-02-15T20:37:19.719299Z","level":"info","event":"Extraído: bilheteria-diaria-obras-por-exibidoras-2016-08-s01.csv","logger":"task.stdout"}
{"timestamp":"2026-02-15T20:37:20.005783Z","level":"info","event":"Extraído: bilheteria-diaria-obras-por-exibidoras-2016-08-s02.csv","logger":"task.stdout"}
{"timestamp":"2026-02-15T20:37:20.249003Z","level":"info","event":"Extraído: bilheteria-diaria-obras-por-exibidoras-2016-08-s03.csv","logger":"task.stdout"}
{"timestamp":"2026-02-15T20:37:20.495258Z","level":"info","event":"Extraído: bilheteria-diaria-obras-por-exibidoras-2016-08-s04.csv","logger":"task.stdout"}
{"timestamp":"2026-02-15T20:37:20.620969Z","level":"info","event":"Extraído: bilheteria-diaria-obras-por-exibidoras-2016-08-s05.csv","logger":"task.stdout"}
{"timestamp":"2026-02-15T20:37:20.912018Z","level":"info","event":"Extraído: bilheteria-diaria-obras-por-exibidoras-2016-09-s01.csv","logger":"task.stdout"}
{"timestamp":"2026-02-15T20:37:21.199228Z","level":"info","event":"Extraído: bilheteria-diaria-obras-por-exibidoras-2016-09-s02.csv","logger":"task.stdout"}
{"timestamp":"2026-02-15T20:37:21.470159Z","level":"info","event":"Extraído: bilheteria-diaria-obras-por-exibidoras-2016-09-s03.csv","logger":"task.stdout"}
{"timestamp":"2026-02-15T20:37:21.760882Z","level":"info","event":"Extraído: bilheteria-diaria-obras-por-exibidoras-2016-09-s04.csv","logger":"task.stdout"}
{"timestamp":"2026-02-15T20:37:21.847897Z","level":"info","event":"Extraído: bilheteria-diaria-obras-por-exibidoras-2016-09-s05.csv","logger":"task.stdout"}
{"timestamp":"2026-02-15T20:37:22.146523Z","level":"info","event":"Extraído: bilheteria-diaria-obras-por-exibidoras-2016-10-s01.csv","logger":"task.stdout"}
{"timestamp":"2026-02-15T20:37:22.468521Z","level":"info","event":"Extraído: bilheteria-diaria-obras-por-exibidoras-2016-10-s02.csv","logger":"task.stdout"}
{"timestamp":"2026-02-15T20:37:22.789338Z","level":"info","event":"Extraído: bilheteria-diaria-obras-por-exibidoras-2016-10-s03.csv","logger":"task.stdout"}
{"timestamp":"2026-02-15T20:37:23.080558Z","level":"info","event":"Extraído: bilheteria-diaria-obras-por-exibidoras-2016-10-s04.csv","logger":"task.stdout"}
{"timestamp":"2026-02-15T20:37:23.199565Z","level":"info","event":"Extraído: bilheteria-diaria-obras-por-exibidoras-2016-10-s05.csv","logger":"task.stdout"}
{"timestamp":"2026-02-15T20:37:23.468530Z","level":"info","event":"Extraído: bilheteria-diaria-obras-por-exibidoras-2016-11-s01.csv","logger":"task.stdout"}
{"timestamp":"2026-02-15T20:37:23.738610Z","level":"info","event":"Extraído: bilheteria-diaria-obras-por-exibidoras-2016-11-s02.csv","logger":"task.stdout"}
{"timestamp":"2026-02-15T20:37:24.025947Z","level":"info","event":"Extraído: bilheteria-diaria-obras-por-exibidoras-2016-11-s03.csv","logger":"task.stdout"}
{"timestamp":"2026-02-15T20:37:24.313502Z","level":"info","event":"Extraído: bilheteria-diaria-obras-por-exibidoras-2016-11-s04.csv","logger":"task.stdout"}
{"timestamp":"2026-02-15T20:37:24.406830Z","level":"info","event":"Extraído: bilheteria-diaria-obras-por-exibidoras-2016-11-s05.csv","logger":"task.stdout"}
{"timestamp":"2026-02-15T20:37:24.764457Z","level":"info","event":"Extraído: bilheteria-diaria-obras-por-exibidoras-2016-12-s01.csv","logger":"task.stdout"}
{"timestamp":"2026-02-15T20:37:25.091643Z","level":"info","event":"Extraído: bilheteria-diaria-obras-por-exibidoras-2016-12-s02.csv","logger":"task.stdout"}
{"timestamp":"2026-02-15T20:37:25.411442Z","level":"info","event":"Extraído: bilheteria-diaria-obras-por-exibidoras-2016-12-s03.csv","logger":"task.stdout"}
{"timestamp":"2026-02-15T20:37:25.679962Z","level":"info","event":"Extraído: bilheteria-diaria-obras-por-exibidoras-2016-12-s04.csv","logger":"task.stdout"}
{"timestamp":"2026-02-15T20:37:25.785501Z","level":"info","event":"Extraído: bilheteria-diaria-obras-por-exibidoras-2016-12-s05.csv","logger":"task.stdout"}
{"timestamp":"2026-02-15T20:37:26.118256Z","level":"info","event":"Extraído: bilheteria-diaria-obras-por-exibidoras-2017-01-s01.csv","logger":"task.stdout"}
{"timestamp":"2026-02-15T20:37:26.459813Z","level":"info","event":"Extraído: bilheteria-diaria-obras-por-exibidoras-2017-01-s02.csv","logger":"task.stdout"}
{"timestamp":"2026-02-15T20:37:26.780652Z","level":"info","event":"Extraído: bilheteria-diaria-obras-por-exibidoras-2017-01-s03.csv","logger":"task.stdout"}
{"timestamp":"2026-02-15T20:37:27.122108Z","level":"info","event":"Extraído: bilheteria-diaria-obras-por-exibidoras-2017-01-s04.csv","logger":"task.stdout"}
{"timestamp":"2026-02-15T20:37:27.261831Z","level":"info","event":"Extraído: bilheteria-diaria-obras-por-exibidoras-2017-01-s05.csv","logger":"task.stdout"}
{"timestamp":"2026-02-15T20:37:27.728056Z","level":"info","event":"Extraído: bilheteria-diaria-obras-por-exibidoras-2017-02-s01.csv","logger":"task.stdout"}
{"timestamp":"2026-02-15T20:37:28.041022Z","level":"info","event":"Extraído: bilheteria-diaria-obras-por-exibidoras-2017-02-s02.csv","logger":"task.stdout"}
{"timestamp":"2026-02-15T20:37:28.284074Z","level":"info","event":"Extraído: bilheteria-diaria-obras-por-exibidoras-2017-02-s03.csv","logger":"task.stdout"}
{"timestamp":"2026-02-15T20:37:28.526518Z","level":"info","event":"Extraído: bilheteria-diaria-obras-por-exibidoras-2017-02-s04.csv","logger":"task.stdout"}
{"timestamp":"2026-02-15T20:37:28.820947Z","level":"info","event":"Extraído: bilheteria-diaria-obras-por-exibidoras-2017-03-s01.csv","logger":"task.stdout"}
{"timestamp":"2026-02-15T20:37:29.128232Z","level":"info","event":"Extraído: bilheteria-diaria-obras-por-exibidoras-2017-03-s02.csv","logger":"task.stdout"}
{"timestamp":"2026-02-15T20:37:29.406714Z","level":"info","event":"Extraído: bilheteria-diaria-obras-por-exibidoras-2017-03-s03.csv","logger":"task.stdout"}
{"timestamp":"2026-02-15T20:37:29.679582Z","level":"info","event":"Extraído: bilheteria-diaria-obras-por-exibidoras-2017-03-s04.csv","logger":"task.stdout"}
{"timestamp":"2026-02-15T20:37:29.808677Z","level":"info","event":"Extraído: bilheteria-diaria-obras-por-exibidoras-2017-03-s05.csv","logger":"task.stdout"}
{"timestamp":"2026-02-15T20:37:30.120891Z","level":"info","event":"Extraído: bilheteria-diaria-obras-por-exibidoras-2017-04-s01.csv","logger":"task.stdout"}
{"timestamp":"2026-02-15T20:37:30.448715Z","level":"info","event":"Extraído: bilheteria-diaria-obras-por-exibidoras-2017-04-s02.csv","logger":"task.stdout"}
{"timestamp":"2026-02-15T20:37:30.818110Z","level":"info","event":"Extraído: bilheteria-diaria-obras-por-exibidoras-2017-04-s03.csv","logger":"task.stdout"}
{"timestamp":"2026-02-15T20:37:31.182790Z","level":"info","event":"Extraído: bilheteria-diaria-obras-por-exibidoras-2017-04-s04.csv","logger":"task.stdout"}
{"timestamp":"2026-02-15T20:37:31.287534Z","level":"info","event":"Extraído: bilheteria-diaria-obras-por-exibidoras-2017-04-s05.csv","logger":"task.stdout"}
{"timestamp":"2026-02-15T20:37:31.592252Z","level":"info","event":"Extraído: bilheteria-diaria-obras-por-exibidoras-2017-05-s01.csv","logger":"task.stdout"}
{"timestamp":"2026-02-15T20:37:31.884528Z","level":"info","event":"Extraído: bilheteria-diaria-obras-por-exibidoras-2017-05-s02.csv","logger":"task.stdout"}
{"timestamp":"2026-02-15T20:37:32.245664Z","level":"info","event":"Extraído: bilheteria-diaria-obras-por-exibidoras-2017-05-s03.csv","logger":"task.stdout"}
{"timestamp":"2026-02-15T20:37:32.552583Z","level":"info","event":"Extraído: bilheteria-diaria-obras-por-exibidoras-2017-05-s04.csv","logger":"task.stdout"}
{"timestamp":"2026-02-15T20:37:32.680771Z","level":"info","event":"Extraído: bilheteria-diaria-obras-por-exibidoras-2017-05-s05.csv","logger":"task.stdout"}
{"timestamp":"2026-02-15T20:37:32.992452Z","level":"info","event":"Extraído: bilheteria-diaria-obras-por-exibidoras-2017-06-s01.csv","logger":"task.stdout"}
{"timestamp":"2026-02-15T20:37:33.276554Z","level":"info","event":"Extraído: bilheteria-diaria-obras-por-exibidoras-2017-06-s02.csv","logger":"task.stdout"}
{"timestamp":"2026-02-15T20:37:33.579840Z","level":"info","event":"Extraído: bilheteria-diaria-obras-por-exibidoras-2017-06-s03.csv","logger":"task.stdout"}
{"timestamp":"2026-02-15T20:37:33.870249Z","level":"info","event":"Extraído: bilheteria-diaria-obras-por-exibidoras-2017-06-s04.csv","logger":"task.stdout"}
{"timestamp":"2026-02-15T20:37:33.961196Z","level":"info","event":"Extraído: bilheteria-diaria-obras-por-exibidoras-2017-06-s05.csv","logger":"task.stdout"}
{"timestamp":"2026-02-15T20:37:34.262337Z","level":"info","event":"Extraído: bilheteria-diaria-obras-por-exibidoras-2017-07-s01.csv","logger":"task.stdout"}
{"timestamp":"2026-02-15T20:37:34.579007Z","level":"info","event":"Extraído: bilheteria-diaria-obras-por-exibidoras-2017-07-s02.csv","logger":"task.stdout"}
{"timestamp":"2026-02-15T20:37:34.924962Z","level":"info","event":"Extraído: bilheteria-diaria-obras-por-exibidoras-2017-07-s03.csv","logger":"task.stdout"}
{"timestamp":"2026-02-15T20:37:35.252914Z","level":"info","event":"Extraído: bilheteria-diaria-obras-por-exibidoras-2017-07-s04.csv","logger":"task.stdout"}
{"timestamp":"2026-02-15T20:37:35.396888Z","level":"info","event":"Extraído: bilheteria-diaria-obras-por-exibidoras-2017-07-s05.csv","logger":"task.stdout"}
{"timestamp":"2026-02-15T20:37:35.688201Z","level":"info","event":"Extraído: bilheteria-diaria-obras-por-exibidoras-2017-08-s01.csv","logger":"task.stdout"}
{"timestamp":"2026-02-15T20:37:35.997762Z","level":"info","event":"Extraído: bilheteria-diaria-obras-por-exibidoras-2017-08-s02.csv","logger":"task.stdout"}
{"timestamp":"2026-02-15T20:37:36.340811Z","level":"info","event":"Extraído: bilheteria-diaria-obras-por-exibidoras-2017-08-s03.csv","logger":"task.stdout"}
{"timestamp":"2026-02-15T20:37:36.644984Z","level":"info","event":"Extraído: bilheteria-diaria-obras-por-exibidoras-2017-08-s04.csv","logger":"task.stdout"}
{"timestamp":"2026-02-15T20:37:36.786473Z","level":"info","event":"Extraído: bilheteria-diaria-obras-por-exibidoras-2017-08-s05.csv","logger":"task.stdout"}
{"timestamp":"2026-02-15T20:37:37.083412Z","level":"info","event":"Extraído: bilheteria-diaria-obras-por-exibidoras-2017-09-s01.csv","logger":"task.stdout"}
{"timestamp":"2026-02-15T20:37:37.364099Z","level":"info","event":"Extraído: bilheteria-diaria-obras-por-exibidoras-2017-09-s02.csv","logger":"task.stdout"}
{"timestamp":"2026-02-15T20:37:37.674264Z","level":"info","event":"Extraído: bilheteria-diaria-obras-por-exibidoras-2017-09-s03.csv","logger":"task.stdout"}
{"timestamp":"2026-02-15T20:37:37.943954Z","level":"info","event":"Extraído: bilheteria-diaria-obras-por-exibidoras-2017-09-s04.csv","logger":"task.stdout"}
{"timestamp":"2026-02-15T20:37:38.027446Z","level":"info","event":"Extraído: bilheteria-diaria-obras-por-exibidoras-2017-09-s05.csv","logger":"task.stdout"}
{"timestamp":"2026-02-15T20:37:38.287492Z","level":"info","event":"Extraído: bilheteria-diaria-obras-por-exibidoras-2017-10-s01.csv","logger":"task.stdout"}
{"timestamp":"2026-02-15T20:37:38.586568Z","level":"info","event":"Extraído: bilheteria-diaria-obras-por-exibidoras-2017-10-s02.csv","logger":"task.stdout"}
{"timestamp":"2026-02-15T20:37:38.873380Z","level":"info","event":"Extraído: bilheteria-diaria-obras-por-exibidoras-2017-10-s03.csv","logger":"task.stdout"}
{"timestamp":"2026-02-15T20:37:39.188266Z","level":"info","event":"Extraído: bilheteria-diaria-obras-por-exibidoras-2017-10-s04.csv","logger":"task.stdout"}
{"timestamp":"2026-02-15T20:37:39.315546Z","level":"info","event":"Extraído: bilheteria-diaria-obras-por-exibidoras-2017-10-s05.csv","logger":"task.stdout"}
{"timestamp":"2026-02-15T20:37:39.631447Z","level":"info","event":"Extraído: bilheteria-diaria-obras-por-exibidoras-2017-11-s01.csv","logger":"task.stdout"}
{"timestamp":"2026-02-15T20:37:39.916691Z","level":"info","event":"Extraído: bilheteria-diaria-obras-por-exibidoras-2017-11-s02.csv","logger":"task.stdout"}
{"timestamp":"2026-02-15T20:37:40.206552Z","level":"info","event":"Extraído: bilheteria-diaria-obras-por-exibidoras-2017-11-s03.csv","logger":"task.stdout"}
{"timestamp":"2026-02-15T20:37:40.493405Z","level":"info","event":"Extraído: bilheteria-diaria-obras-por-exibidoras-2017-11-s04.csv","logger":"task.stdout"}
{"timestamp":"2026-02-15T20:37:40.578487Z","level":"info","event":"Extraído: bilheteria-diaria-obras-por-exibidoras-2017-11-s05.csv","logger":"task.stdout"}
{"timestamp":"2026-02-15T20:37:40.882065Z","level":"info","event":"Extraído: bilheteria-diaria-obras-por-exibidoras-2017-12-s01.csv","logger":"task.stdout"}
{"timestamp":"2026-02-15T20:37:41.309336Z","level":"info","event":"Extraído: bilheteria-diaria-obras-por-exibidoras-2017-12-s02.csv","logger":"task.stdout"}
{"timestamp":"2026-02-15T20:37:41.590155Z","level":"info","event":"Extraído: bilheteria-diaria-obras-por-exibidoras-2017-12-s03.csv","logger":"task.stdout"}
{"timestamp":"2026-02-15T20:37:41.849339Z","level":"info","event":"Extraído: bilheteria-diaria-obras-por-exibidoras-2017-12-s04.csv","logger":"task.stdout"}
{"timestamp":"2026-02-15T20:37:41.955167Z","level":"info","event":"Extraído: bilheteria-diaria-obras-por-exibidoras-2017-12-s05.csv","logger":"task.stdout"}
{"timestamp":"2026-02-15T20:37:42.263170Z","level":"info","event":"Extraído: bilheteria-diaria-obras-por-exibidoras-2018-01-s01.csv","logger":"task.stdout"}
{"timestamp":"2026-02-15T20:37:42.590046Z","level":"info","event":"Extraído: bilheteria-diaria-obras-por-exibidoras-2018-01-s02.csv","logger":"task.stdout"}
{"timestamp":"2026-02-15T20:37:42.929782Z","level":"info","event":"Extraído: bilheteria-diaria-obras-por-exibidoras-2018-01-s03.csv","logger":"task.stdout"}
{"timestamp":"2026-02-15T20:37:43.270907Z","level":"info","event":"Extraído: bilheteria-diaria-obras-por-exibidoras-2018-01-s04.csv","logger":"task.stdout"}
{"timestamp":"2026-02-15T20:37:43.430752Z","level":"info","event":"Extraído: bilheteria-diaria-obras-por-exibidoras-2018-01-s05.csv","logger":"task.stdout"}
{"timestamp":"2026-02-15T20:37:43.758106Z","level":"info","event":"Extraído: bilheteria-diaria-obras-por-exibidoras-2018-02-s01.csv","logger":"task.stdout"}
{"timestamp":"2026-02-15T20:37:43.784223Z","level":"error","event":"Server indicated the task shouldn't be running anymore. Terminating process","detail":{"detail":{"reason":"not_running","message":"TI is no longer in the running state and task should terminate","current_state":"failed"}},"logger":"task"}
{"timestamp":"2026-02-15T20:37:44.142516Z","level":"info","event":"Extraído: bilheteria-diaria-obras-por-exibidoras-2018-02-s02.csv","logger":"task.stdout"}
{"timestamp":"2026-02-15T20:37:44.476898Z","level":"info","event":"Extraído: bilheteria-diaria-obras-por-exibidoras-2018-02-s03.csv","logger":"task.stdout"}
{"timestamp":"2026-02-15T20:37:44.769981Z","level":"info","event":"Extraído: bilheteria-diaria-obras-por-exibidoras-2018-02-s04.csv","logger":"task.stdout"}
{"timestamp":"2026-02-15T20:37:45.071574Z","level":"info","event":"Extraído: bilheteria-diaria-obras-por-exibidoras-2018-03-s01.csv","logger":"task.stdout"}
{"timestamp":"2026-02-15T20:37:45.375668Z","level":"info","event":"Extraído: bilheteria-diaria-obras-por-exibidoras-2018-03-s02.csv","logger":"task.stdout"}
{"timestamp":"2026-02-15T20:37:45.670580Z","level":"info","event":"Extraído: bilheteria-diaria-obras-por-exibidoras-2018-03-s03.csv","logger":"task.stdout"}
{"timestamp":"2026-02-15T20:37:45.985714Z","level":"info","event":"Extraído: bilheteria-diaria-obras-por-exibidoras-2018-03-s04.csv","logger":"task.stdout"}
{"timestamp":"2026-02-15T20:37:46.128913Z","level":"info","event":"Extraído: bilheteria-diaria-obras-por-exibidoras-2018-03-s05.csv","logger":"task.stdout"}
{"timestamp":"2026-02-15T20:37:46.441102Z","level":"info","event":"Extraído: bilheteria-diaria-obras-por-exibidoras-2018-04-s01.csv","logger":"task.stdout"}
{"timestamp":"2026-02-15T20:37:46.740712Z","level":"info","event":"Extraído: bilheteria-diaria-obras-por-exibidoras-2018-04-s02.csv","logger":"task.stdout"}
{"timestamp":"2026-02-15T20:37:47.048247Z","level":"info","event":"Extraído: bilheteria-diaria-obras-por-exibidoras-2018-04-s03.csv","logger":"task.stdout"}
{"timestamp":"2026-02-15T20:37:47.379040Z","level":"info","event":"Extraído: bilheteria-diaria-obras-por-exibidoras-2018-04-s04.csv","logger":"task.stdout"}
{"timestamp":"2026-02-15T20:37:47.482710Z","level":"info","event":"Extraído: bilheteria-diaria-obras-por-exibidoras-2018-04-s05.csv","logger":"task.stdout"}
{"timestamp":"2026-02-15T20:37:47.796637Z","level":"info","event":"Extraído: bilheteria-diaria-obras-por-exibidoras-2018-05-s01.csv","logger":"task.stdout"}
{"timestamp":"2026-02-15T20:37:48.082676Z","level":"info","event":"Extraído: bilheteria-diaria-obras-por-exibidoras-2018-05-s02.csv","logger":"task.stdout"}
{"timestamp":"2026-02-15T20:37:48.371092Z","level":"info","event":"Extraído: bilheteria-diaria-obras-por-exibidoras-2018-05-s03.csv","logger":"task.stdout"}
{"timestamp":"2026-02-15T20:37:48.658007Z","level":"info","event":"Extraído: bilheteria-diaria-obras-por-exibidoras-2018-05-s04.csv","logger":"task.stdout"}
{"timestamp":"2026-02-15T20:37:48.777545Z","level":"info","event":"Extraído: bilheteria-diaria-obras-por-exibidoras-2018-05-s05.csv","logger":"task.stdout"}
{"timestamp":"2026-02-15T20:37:53.795833Z","level":"error","event":"Task killed!","logger":"task"}
