{"timestamp":"2026-03-17T17:43:23.454350Z","level":"warning","event":"The `airflow.models.param.Param` attribute is deprecated. Please use `'airflow.sdk.Param'`.","category":"DeprecatedImportWarning","filename":"/opt/airflow/plugins/auxi/dic_param.py","lineno":1,"logger":"py.warnings"}
{"timestamp":"2026-03-17T17:43:23.476374Z","level":"warning","event":"The `airflow.hooks.base.BaseHook` attribute is deprecated. Please use `'airflow.sdk.bases.hook.BaseHook'`.","category":"DeprecatedImportWarning","filename":"/opt/airflow/plugins/hooks/pgdas_hook.py","lineno":1,"logger":"py.warnings"}
{"timestamp":"2026-03-17T17:43:23.496511Z","level":"warning","event":"Using Variable.get from `airflow.models` is deprecated.Please use `get` on Variable from sdk(`airflow.sdk.Variable`) instead","category":"DeprecationWarning","filename":"/home/airflow/.local/lib/python3.12/site-packages/airflow/models/variable.py","lineno":151,"logger":"py.warnings"}
{"timestamp":"2026-03-17T17:43:23.518043Z","level":"warning","event":"Connection schemes (type: google_cloud_platform) shall not contain '_' according to RFC3986.","logger":"airflow.sdk.definitions.connection","filename":"connection.py","lineno":130}
{"timestamp":"2026-03-17T17:43:23.573247Z","level":"warning","event":"The `airflow.hooks.base.BaseHook` attribute is deprecated. Please use `'airflow.sdk.bases.hook.BaseHook'`.","category":"DeprecatedImportWarning","filename":"/opt/airflow/plugins/hooks/pgdas_hook.py","lineno":1,"logger":"py.warnings"}
{"timestamp":"2026-03-17T17:43:23.605636Z","level":"info","event":"DAG bundles loaded: dags-folder","logger":"airflow.dag_processing.bundles.manager.DagBundlesManager","filename":"manager.py","lineno":179}
{"timestamp":"2026-03-17T17:43:23.606695Z","level":"info","event":"Filling up the DagBag from /opt/airflow/dags/cinema_2026.py","logger":"airflow.models.dagbag.BundleDagBag","filename":"dagbag.py","lineno":593}
{"timestamp":"2026-03-17T17:43:23.628361Z","level":"warning","event":"The `airflow.operators.python.PythonOperator` attribute is deprecated. Please use `'airflow.providers.standard.operators.python.PythonOperator'`.","category":"DeprecatedImportWarning","filename":"/opt/airflow/dags/cinema_2026.py","lineno":4,"logger":"py.warnings"}
{"timestamp":"2026-03-17T17:43:23.628508Z","level":"warning","event":"The `airflow.operators.empty.EmptyOperator` attribute is deprecated. Please use `'airflow.providers.standard.operators.empty.EmptyOperator'`.","category":"DeprecatedImportWarning","filename":"/opt/airflow/dags/cinema_2026.py","lineno":5,"logger":"py.warnings"}
{"timestamp":"2026-03-17T17:43:23.628583Z","level":"warning","event":"The `airflow.models.param.Param` attribute is deprecated. Please use `'airflow.sdk.Param'`.","category":"DeprecatedImportWarning","filename":"/opt/airflow/dags/cinema_2026.py","lineno":6,"logger":"py.warnings"}
{"timestamp":"2026-03-17T17:43:23.628666Z","level":"warning","event":"The `airflow.models.param.ParamsDict` attribute is deprecated. Please use `'airflow.sdk.definitions.param.ParamsDict'`.","category":"DeprecatedImportWarning","filename":"/opt/airflow/dags/cinema_2026.py","lineno":6,"logger":"py.warnings"}
{"timestamp":"2026-03-17T17:43:23.628724Z","level":"warning","event":"The `airflow.operators.bash.BashOperator` attribute is deprecated. Please use `'airflow.providers.standard.operators.bash.BashOperator'`.","category":"DeprecatedImportWarning","filename":"/opt/airflow/dags/cinema_2026.py","lineno":13,"logger":"py.warnings"}
{"timestamp":"2026-03-17T17:43:23.669249Z","level":"info","event":"lendo: /opt/airflow/cinema2026/data/raw/unzip/bilheteria-diaria/bilheteria-diaria-obras-por-exibidoras-csv/bilheteria-diaria-obras-por-exibidoras-2026-02-s01.csv","logger":"task.stdout"}
{"timestamp":"2026-03-17T17:43:23.934578Z","level":"info","event":"lido: /opt/airflow/cinema2026/data/raw/unzip/bilheteria-diaria/bilheteria-diaria-obras-por-exibidoras-csv/bilheteria-diaria-obras-por-exibidoras-2026-02-s01.csv","logger":"task.stdout"}
{"timestamp":"2026-03-17T17:43:23.934957Z","level":"info","event":"lendo: /opt/airflow/cinema2026/data/raw/unzip/bilheteria-diaria/bilheteria-diaria-obras-por-exibidoras-csv/bilheteria-diaria-obras-por-exibidoras-2026-02-s02.csv","logger":"task.stdout"}
{"timestamp":"2026-03-17T17:43:24.194221Z","level":"info","event":"lido: /opt/airflow/cinema2026/data/raw/unzip/bilheteria-diaria/bilheteria-diaria-obras-por-exibidoras-csv/bilheteria-diaria-obras-por-exibidoras-2026-02-s02.csv","logger":"task.stdout"}
{"timestamp":"2026-03-17T17:43:24.194647Z","level":"info","event":"lendo: /opt/airflow/cinema2026/data/raw/unzip/bilheteria-diaria/bilheteria-diaria-obras-por-exibidoras-csv/bilheteria-diaria-obras-por-exibidoras-2026-02-s03.csv","logger":"task.stdout"}
{"timestamp":"2026-03-17T17:43:24.444151Z","level":"info","event":"lido: /opt/airflow/cinema2026/data/raw/unzip/bilheteria-diaria/bilheteria-diaria-obras-por-exibidoras-csv/bilheteria-diaria-obras-por-exibidoras-2026-02-s03.csv","logger":"task.stdout"}
{"timestamp":"2026-03-17T17:43:24.444413Z","level":"info","event":"lendo: /opt/airflow/cinema2026/data/raw/unzip/bilheteria-diaria/bilheteria-diaria-obras-por-exibidoras-csv/bilheteria-diaria-obras-por-exibidoras-2026-02-s04.csv","logger":"task.stdout"}
{"timestamp":"2026-03-17T17:43:24.708027Z","level":"info","event":"lido: /opt/airflow/cinema2026/data/raw/unzip/bilheteria-diaria/bilheteria-diaria-obras-por-exibidoras-csv/bilheteria-diaria-obras-por-exibidoras-2026-02-s04.csv","logger":"task.stdout"}
{"timestamp":"2026-03-17T17:43:24.755534Z","level":"info","event":"passou concat","logger":"task.stdout"}
{"timestamp":"2026-03-17T17:43:24.811522Z","level":"info","event":"Salvo com sucesso em: /opt/airflow/cinema2026/data/processados/bilheteria_diaria_tratada.csv","logger":"task.stdout"}
{"timestamp":"2026-03-17T17:43:24.821299Z","level":"info","event":"Done. Returned value was: None","logger":"airflow.task.operators.airflow.providers.standard.decorators.python._PythonDecoratedOperator","filename":"python.py","lineno":230}
