{"timestamp":"2026-02-19T17:01:43.145896Z","level":"warning","event":"The `airflow.models.param.Param` attribute is deprecated. Please use `'airflow.sdk.Param'`.","category":"DeprecatedImportWarning","filename":"/opt/airflow/plugins/auxi/dic_param.py","lineno":1,"logger":"py.warnings"}
{"timestamp":"2026-02-19T17:01:43.169101Z","level":"warning","event":"The `airflow.hooks.base.BaseHook` attribute is deprecated. Please use `'airflow.sdk.bases.hook.BaseHook'`.","category":"DeprecatedImportWarning","filename":"/opt/airflow/plugins/hooks/pgdas_hook.py","lineno":1,"logger":"py.warnings"}
{"timestamp":"2026-02-19T17:01:43.190483Z","level":"warning","event":"Using Variable.get from `airflow.models` is deprecated.Please use `get` on Variable from sdk(`airflow.sdk.Variable`) instead","category":"DeprecationWarning","filename":"/home/airflow/.local/lib/python3.12/site-packages/airflow/models/variable.py","lineno":151,"logger":"py.warnings"}
{"timestamp":"2026-02-19T17:01:43.214362Z","level":"warning","event":"Connection schemes (type: google_cloud_platform) shall not contain '_' according to RFC3986.","logger":"airflow.sdk.definitions.connection","filename":"connection.py","lineno":130}
{"timestamp":"2026-02-19T17:01:43.270674Z","level":"warning","event":"The `airflow.hooks.base.BaseHook` attribute is deprecated. Please use `'airflow.sdk.bases.hook.BaseHook'`.","category":"DeprecatedImportWarning","filename":"/opt/airflow/plugins/hooks/pgdas_hook.py","lineno":1,"logger":"py.warnings"}
{"timestamp":"2026-02-19T17:01:43.294541Z","level":"info","event":"DAG bundles loaded: dags-folder, example_dags","logger":"airflow.dag_processing.bundles.manager.DagBundlesManager","filename":"manager.py","lineno":179}
{"timestamp":"2026-02-19T17:01:43.295603Z","level":"info","event":"Filling up the DagBag from /opt/airflow/dags/pipeline_pgdas_1.py","logger":"airflow.models.dagbag.BundleDagBag","filename":"dagbag.py","lineno":593}
{"timestamp":"2026-02-19T17:01:46.826090Z","level":"warning","event":"Connection schemes (type: google_cloud_platform) shall not contain '_' according to RFC3986.","logger":"airflow.sdk.definitions.connection","filename":"connection.py","lineno":130}
{"timestamp":"2026-02-19T17:01:46.995235Z","level":"warning","event":"The `airflow.decorators.dag` attribute is deprecated. Please use `'airflow.sdk.dag'`.","category":"DeprecatedImportWarning","filename":"/opt/airflow/dags/pipeline_pgdas_1.py","lineno":5,"logger":"py.warnings"}
{"timestamp":"2026-02-19T17:01:46.995360Z","level":"warning","event":"The `airflow.decorators.task` attribute is deprecated. Please use `'airflow.sdk.task'`.","category":"DeprecatedImportWarning","filename":"/opt/airflow/dags/pipeline_pgdas_1.py","lineno":5,"logger":"py.warnings"}
{"timestamp":"2026-02-19T17:01:46.995433Z","level":"warning","event":"The `airflow.operators.empty.EmptyOperator` attribute is deprecated. Please use `'airflow.providers.standard.operators.empty.EmptyOperator'`.","category":"DeprecatedImportWarning","filename":"/opt/airflow/dags/pipeline_pgdas_1.py","lineno":6,"logger":"py.warnings"}
{"timestamp":"2026-02-19T17:01:46.995493Z","level":"warning","event":"The `airflow.models.param.Param` attribute is deprecated. Please use `'airflow.sdk.Param'`.","category":"DeprecatedImportWarning","filename":"/opt/airflow/dags/pipeline_pgdas_1.py","lineno":7,"logger":"py.warnings"}
{"timestamp":"2026-02-19T17:01:46.995550Z","level":"warning","event":"The `airflow.models.param.ParamsDict` attribute is deprecated. Please use `'airflow.sdk.definitions.param.ParamsDict'`.","category":"DeprecatedImportWarning","filename":"/opt/airflow/dags/pipeline_pgdas_1.py","lineno":7,"logger":"py.warnings"}
{"timestamp":"2026-02-19T17:01:46.995606Z","level":"warning","event":"The `airflow.models.baseoperator.chain` attribute is deprecated. Please use `'airflow.sdk.bases.operator.chain'`.","category":"DeprecatedImportWarning","filename":"/opt/airflow/dags/pipeline_pgdas_1.py","lineno":8,"logger":"py.warnings"}
{"timestamp":"2026-02-19T17:01:46.996494Z","level":"error","event":"Failed to resolve template field 'application_file'","logger":"airflow.sdk.definitions._internal.templater","filename":"templater.py","lineno":100,"error_detail":[{"exc_type":"TemplateNotFound","exc_value":"'util/spark/pgdas/spark-job-convert-pgdas-schema.yaml' not found in search path: '/opt/airflow/dags'","exc_notes":[],"syntax_error":null,"is_cause":false,"frames":[{"filename":"/home/airflow/.local/lib/python3.12/site-packages/airflow/sdk/definitions/_internal/templater.py","lineno":98,"name":"resolve_template_files"},{"filename":"/home/airflow/.local/lib/python3.12/site-packages/jinja2/loaders.py","lineno":209,"name":"get_source"}],"is_group":false,"exceptions":[]}]}
{"timestamp":"2026-02-19T17:01:47.059365Z","level":"info","event":"Task instance is in running state","logger":"task.stdout"}
{"timestamp":"2026-02-19T17:01:47.059716Z","level":"info","event":" Previous state of the Task instance: TaskInstanceState.QUEUED","logger":"task.stdout"}
{"timestamp":"2026-02-19T17:01:47.060002Z","level":"info","event":"Current task name:pgdas_to_parquet","logger":"task.stdout"}
{"timestamp":"2026-02-19T17:01:47.060265Z","level":"info","event":"Dag name:PGDAs_ELT_1","logger":"task.stdout"}
{"timestamp":"2026-02-19T17:01:47.060517Z","level":"info","event":"tmp/90-0000-PUB-PGDASD2018-20251004-01/90-0000-PUB-PGDASD2018-20251004-01.txt","logger":"task.stdout"}
{"timestamp":"2026-02-19T17:01:47.060773Z","level":"info","event":"aqui","logger":"task.stdout"}
{"timestamp":"2026-02-19T17:01:47.056876Z","level":"info","event":"Iniciando leitura das linhas do arquivo 90-0000-PUB-PGDASD2018-20251004-01.txt","logger":"root","filename":"pgdas_hook.py","lineno":482}
{"timestamp":"2026-02-19T17:01:55.515935Z","level":"info","event":"Montando as listas de linhas do arquivo 90-0000-PUB-PGDASD2018-20251004-01.txt","logger":"root","filename":"pgdas_hook.py","lineno":485}
{"timestamp":"2026-02-19T17:01:55.516107Z","level":"info","event":"Montando as listas de linhas do arquivo 90-0000-PUB-PGDASD2018-20251004-01.txt","logger":"root","filename":"pgdas_hook.py","lineno":494}
{"timestamp":"2026-02-19T17:01:55.523586Z","level":"info","event":"Lendo pgdas id: 00384847202503002 no index 6100","logger":"root","filename":"pgdas_hook.py","lineno":506}
{"timestamp":"2026-02-19T17:01:55.532425Z","level":"info","event":"Lendo pgdas id: 00804101202509001 no index 13100","logger":"root","filename":"pgdas_hook.py","lineno":506}
{"timestamp":"2026-02-19T17:01:55.549327Z","level":"info","event":"Lendo pgdas id: 01692709202210002 no index 27300","logger":"root","filename":"pgdas_hook.py","lineno":506}
{"timestamp":"2026-02-19T17:01:55.551184Z","level":"info","event":"Lendo pgdas id: 01790110202202005 no index 28800","logger":"root","filename":"pgdas_hook.py","lineno":506}
{"timestamp":"2026-02-19T17:01:55.589141Z","level":"info","event":"Lendo pgdas id: 03002145202509001 no index 53300","logger":"root","filename":"pgdas_hook.py","lineno":506}
{"timestamp":"2026-02-19T17:01:55.591329Z","level":"info","event":"Lendo pgdas id: 03016406202505002 no index 54200","logger":"root","filename":"pgdas_hook.py","lineno":506}
{"timestamp":"2026-02-19T17:01:55.610043Z","level":"info","event":"Lendo pgdas id: 03399366202509001 no index 62500","logger":"root","filename":"pgdas_hook.py","lineno":506}
{"timestamp":"2026-02-19T17:01:55.616149Z","level":"info","event":"Lendo pgdas id: 03541153202509001 no index 65200","logger":"root","filename":"pgdas_hook.py","lineno":506}
{"timestamp":"2026-02-19T17:01:55.623645Z","level":"info","event":"Lendo pgdas id: 03749027202509001 no index 70000","logger":"root","filename":"pgdas_hook.py","lineno":506}
{"timestamp":"2026-02-19T17:01:55.624149Z","level":"info","event":"Lendo pgdas id: 03756564202509001 no index 70300","logger":"root","filename":"pgdas_hook.py","lineno":506}
{"timestamp":"2026-02-19T17:01:55.624916Z","level":"info","event":"Lendo pgdas id: 03777245202509001 no index 70900","logger":"root","filename":"pgdas_hook.py","lineno":506}
{"timestamp":"2026-02-19T17:01:55.646421Z","level":"info","event":"Lendo pgdas id: 04265407202509001 no index 83900","logger":"root","filename":"pgdas_hook.py","lineno":506}
{"timestamp":"2026-02-19T17:01:55.663311Z","level":"info","event":"Lendo pgdas id: 04745553202509001 no index 97100","logger":"root","filename":"pgdas_hook.py","lineno":506}
{"timestamp":"2026-02-19T17:01:55.683129Z","level":"info","event":"Lendo pgdas id: 05155883202509001 no index 105900","logger":"root","filename":"pgdas_hook.py","lineno":506}
{"timestamp":"2026-02-19T17:01:55.716122Z","level":"info","event":"Lendo pgdas id: 05762061202509001 no index 122500","logger":"root","filename":"pgdas_hook.py","lineno":506}
{"timestamp":"2026-02-19T17:01:55.718656Z","level":"info","event":"Lendo pgdas id: 05824731202509001 no index 124500","logger":"root","filename":"pgdas_hook.py","lineno":506}
{"timestamp":"2026-02-19T17:01:55.721401Z","level":"info","event":"Lendo pgdas id: 05897493202509001 no index 126800","logger":"root","filename":"pgdas_hook.py","lineno":506}
{"timestamp":"2026-02-19T17:01:55.721862Z","level":"info","event":"Lendo pgdas id: 05905284202509001 no index 127100","logger":"root","filename":"pgdas_hook.py","lineno":506}
{"timestamp":"2026-02-19T17:01:55.742392Z","level":"info","event":"Lendo pgdas id: 06899907202509001 no index 143900","logger":"root","filename":"pgdas_hook.py","lineno":506}
{"timestamp":"2026-02-19T17:01:55.748511Z","level":"info","event":"Lendo pgdas id: 07005771202303001 no index 148900","logger":"root","filename":"pgdas_hook.py","lineno":506}
{"timestamp":"2026-02-19T17:01:55.749970Z","level":"info","event":"Lendo pgdas id: 07005771202412001 no index 150100","logger":"root","filename":"pgdas_hook.py","lineno":506}
{"timestamp":"2026-02-19T17:01:55.751677Z","level":"info","event":"Lendo pgdas id: 07036842202509001 no index 151500","logger":"root","filename":"pgdas_hook.py","lineno":506}
{"timestamp":"2026-02-19T17:01:55.755880Z","level":"info","event":"Lendo pgdas id: 07165819202509001 no index 154900","logger":"root","filename":"pgdas_hook.py","lineno":506}
{"timestamp":"2026-02-19T17:01:55.773081Z","level":"info","event":"Lendo pgdas id: 07583787202509001 no index 168600","logger":"root","filename":"pgdas_hook.py","lineno":506}
{"timestamp":"2026-02-19T17:01:55.786998Z","level":"info","event":"Lendo pgdas id: 07803127202509001 no index 177300","logger":"root","filename":"pgdas_hook.py","lineno":506}
{"timestamp":"2026-02-19T17:01:55.805282Z","level":"info","event":"Lendo pgdas id: 08263891202509001 no index 189000","logger":"root","filename":"pgdas_hook.py","lineno":506}
{"timestamp":"2026-02-19T17:01:55.814599Z","level":"info","event":"Lendo pgdas id: 08488475202509001 no index 195200","logger":"root","filename":"pgdas_hook.py","lineno":506}
{"timestamp":"2026-02-19T17:01:55.819887Z","level":"info","event":"Lendo pgdas id: 08621539202509001 no index 198100","logger":"root","filename":"pgdas_hook.py","lineno":506}
{"timestamp":"2026-02-19T17:01:55.831576Z","level":"info","event":"Lendo pgdas id: 08886445202510001 no index 205800","logger":"root","filename":"pgdas_hook.py","lineno":506}
{"timestamp":"2026-02-19T17:01:55.848754Z","level":"info","event":"Lendo pgdas id: 09075974202302001 no index 216900","logger":"root","filename":"pgdas_hook.py","lineno":506}
{"timestamp":"2026-02-19T17:01:55.870082Z","level":"info","event":"Lendo pgdas id: 09396831202405001 no index 231600","logger":"root","filename":"pgdas_hook.py","lineno":506}
{"timestamp":"2026-02-19T17:01:55.870936Z","level":"info","event":"Lendo pgdas id: 09396831202501001 no index 232100","logger":"root","filename":"pgdas_hook.py","lineno":506}
{"timestamp":"2026-02-19T17:01:55.896893Z","level":"info","event":"Lendo pgdas id: 10355807202509001 no index 250300","logger":"root","filename":"pgdas_hook.py","lineno":506}
{"timestamp":"2026-02-19T17:01:55.903165Z","level":"info","event":"Lendo pgdas id: 10488061202509001 no index 255100","logger":"root","filename":"pgdas_hook.py","lineno":506}
{"timestamp":"2026-02-19T17:01:55.936948Z","level":"info","event":"Lendo pgdas id: 11043176202509001 no index 281200","logger":"root","filename":"pgdas_hook.py","lineno":506}
{"timestamp":"2026-02-19T17:01:55.961399Z","level":"info","event":"Lendo pgdas id: 11710278202503002 no index 300700","logger":"root","filename":"pgdas_hook.py","lineno":506}
{"timestamp":"2026-02-19T17:01:55.976004Z","level":"info","event":"Lendo pgdas id: 11959311202509001 no index 312200","logger":"root","filename":"pgdas_hook.py","lineno":506}
{"timestamp":"2026-02-19T17:01:55.997070Z","level":"info","event":"Lendo pgdas id: 12478233202110003 no index 326300","logger":"root","filename":"pgdas_hook.py","lineno":506}
{"timestamp":"2026-02-19T17:01:56.008680Z","level":"info","event":"Lendo pgdas id: 12651460202509001 no index 335000","logger":"root","filename":"pgdas_hook.py","lineno":506}
{"timestamp":"2026-02-19T17:01:56.029051Z","level":"info","event":"Lendo pgdas id: 13295981202509002 no index 351500","logger":"root","filename":"pgdas_hook.py","lineno":506}
{"timestamp":"2026-02-19T17:01:56.032806Z","level":"info","event":"Lendo pgdas id: 13400334202210001 no index 354500","logger":"root","filename":"pgdas_hook.py","lineno":506}
{"timestamp":"2026-02-19T17:01:56.037844Z","level":"info","event":"Lendo pgdas id: 13534504202001001 no index 358700","logger":"root","filename":"pgdas_hook.py","lineno":506}
{"timestamp":"2026-02-19T17:01:56.046029Z","level":"info","event":"Lendo pgdas id: 13612315202411001 no index 365700","logger":"root","filename":"pgdas_hook.py","lineno":506}
{"timestamp":"2026-02-19T17:01:56.049937Z","level":"info","event":"Lendo pgdas id: 13676219202509001 no index 368900","logger":"root","filename":"pgdas_hook.py","lineno":506}
{"timestamp":"2026-02-19T17:01:56.056727Z","level":"info","event":"Lendo pgdas id: 13914666202509001 no index 374400","logger":"root","filename":"pgdas_hook.py","lineno":506}
{"timestamp":"2026-02-19T17:01:56.075489Z","level":"info","event":"Lendo pgdas id: 14407665202108002 no index 390000","logger":"root","filename":"pgdas_hook.py","lineno":506}
{"timestamp":"2026-02-19T17:01:56.077943Z","level":"info","event":"Lendo pgdas id: 14407665202401002 no index 391800","logger":"root","filename":"pgdas_hook.py","lineno":506}
{"timestamp":"2026-02-19T17:01:56.087240Z","level":"info","event":"Lendo pgdas id: 14689705202509001 no index 399500","logger":"root","filename":"pgdas_hook.py","lineno":506}
{"timestamp":"2026-02-19T17:01:56.088775Z","level":"info","event":"Lendo pgdas id: 14737752202509001 no index 400700","logger":"root","filename":"pgdas_hook.py","lineno":506}
{"timestamp":"2026-02-19T17:01:56.090934Z","level":"info","event":"Lendo pgdas id: 14775196202509001 no index 402400","logger":"root","filename":"pgdas_hook.py","lineno":506}
{"timestamp":"2026-02-19T17:01:56.096420Z","level":"info","event":"Lendo pgdas id: 14964018202509001 no index 406900","logger":"root","filename":"pgdas_hook.py","lineno":506}
{"timestamp":"2026-02-19T17:01:56.106296Z","level":"info","event":"Lendo pgdas id: 15197900202212001 no index 415200","logger":"root","filename":"pgdas_hook.py","lineno":506}
{"timestamp":"2026-02-19T17:01:56.113261Z","level":"info","event":"Lendo pgdas id: 15322890202509001 no index 420900","logger":"root","filename":"pgdas_hook.py","lineno":506}
{"timestamp":"2026-02-19T17:01:56.118865Z","level":"info","event":"Lendo pgdas id: 15443688202509001 no index 425400","logger":"root","filename":"pgdas_hook.py","lineno":506}
{"timestamp":"2026-02-19T17:01:56.122783Z","level":"info","event":"Lendo pgdas id: 15531097202509001 no index 428500","logger":"root","filename":"pgdas_hook.py","lineno":506}
{"timestamp":"2026-02-19T17:01:56.129291Z","level":"info","event":"Lendo pgdas id: 15655625202207001 no index 433900","logger":"root","filename":"pgdas_hook.py","lineno":506}
{"timestamp":"2026-02-19T17:01:56.130818Z","level":"info","event":"Lendo pgdas id: 15655625202404001 no index 435100","logger":"root","filename":"pgdas_hook.py","lineno":506}
{"timestamp":"2026-02-19T17:01:56.162079Z","level":"info","event":"Lendo pgdas id: 17212729202504001 no index 461000","logger":"root","filename":"pgdas_hook.py","lineno":506}
{"timestamp":"2026-02-19T17:01:56.186673Z","level":"info","event":"Lendo pgdas id: 17742148202509001 no index 478400","logger":"root","filename":"pgdas_hook.py","lineno":506}
{"timestamp":"2026-02-19T17:01:56.189927Z","level":"info","event":"Lendo pgdas id: 17823134202509001 no index 481100","logger":"root","filename":"pgdas_hook.py","lineno":506}
{"timestamp":"2026-02-19T17:01:56.192217Z","level":"info","event":"Lendo pgdas id: 17867562202509001 no index 482700","logger":"root","filename":"pgdas_hook.py","lineno":506}
{"timestamp":"2026-02-19T17:01:56.206646Z","level":"info","event":"Lendo pgdas id: 18206341202509001 no index 495100","logger":"root","filename":"pgdas_hook.py","lineno":506}
{"timestamp":"2026-02-19T17:01:56.209446Z","level":"info","event":"Lendo pgdas id: 18298218202509001 no index 497200","logger":"root","filename":"pgdas_hook.py","lineno":506}
{"timestamp":"2026-02-19T17:01:56.212605Z","level":"info","event":"Lendo pgdas id: 18406402202509001 no index 499800","logger":"root","filename":"pgdas_hook.py","lineno":506}
{"timestamp":"2026-02-19T17:01:56.213999Z","level":"info","event":"Lendo pgdas id: 18424030202005004 no index 500900","logger":"root","filename":"pgdas_hook.py","lineno":506}
{"timestamp":"2026-02-19T17:01:56.220408Z","level":"info","event":"Lendo pgdas id: 18489639202509001 no index 506400","logger":"root","filename":"pgdas_hook.py","lineno":506}
{"timestamp":"2026-02-19T17:01:56.236681Z","level":"info","event":"Lendo pgdas id: 18949566202509001 no index 520100","logger":"root","filename":"pgdas_hook.py","lineno":506}
{"timestamp":"2026-02-19T17:01:56.279757Z","level":"info","event":"Lendo pgdas id: 19728942202509001 no index 545800","logger":"root","filename":"pgdas_hook.py","lineno":506}
{"timestamp":"2026-02-19T17:01:56.286608Z","level":"info","event":"Lendo pgdas id: 19832014202509001 no index 548800","logger":"root","filename":"pgdas_hook.py","lineno":506}
{"timestamp":"2026-02-19T17:01:56.304990Z","level":"info","event":"Lendo pgdas id: 20403695202106003 no index 564400","logger":"root","filename":"pgdas_hook.py","lineno":506}
{"timestamp":"2026-02-19T17:01:56.308876Z","level":"info","event":"Lendo pgdas id: 20418856202509001 no index 567300","logger":"root","filename":"pgdas_hook.py","lineno":506}
{"timestamp":"2026-02-19T17:01:56.316316Z","level":"info","event":"Lendo pgdas id: 20690010202509001 no index 573600","logger":"root","filename":"pgdas_hook.py","lineno":506}
{"timestamp":"2026-02-19T17:01:56.319839Z","level":"info","event":"Lendo pgdas id: 20815829202509001 no index 576400","logger":"root","filename":"pgdas_hook.py","lineno":506}
{"timestamp":"2026-02-19T17:01:56.322245Z","level":"info","event":"Lendo pgdas id: 20887496202509001 no index 578400","logger":"root","filename":"pgdas_hook.py","lineno":506}
{"timestamp":"2026-02-19T17:01:56.323729Z","level":"info","event":"Lendo pgdas id: 20907126202509001 no index 579500","logger":"root","filename":"pgdas_hook.py","lineno":506}
{"timestamp":"2026-02-19T17:01:56.334364Z","level":"info","event":"Lendo pgdas id: 21154692202201002 no index 588300","logger":"root","filename":"pgdas_hook.py","lineno":506}
{"timestamp":"2026-02-19T17:01:56.345980Z","level":"info","event":"Lendo pgdas id: 21390654202509001 no index 597500","logger":"root","filename":"pgdas_hook.py","lineno":506}
{"timestamp":"2026-02-19T17:01:56.354490Z","level":"info","event":"Lendo pgdas id: 21596789202509003 no index 603700","logger":"root","filename":"pgdas_hook.py","lineno":506}
{"timestamp":"2026-02-19T17:01:56.359856Z","level":"info","event":"Lendo pgdas id: 21678798202203001 no index 607600","logger":"root","filename":"pgdas_hook.py","lineno":506}
{"timestamp":"2026-02-19T17:01:56.367950Z","level":"info","event":"Lendo pgdas id: 21867597202509001 no index 614100","logger":"root","filename":"pgdas_hook.py","lineno":506}
{"timestamp":"2026-02-19T17:01:56.374792Z","level":"info","event":"Lendo pgdas id: 22043790202509001 no index 619600","logger":"root","filename":"pgdas_hook.py","lineno":506}
{"timestamp":"2026-02-19T17:01:56.378053Z","level":"info","event":"Lendo pgdas id: 22139089202509001 no index 622100","logger":"root","filename":"pgdas_hook.py","lineno":506}
{"timestamp":"2026-02-19T17:01:56.380385Z","level":"info","event":"Lendo pgdas id: 22193046202509001 no index 623300","logger":"root","filename":"pgdas_hook.py","lineno":506}
{"timestamp":"2026-02-19T17:01:56.385039Z","level":"info","event":"Lendo pgdas id: 22257132202102001 no index 625200","logger":"root","filename":"pgdas_hook.py","lineno":506}
{"timestamp":"2026-02-19T17:01:56.390925Z","level":"info","event":"Lendo pgdas id: 22297222202509001 no index 627700","logger":"root","filename":"pgdas_hook.py","lineno":506}
{"timestamp":"2026-02-19T17:01:56.395746Z","level":"info","event":"Lendo pgdas id: 22415478202509001 no index 631100","logger":"root","filename":"pgdas_hook.py","lineno":506}
{"timestamp":"2026-02-19T17:01:56.419979Z","level":"info","event":"Lendo pgdas id: 22978865202509001 no index 649700","logger":"root","filename":"pgdas_hook.py","lineno":506}
{"timestamp":"2026-02-19T17:01:56.437544Z","level":"info","event":"Lendo pgdas id: 23423376202509001 no index 663900","logger":"root","filename":"pgdas_hook.py","lineno":506}
{"timestamp":"2026-02-19T17:01:56.438517Z","level":"info","event":"Lendo pgdas id: 23443459202509001 no index 664600","logger":"root","filename":"pgdas_hook.py","lineno":506}
{"timestamp":"2026-02-19T17:01:56.438960Z","level":"info","event":"Lendo pgdas id: 23457386202509001 no index 664900","logger":"root","filename":"pgdas_hook.py","lineno":506}
{"timestamp":"2026-02-19T17:01:56.455156Z","level":"info","event":"Lendo pgdas id: 23839117202302001 no index 678300","logger":"root","filename":"pgdas_hook.py","lineno":506}
{"timestamp":"2026-02-19T17:01:56.464329Z","level":"info","event":"Lendo pgdas id: 23981444202509001 no index 685500","logger":"root","filename":"pgdas_hook.py","lineno":506}
{"timestamp":"2026-02-19T17:01:56.470107Z","level":"info","event":"Lendo pgdas id: 24129778202509001 no index 690400","logger":"root","filename":"pgdas_hook.py","lineno":506}
{"timestamp":"2026-02-19T17:01:56.472504Z","level":"info","event":"Lendo pgdas id: 24183465202509001 no index 692300","logger":"root","filename":"pgdas_hook.py","lineno":506}
{"timestamp":"2026-02-19T17:01:56.480432Z","level":"info","event":"Lendo pgdas id: 24385326202509001 no index 699100","logger":"root","filename":"pgdas_hook.py","lineno":506}
{"timestamp":"2026-02-19T17:01:56.485761Z","level":"info","event":"Lendo pgdas id: 24525026202203003 no index 703800","logger":"root","filename":"pgdas_hook.py","lineno":506}
{"timestamp":"2026-02-19T17:01:56.491781Z","level":"info","event":"Lendo pgdas id: 24623257202501001 no index 708600","logger":"root","filename":"pgdas_hook.py","lineno":506}
{"timestamp":"2026-02-19T17:01:56.506778Z","level":"info","event":"Lendo pgdas id: 24947940202509001 no index 720800","logger":"root","filename":"pgdas_hook.py","lineno":506}
{"timestamp":"2026-02-19T17:01:56.519401Z","level":"info","event":"Lendo pgdas id: 25247376202508001 no index 731300","logger":"root","filename":"pgdas_hook.py","lineno":506}
{"timestamp":"2026-02-19T17:01:56.528697Z","level":"info","event":"Lendo pgdas id: 26015916202509001 no index 738900","logger":"root","filename":"pgdas_hook.py","lineno":506}
{"timestamp":"2026-02-19T17:01:56.529427Z","level":"info","event":"Lendo pgdas id: 26026162202509001 no index 739400","logger":"root","filename":"pgdas_hook.py","lineno":506}
{"timestamp":"2026-02-19T17:01:56.538625Z","level":"info","event":"Lendo pgdas id: 26204591202509001 no index 747100","logger":"root","filename":"pgdas_hook.py","lineno":506}
{"timestamp":"2026-02-19T17:01:56.541303Z","level":"info","event":"Lendo pgdas id: 26250570202509001 no index 749200","logger":"root","filename":"pgdas_hook.py","lineno":506}
{"timestamp":"2026-02-19T17:01:56.544640Z","level":"info","event":"Lendo pgdas id: 26349705202509001 no index 751700","logger":"root","filename":"pgdas_hook.py","lineno":506}
{"timestamp":"2026-02-19T17:01:56.549425Z","level":"info","event":"Lendo pgdas id: 26468572202508001 no index 755800","logger":"root","filename":"pgdas_hook.py","lineno":506}
{"timestamp":"2026-02-19T17:01:56.561712Z","level":"info","event":"Lendo pgdas id: 26672379202012001 no index 766200","logger":"root","filename":"pgdas_hook.py","lineno":506}
{"timestamp":"2026-02-19T17:01:56.572697Z","level":"info","event":"Lendo pgdas id: 26851175202509001 no index 775700","logger":"root","filename":"pgdas_hook.py","lineno":506}
{"timestamp":"2026-02-19T17:01:56.581564Z","level":"info","event":"Lendo pgdas id: 27125832202508001 no index 783000","logger":"root","filename":"pgdas_hook.py","lineno":506}
{"timestamp":"2026-02-19T17:01:56.593838Z","level":"info","event":"Lendo pgdas id: 27389730202509001 no index 793200","logger":"root","filename":"pgdas_hook.py","lineno":506}
{"timestamp":"2026-02-19T17:01:56.603424Z","level":"info","event":"Lendo pgdas id: 27637482202509001 no index 801000","logger":"root","filename":"pgdas_hook.py","lineno":506}
{"timestamp":"2026-02-19T17:01:56.608163Z","level":"info","event":"Lendo pgdas id: 27752618202509001 no index 804900","logger":"root","filename":"pgdas_hook.py","lineno":506}
{"timestamp":"2026-02-19T17:01:56.614860Z","level":"info","event":"Lendo pgdas id: 27920605202509001 no index 810300","logger":"root","filename":"pgdas_hook.py","lineno":506}
{"timestamp":"2026-02-19T17:01:56.626410Z","level":"info","event":"Lendo pgdas id: 28126174202502002 no index 819900","logger":"root","filename":"pgdas_hook.py","lineno":506}
{"timestamp":"2026-02-19T17:01:56.638549Z","level":"info","event":"Lendo pgdas id: 28360249202509001 no index 827500","logger":"root","filename":"pgdas_hook.py","lineno":506}
{"timestamp":"2026-02-19T17:01:56.650604Z","level":"info","event":"Lendo pgdas id: 28547054202509001 no index 837300","logger":"root","filename":"pgdas_hook.py","lineno":506}
{"timestamp":"2026-02-19T17:01:56.669932Z","level":"info","event":"Lendo pgdas id: 28884346202405001 no index 854000","logger":"root","filename":"pgdas_hook.py","lineno":506}
{"timestamp":"2026-02-19T17:01:56.692569Z","level":"info","event":"Lendo pgdas id: 29392992202509001 no index 872900","logger":"root","filename":"pgdas_hook.py","lineno":506}
{"timestamp":"2026-02-19T17:01:56.698776Z","level":"info","event":"Lendo pgdas id: 29506316202509001 no index 877700","logger":"root","filename":"pgdas_hook.py","lineno":506}
{"timestamp":"2026-02-19T17:01:56.706404Z","level":"info","event":"Lendo pgdas id: 29690412202509001 no index 884100","logger":"root","filename":"pgdas_hook.py","lineno":506}
{"timestamp":"2026-02-19T17:01:56.709973Z","level":"info","event":"Lendo pgdas id: 29775093202509001 no index 886400","logger":"root","filename":"pgdas_hook.py","lineno":506}
{"timestamp":"2026-02-19T17:01:56.718135Z","level":"info","event":"Lendo pgdas id: 29943595202508001 no index 893200","logger":"root","filename":"pgdas_hook.py","lineno":506}
{"timestamp":"2026-02-19T17:01:56.732521Z","level":"info","event":"Lendo pgdas id: 30271372202509001 no index 905000","logger":"root","filename":"pgdas_hook.py","lineno":506}
{"timestamp":"2026-02-19T17:01:56.737552Z","level":"info","event":"Lendo pgdas id: 30379494202508003 no index 909100","logger":"root","filename":"pgdas_hook.py","lineno":506}
{"timestamp":"2026-02-19T17:01:56.738136Z","level":"info","event":"Lendo pgdas id: 30382273202505001 no index 909500","logger":"root","filename":"pgdas_hook.py","lineno":506}
{"timestamp":"2026-02-19T17:01:56.754424Z","level":"info","event":"Lendo pgdas id: 30649130202509001 no index 923100","logger":"root","filename":"pgdas_hook.py","lineno":506}
{"timestamp":"2026-02-19T17:01:56.754946Z","level":"info","event":"Lendo pgdas id: 30652634202509001 no index 923400","logger":"root","filename":"pgdas_hook.py","lineno":506}
{"timestamp":"2026-02-19T17:01:56.774908Z","level":"info","event":"Lendo pgdas id: 31057696202509001 no index 940300","logger":"root","filename":"pgdas_hook.py","lineno":506}
{"timestamp":"2026-02-19T17:01:56.781849Z","level":"info","event":"Lendo pgdas id: 31187309202506002 no index 946100","logger":"root","filename":"pgdas_hook.py","lineno":506}
{"timestamp":"2026-02-19T17:01:56.801534Z","level":"info","event":"Lendo pgdas id: 31731548202507001 no index 962400","logger":"root","filename":"pgdas_hook.py","lineno":506}
{"timestamp":"2026-02-19T17:01:56.803126Z","level":"info","event":"Lendo pgdas id: 31750514202509001 no index 963600","logger":"root","filename":"pgdas_hook.py","lineno":506}
{"timestamp":"2026-02-19T17:01:56.803583Z","level":"info","event":"Lendo pgdas id: 31762410202509001 no index 963900","logger":"root","filename":"pgdas_hook.py","lineno":506}
{"timestamp":"2026-02-19T17:01:56.803987Z","level":"info","event":"Lendo pgdas id: 31777610202509001 no index 964200","logger":"root","filename":"pgdas_hook.py","lineno":506}
{"timestamp":"2026-02-19T17:01:56.810295Z","level":"info","event":"Lendo pgdas id: 31845660202509001 no index 969200","logger":"root","filename":"pgdas_hook.py","lineno":506}
{"timestamp":"2026-02-19T17:01:56.816322Z","level":"info","event":"Lendo pgdas id: 31966128202509001 no index 974100","logger":"root","filename":"pgdas_hook.py","lineno":506}
{"timestamp":"2026-02-19T17:01:56.822663Z","level":"info","event":"Lendo pgdas id: 32076338202509001 no index 979500","logger":"root","filename":"pgdas_hook.py","lineno":506}
{"timestamp":"2026-02-19T17:01:56.832848Z","level":"info","event":"Lendo pgdas id: 32268307202509001 no index 987800","logger":"root","filename":"pgdas_hook.py","lineno":506}
{"timestamp":"2026-02-19T17:01:56.833848Z","level":"info","event":"Lendo pgdas id: 32289077202509001 no index 988500","logger":"root","filename":"pgdas_hook.py","lineno":506}
{"timestamp":"2026-02-19T17:01:56.838970Z","level":"info","event":"Lendo pgdas id: 32359992202509001 no index 992800","logger":"root","filename":"pgdas_hook.py","lineno":506}
{"timestamp":"2026-02-19T17:01:56.851946Z","level":"info","event":"Lendo pgdas id: 32625070202509001 no index 1003600","logger":"root","filename":"pgdas_hook.py","lineno":506}
{"timestamp":"2026-02-19T17:01:56.865165Z","level":"info","event":"Lendo pgdas id: 32868504202509001 no index 1014500","logger":"root","filename":"pgdas_hook.py","lineno":506}
{"timestamp":"2026-02-19T17:01:56.872136Z","level":"info","event":"Lendo pgdas id: 33023112202509001 no index 1020400","logger":"root","filename":"pgdas_hook.py","lineno":506}
{"timestamp":"2026-02-19T17:01:56.880220Z","level":"info","event":"Lendo pgdas id: 33190194202509001 no index 1027200","logger":"root","filename":"pgdas_hook.py","lineno":506}
{"timestamp":"2026-02-19T17:01:56.888805Z","level":"info","event":"Lendo pgdas id: 33332819202407001 no index 1034500","logger":"root","filename":"pgdas_hook.py","lineno":506}
{"timestamp":"2026-02-19T17:01:56.891860Z","level":"info","event":"Lendo pgdas id: 33361073202503003 no index 1036800","logger":"root","filename":"pgdas_hook.py","lineno":506}
{"timestamp":"2026-02-19T17:01:56.898654Z","level":"info","event":"Lendo pgdas id: 33488676202509001 no index 1042600","logger":"root","filename":"pgdas_hook.py","lineno":506}
{"timestamp":"2026-02-19T17:01:56.916067Z","level":"info","event":"Lendo pgdas id: 33778653202509001 no index 1056700","logger":"root","filename":"pgdas_hook.py","lineno":506}
{"timestamp":"2026-02-19T17:01:56.919508Z","level":"info","event":"Lendo pgdas id: 33804632202408002 no index 1059500","logger":"root","filename":"pgdas_hook.py","lineno":506}
{"timestamp":"2026-02-19T17:01:56.931770Z","level":"info","event":"Lendo pgdas id: 34001007202509001 no index 1069500","logger":"root","filename":"pgdas_hook.py","lineno":506}
{"timestamp":"2026-02-19T17:01:56.932297Z","level":"info","event":"Lendo pgdas id: 34005450202509001 no index 1069800","logger":"root","filename":"pgdas_hook.py","lineno":506}
{"timestamp":"2026-02-19T17:01:56.939813Z","level":"info","event":"Lendo pgdas id: 34186468202509001 no index 1076000","logger":"root","filename":"pgdas_hook.py","lineno":506}
{"timestamp":"2026-02-19T17:01:56.941658Z","level":"info","event":"Lendo pgdas id: 34231796202509001 no index 1077300","logger":"root","filename":"pgdas_hook.py","lineno":506}
{"timestamp":"2026-02-19T17:01:56.945056Z","level":"info","event":"Lendo pgdas id: 34290469202509001 no index 1080100","logger":"root","filename":"pgdas_hook.py","lineno":506}
{"timestamp":"2026-02-19T17:01:56.947921Z","level":"info","event":"Lendo pgdas id: 34320290202509006 no index 1082400","logger":"root","filename":"pgdas_hook.py","lineno":506}
{"timestamp":"2026-02-19T17:01:56.954528Z","level":"info","event":"Lendo pgdas id: 34471899202507001 no index 1087900","logger":"root","filename":"pgdas_hook.py","lineno":506}
{"timestamp":"2026-02-19T17:01:56.957293Z","level":"info","event":"Lendo pgdas id: 34517069202509003 no index 1090100","logger":"root","filename":"pgdas_hook.py","lineno":506}
{"timestamp":"2026-02-19T17:01:56.976193Z","level":"info","event":"Lendo pgdas id: 34879332202509001 no index 1102000","logger":"root","filename":"pgdas_hook.py","lineno":506}
{"timestamp":"2026-02-19T17:01:56.987328Z","level":"info","event":"Lendo pgdas id: 35035699202509001 no index 1109500","logger":"root","filename":"pgdas_hook.py","lineno":506}
{"timestamp":"2026-02-19T17:01:56.988399Z","level":"info","event":"Lendo pgdas id: 35048580202509001 no index 1110300","logger":"root","filename":"pgdas_hook.py","lineno":506}
{"timestamp":"2026-02-19T17:01:56.992055Z","level":"info","event":"Lendo pgdas id: 35155873202303001 no index 1113200","logger":"root","filename":"pgdas_hook.py","lineno":506}
{"timestamp":"2026-02-19T17:01:56.993472Z","level":"info","event":"Lendo pgdas id: 35155873202412001 no index 1114400","logger":"root","filename":"pgdas_hook.py","lineno":506}
{"timestamp":"2026-02-19T17:01:56.997649Z","level":"info","event":"Lendo pgdas id: 35229078202509001 no index 1117900","logger":"root","filename":"pgdas_hook.py","lineno":506}
{"timestamp":"2026-02-19T17:01:56.999000Z","level":"info","event":"Lendo pgdas id: 35241005202509001 no index 1118900","logger":"root","filename":"pgdas_hook.py","lineno":506}
{"timestamp":"2026-02-19T17:01:57.001688Z","level":"info","event":"Lendo pgdas id: 35288365202509001 no index 1121100","logger":"root","filename":"pgdas_hook.py","lineno":506}
{"timestamp":"2026-02-19T17:01:57.005392Z","level":"info","event":"Lendo pgdas id: 35353106202509001 no index 1124100","logger":"root","filename":"pgdas_hook.py","lineno":506}
{"timestamp":"2026-02-19T17:01:57.006228Z","level":"info","event":"Lendo pgdas id: 35365712202509001 no index 1124700","logger":"root","filename":"pgdas_hook.py","lineno":506}
{"timestamp":"2026-02-19T17:01:57.008895Z","level":"info","event":"Lendo pgdas id: 35395770202509001 no index 1126700","logger":"root","filename":"pgdas_hook.py","lineno":506}
{"timestamp":"2026-02-19T17:01:57.016572Z","level":"info","event":"Lendo pgdas id: 35564315202509001 no index 1133000","logger":"root","filename":"pgdas_hook.py","lineno":506}
{"timestamp":"2026-02-19T17:01:57.016906Z","level":"info","event":"Lendo pgdas id: 35569155202509001 no index 1133200","logger":"root","filename":"pgdas_hook.py","lineno":506}
{"timestamp":"2026-02-19T17:01:57.018403Z","level":"info","event":"Lendo pgdas id: 35585164202509001 no index 1134400","logger":"root","filename":"pgdas_hook.py","lineno":506}
{"timestamp":"2026-02-19T17:01:57.021822Z","level":"info","event":"Lendo pgdas id: 35663172202509001 no index 1137200","logger":"root","filename":"pgdas_hook.py","lineno":506}
{"timestamp":"2026-02-19T17:01:57.033851Z","level":"info","event":"Lendo pgdas id: 35833180202509001 no index 1147200","logger":"root","filename":"pgdas_hook.py","lineno":506}
{"timestamp":"2026-02-19T17:01:57.037723Z","level":"info","event":"Lendo pgdas id: 35896236202509001 no index 1150300","logger":"root","filename":"pgdas_hook.py","lineno":506}
{"timestamp":"2026-02-19T17:01:57.045194Z","level":"info","event":"Lendo pgdas id: 36072373202509001 no index 1156200","logger":"root","filename":"pgdas_hook.py","lineno":506}
{"timestamp":"2026-02-19T17:01:57.051137Z","level":"info","event":"Lendo pgdas id: 36196740202507001 no index 1161200","logger":"root","filename":"pgdas_hook.py","lineno":506}
{"timestamp":"2026-02-19T17:01:57.066415Z","level":"info","event":"Lendo pgdas id: 36475186202509001 no index 1173900","logger":"root","filename":"pgdas_hook.py","lineno":506}
{"timestamp":"2026-02-19T17:01:57.076348Z","level":"info","event":"Lendo pgdas id: 36651082202509002 no index 1181700","logger":"root","filename":"pgdas_hook.py","lineno":506}
{"timestamp":"2026-02-19T17:01:57.078925Z","level":"info","event":"Lendo pgdas id: 36697917202509001 no index 1183800","logger":"root","filename":"pgdas_hook.py","lineno":506}
{"timestamp":"2026-02-19T17:01:57.086028Z","level":"info","event":"Lendo pgdas id: 36903281202509001 no index 1189800","logger":"root","filename":"pgdas_hook.py","lineno":506}
{"timestamp":"2026-02-19T17:01:57.118894Z","level":"info","event":"Lendo pgdas id: 37556340202509001 no index 1216400","logger":"root","filename":"pgdas_hook.py","lineno":506}
{"timestamp":"2026-02-19T17:01:57.133630Z","level":"info","event":"Lendo pgdas id: 37709165202509001 no index 1222800","logger":"root","filename":"pgdas_hook.py","lineno":506}
{"timestamp":"2026-02-19T17:01:57.140683Z","level":"info","event":"Lendo pgdas id: 37855224202509001 no index 1228000","logger":"root","filename":"pgdas_hook.py","lineno":506}
{"timestamp":"2026-02-19T17:01:57.147095Z","level":"info","event":"Lendo pgdas id: 37987459202506001 no index 1233200","logger":"root","filename":"pgdas_hook.py","lineno":506}
{"timestamp":"2026-02-19T17:01:57.166789Z","level":"info","event":"Lendo pgdas id: 38348250202509001 no index 1249900","logger":"root","filename":"pgdas_hook.py","lineno":506}
{"timestamp":"2026-02-19T17:01:57.170121Z","level":"info","event":"Lendo pgdas id: 38419979202509001 no index 1252700","logger":"root","filename":"pgdas_hook.py","lineno":506}
{"timestamp":"2026-02-19T17:01:57.170942Z","level":"info","event":"Lendo pgdas id: 38428968202509001 no index 1253300","logger":"root","filename":"pgdas_hook.py","lineno":506}
{"timestamp":"2026-02-19T17:01:57.173922Z","level":"info","event":"Lendo pgdas id: 38485590202509001 no index 1255200","logger":"root","filename":"pgdas_hook.py","lineno":506}
{"timestamp":"2026-02-19T17:01:57.180872Z","level":"info","event":"Lendo pgdas id: 38714449202507001 no index 1258300","logger":"root","filename":"pgdas_hook.py","lineno":506}
{"timestamp":"2026-02-19T17:01:57.182609Z","level":"info","event":"Lendo pgdas id: 38822363202509001 no index 1259000","logger":"root","filename":"pgdas_hook.py","lineno":506}
{"timestamp":"2026-02-19T17:01:57.189991Z","level":"info","event":"Lendo pgdas id: 39275457202509001 no index 1262900","logger":"root","filename":"pgdas_hook.py","lineno":506}
{"timestamp":"2026-02-19T17:01:57.197430Z","level":"info","event":"Lendo pgdas id: 39397934202509001 no index 1269000","logger":"root","filename":"pgdas_hook.py","lineno":506}
{"timestamp":"2026-02-19T17:01:57.197904Z","level":"info","event":"Lendo pgdas id: 39407487202509001 no index 1269300","logger":"root","filename":"pgdas_hook.py","lineno":506}
{"timestamp":"2026-02-19T17:01:57.200075Z","level":"info","event":"Lendo pgdas id: 39433439202509001 no index 1271000","logger":"root","filename":"pgdas_hook.py","lineno":506}
{"timestamp":"2026-02-19T17:01:57.200507Z","level":"info","event":"Lendo pgdas id: 39439735202509001 no index 1271300","logger":"root","filename":"pgdas_hook.py","lineno":506}
{"timestamp":"2026-02-19T17:01:57.206017Z","level":"info","event":"Lendo pgdas id: 39549210202509001 no index 1275800","logger":"root","filename":"pgdas_hook.py","lineno":506}
{"timestamp":"2026-02-19T17:01:57.217255Z","level":"info","event":"Lendo pgdas id: 39721581202411003 no index 1284500","logger":"root","filename":"pgdas_hook.py","lineno":506}
{"timestamp":"2026-02-19T17:01:57.221327Z","level":"info","event":"Lendo pgdas id: 39775830202509001 no index 1287900","logger":"root","filename":"pgdas_hook.py","lineno":506}
{"timestamp":"2026-02-19T17:01:57.227148Z","level":"info","event":"Lendo pgdas id: 39858450202509001 no index 1292700","logger":"root","filename":"pgdas_hook.py","lineno":506}
{"timestamp":"2026-02-19T17:01:57.293591Z","level":"info","event":"Lendo pgdas id: 40618106202409001 no index 1331300","logger":"root","filename":"pgdas_hook.py","lineno":506}
{"timestamp":"2026-02-19T17:01:57.297403Z","level":"info","event":"Lendo pgdas id: 40651535202509001 no index 1332900","logger":"root","filename":"pgdas_hook.py","lineno":506}
{"timestamp":"2026-02-19T17:01:57.313355Z","level":"info","event":"Lendo pgdas id: 40788657202506001 no index 1339600","logger":"root","filename":"pgdas_hook.py","lineno":506}
{"timestamp":"2026-02-19T17:01:57.314780Z","level":"info","event":"Lendo pgdas id: 40792492202509001 no index 1340100","logger":"root","filename":"pgdas_hook.py","lineno":506}
{"timestamp":"2026-02-19T17:01:57.318920Z","level":"info","event":"Lendo pgdas id: 40820518202509001 no index 1341800","logger":"root","filename":"pgdas_hook.py","lineno":506}
{"timestamp":"2026-02-19T17:01:57.329619Z","level":"info","event":"Lendo pgdas id: 40924019202509001 no index 1347500","logger":"root","filename":"pgdas_hook.py","lineno":506}
{"timestamp":"2026-02-19T17:01:57.342657Z","level":"info","event":"Lendo pgdas id: 41106977202509001 no index 1355300","logger":"root","filename":"pgdas_hook.py","lineno":506}
{"timestamp":"2026-02-19T17:01:57.347763Z","level":"info","event":"Lendo pgdas id: 41189014202509001 no index 1358700","logger":"root","filename":"pgdas_hook.py","lineno":506}
{"timestamp":"2026-02-19T17:01:57.352037Z","level":"info","event":"Lendo pgdas id: 41245588202509001 no index 1361800","logger":"root","filename":"pgdas_hook.py","lineno":506}
{"timestamp":"2026-02-19T17:01:57.363317Z","level":"info","event":"Lendo pgdas id: 41399944202509001 no index 1368500","logger":"root","filename":"pgdas_hook.py","lineno":506}
{"timestamp":"2026-02-19T17:01:57.396784Z","level":"info","event":"Lendo pgdas id: 41813740202508002 no index 1389200","logger":"root","filename":"pgdas_hook.py","lineno":506}
{"timestamp":"2026-02-19T17:01:57.398699Z","level":"info","event":"Lendo pgdas id: 41837517202509001 no index 1390700","logger":"root","filename":"pgdas_hook.py","lineno":506}
{"timestamp":"2026-02-19T17:01:57.399955Z","level":"info","event":"Lendo pgdas id: 41858953202509001 no index 1391600","logger":"root","filename":"pgdas_hook.py","lineno":506}
{"timestamp":"2026-02-19T17:01:57.412278Z","level":"info","event":"Lendo pgdas id: 42002323202509001 no index 1401100","logger":"root","filename":"pgdas_hook.py","lineno":506}
{"timestamp":"2026-02-19T17:01:57.456606Z","level":"info","event":"Lendo pgdas id: 42718881202509001 no index 1436700","logger":"root","filename":"pgdas_hook.py","lineno":506}
{"timestamp":"2026-02-19T17:01:57.462902Z","level":"info","event":"Lendo pgdas id: 42824042202509001 no index 1441600","logger":"root","filename":"pgdas_hook.py","lineno":506}
{"timestamp":"2026-02-19T17:01:57.464095Z","level":"info","event":"Lendo pgdas id: 42839577202509001 no index 1442400","logger":"root","filename":"pgdas_hook.py","lineno":506}
{"timestamp":"2026-02-19T17:01:57.468182Z","level":"info","event":"Lendo pgdas id: 42898564202509001 no index 1445600","logger":"root","filename":"pgdas_hook.py","lineno":506}
{"timestamp":"2026-02-19T17:01:57.496468Z","level":"info","event":"Lendo pgdas id: 43219270202504001 no index 1463900","logger":"root","filename":"pgdas_hook.py","lineno":506}
{"timestamp":"2026-02-19T17:01:57.501143Z","level":"info","event":"Lendo pgdas id: 43301150202509001 no index 1467200","logger":"root","filename":"pgdas_hook.py","lineno":506}
{"timestamp":"2026-02-19T17:01:57.505300Z","level":"info","event":"Lendo pgdas id: 43375549202509001 no index 1470000","logger":"root","filename":"pgdas_hook.py","lineno":506}
{"timestamp":"2026-02-19T17:01:57.509533Z","level":"info","event":"Lendo pgdas id: 43461954202509001 no index 1473100","logger":"root","filename":"pgdas_hook.py","lineno":506}
{"timestamp":"2026-02-19T17:01:57.528642Z","level":"info","event":"Lendo pgdas id: 43703653202509001 no index 1486000","logger":"root","filename":"pgdas_hook.py","lineno":506}
{"timestamp":"2026-02-19T17:01:57.532793Z","level":"info","event":"Lendo pgdas id: 43773516202509001 no index 1489100","logger":"root","filename":"pgdas_hook.py","lineno":506}
{"timestamp":"2026-02-19T17:01:57.543864Z","level":"info","event":"Lendo pgdas id: 43897341202509001 no index 1495600","logger":"root","filename":"pgdas_hook.py","lineno":506}
{"timestamp":"2026-02-19T17:01:57.563893Z","level":"info","event":"Lendo pgdas id: 44142368202509001 no index 1508900","logger":"root","filename":"pgdas_hook.py","lineno":506}
{"timestamp":"2026-02-19T17:01:57.567797Z","level":"info","event":"Lendo pgdas id: 44199351202509001 no index 1511900","logger":"root","filename":"pgdas_hook.py","lineno":506}
{"timestamp":"2026-02-19T17:01:57.587431Z","level":"info","event":"Lendo pgdas id: 44492578202509001 no index 1527600","logger":"root","filename":"pgdas_hook.py","lineno":506}
{"timestamp":"2026-02-19T17:01:57.602180Z","level":"info","event":"Lendo pgdas id: 44736836202509001 no index 1538800","logger":"root","filename":"pgdas_hook.py","lineno":506}
{"timestamp":"2026-02-19T17:01:57.606555Z","level":"info","event":"Lendo pgdas id: 44817769202509001 no index 1542200","logger":"root","filename":"pgdas_hook.py","lineno":506}
{"timestamp":"2026-02-19T17:01:57.609944Z","level":"info","event":"Lendo pgdas id: 44868566202509001 no index 1544600","logger":"root","filename":"pgdas_hook.py","lineno":506}
{"timestamp":"2026-02-19T17:01:57.610753Z","level":"info","event":"Lendo pgdas id: 44874652202509001 no index 1545200","logger":"root","filename":"pgdas_hook.py","lineno":506}
{"timestamp":"2026-02-19T17:01:57.614801Z","level":"info","event":"Lendo pgdas id: 44933926202509001 no index 1548000","logger":"root","filename":"pgdas_hook.py","lineno":506}
{"timestamp":"2026-02-19T17:01:57.616297Z","level":"info","event":"Lendo pgdas id: 44943196202509001 no index 1549100","logger":"root","filename":"pgdas_hook.py","lineno":506}
{"timestamp":"2026-02-19T17:01:57.630832Z","level":"info","event":"Lendo pgdas id: 45085041202509001 no index 1556600","logger":"root","filename":"pgdas_hook.py","lineno":506}
{"timestamp":"2026-02-19T17:01:57.646334Z","level":"info","event":"Lendo pgdas id: 45309102202509001 no index 1567300","logger":"root","filename":"pgdas_hook.py","lineno":506}
{"timestamp":"2026-02-19T17:01:57.672746Z","level":"info","event":"Lendo pgdas id: 45522107202507002 no index 1580100","logger":"root","filename":"pgdas_hook.py","lineno":506}
{"timestamp":"2026-02-19T17:01:57.695932Z","level":"info","event":"Lendo pgdas id: 45763894202509001 no index 1594700","logger":"root","filename":"pgdas_hook.py","lineno":506}
{"timestamp":"2026-02-19T17:01:57.701737Z","level":"info","event":"Lendo pgdas id: 45838306202509001 no index 1599200","logger":"root","filename":"pgdas_hook.py","lineno":506}
{"timestamp":"2026-02-19T17:01:57.702226Z","level":"info","event":"Lendo pgdas id: 45840310202509001 no index 1599500","logger":"root","filename":"pgdas_hook.py","lineno":506}
{"timestamp":"2026-02-19T17:01:57.705982Z","level":"info","event":"Lendo pgdas id: 45880429202509001 no index 1602300","logger":"root","filename":"pgdas_hook.py","lineno":506}
{"timestamp":"2026-02-19T17:01:57.706436Z","level":"info","event":"Lendo pgdas id: 45894968202509001 no index 1602600","logger":"root","filename":"pgdas_hook.py","lineno":506}
{"timestamp":"2026-02-19T17:01:57.723170Z","level":"info","event":"Lendo pgdas id: 46165879202509001 no index 1615600","logger":"root","filename":"pgdas_hook.py","lineno":506}
{"timestamp":"2026-02-19T17:01:57.731804Z","level":"info","event":"Lendo pgdas id: 46281404202509001 no index 1622100","logger":"root","filename":"pgdas_hook.py","lineno":506}
{"timestamp":"2026-02-19T17:01:57.732328Z","level":"info","event":"Lendo pgdas id: 46287159202509001 no index 1622400","logger":"root","filename":"pgdas_hook.py","lineno":506}
{"timestamp":"2026-02-19T17:01:57.759064Z","level":"info","event":"Lendo pgdas id: 46672110202501002 no index 1644300","logger":"root","filename":"pgdas_hook.py","lineno":506}
{"timestamp":"2026-02-19T17:01:57.762804Z","level":"info","event":"Lendo pgdas id: 46726486202509001 no index 1647200","logger":"root","filename":"pgdas_hook.py","lineno":506}
{"timestamp":"2026-02-19T17:01:57.763639Z","level":"info","event":"Lendo pgdas id: 46729815202509001 no index 1647800","logger":"root","filename":"pgdas_hook.py","lineno":506}
{"timestamp":"2026-02-19T17:01:57.784554Z","level":"info","event":"Lendo pgdas id: 46941349202509001 no index 1660900","logger":"root","filename":"pgdas_hook.py","lineno":506}
{"timestamp":"2026-02-19T17:01:57.797315Z","level":"info","event":"Lendo pgdas id: 47070564202509001 no index 1667700","logger":"root","filename":"pgdas_hook.py","lineno":506}
{"timestamp":"2026-02-19T17:01:57.810429Z","level":"info","event":"Lendo pgdas id: 47201825202509001 no index 1675800","logger":"root","filename":"pgdas_hook.py","lineno":506}
{"timestamp":"2026-02-19T17:01:57.828326Z","level":"info","event":"Lendo pgdas id: 47441908202509001 no index 1689100","logger":"root","filename":"pgdas_hook.py","lineno":506}
{"timestamp":"2026-02-19T17:01:57.836057Z","level":"info","event":"Lendo pgdas id: 47587569202509001 no index 1695400","logger":"root","filename":"pgdas_hook.py","lineno":506}
{"timestamp":"2026-02-19T17:01:57.836459Z","level":"info","event":"Lendo pgdas id: 47591606202509001 no index 1695600","logger":"root","filename":"pgdas_hook.py","lineno":506}
{"timestamp":"2026-02-19T17:01:57.840518Z","level":"info","event":"Lendo pgdas id: 47676032202509001 no index 1698800","logger":"root","filename":"pgdas_hook.py","lineno":506}
{"timestamp":"2026-02-19T17:01:57.844153Z","level":"info","event":"Lendo pgdas id: 47715111202509001 no index 1701400","logger":"root","filename":"pgdas_hook.py","lineno":506}
{"timestamp":"2026-02-19T17:01:57.845521Z","level":"info","event":"Lendo pgdas id: 47732053202509001 no index 1702500","logger":"root","filename":"pgdas_hook.py","lineno":506}
{"timestamp":"2026-02-19T17:01:57.948699Z","level":"info","event":"Lendo pgdas id: 48401177202505001 no index 1743500","logger":"root","filename":"pgdas_hook.py","lineno":506}
{"timestamp":"2026-02-19T17:01:57.953334Z","level":"info","event":"Lendo pgdas id: 48422130202509001 no index 1745000","logger":"root","filename":"pgdas_hook.py","lineno":506}
{"timestamp":"2026-02-19T17:01:57.954469Z","level":"info","event":"Lendo pgdas id: 48428712202509001 no index 1745400","logger":"root","filename":"pgdas_hook.py","lineno":506}
{"timestamp":"2026-02-19T17:01:57.970203Z","level":"info","event":"Lendo pgdas id: 48545458202509001 no index 1751900","logger":"root","filename":"pgdas_hook.py","lineno":506}
{"timestamp":"2026-02-19T17:01:57.988890Z","level":"info","event":"Lendo pgdas id: 48668999202509001 no index 1759100","logger":"root","filename":"pgdas_hook.py","lineno":506}
{"timestamp":"2026-02-19T17:01:57.992606Z","level":"info","event":"Lendo pgdas id: 48691134202509001 no index 1760300","logger":"root","filename":"pgdas_hook.py","lineno":506}
{"timestamp":"2026-02-19T17:01:58.015377Z","level":"info","event":"Lendo pgdas id: 48833232202509001 no index 1772600","logger":"root","filename":"pgdas_hook.py","lineno":506}
{"timestamp":"2026-02-19T17:01:58.021490Z","level":"info","event":"Lendo pgdas id: 48899193202509001 no index 1777300","logger":"root","filename":"pgdas_hook.py","lineno":506}
{"timestamp":"2026-02-19T17:01:58.021893Z","level":"info","event":"Lendo pgdas id: 48900637202509001 no index 1777500","logger":"root","filename":"pgdas_hook.py","lineno":506}
{"timestamp":"2026-02-19T17:01:58.022603Z","level":"info","event":"Lendo pgdas id: 48904928202509001 no index 1777900","logger":"root","filename":"pgdas_hook.py","lineno":506}
{"timestamp":"2026-02-19T17:01:58.042935Z","level":"info","event":"Lendo pgdas id: 49111646202509001 no index 1792600","logger":"root","filename":"pgdas_hook.py","lineno":506}
{"timestamp":"2026-02-19T17:01:58.052187Z","level":"info","event":"Lendo pgdas id: 49251427202509001 no index 1799800","logger":"root","filename":"pgdas_hook.py","lineno":506}
{"timestamp":"2026-02-19T17:01:58.074137Z","level":"info","event":"Lendo pgdas id: 49468319202509001 no index 1815300","logger":"root","filename":"pgdas_hook.py","lineno":506}
{"timestamp":"2026-02-19T17:01:58.076991Z","level":"info","event":"Lendo pgdas id: 49490970202305001 no index 1816600","logger":"root","filename":"pgdas_hook.py","lineno":506}
{"timestamp":"2026-02-19T17:01:58.107077Z","level":"info","event":"Lendo pgdas id: 49663451202509001 no index 1831400","logger":"root","filename":"pgdas_hook.py","lineno":506}
{"timestamp":"2026-02-19T17:01:58.122879Z","level":"info","event":"Lendo pgdas id: 49785667202504003 no index 1840300","logger":"root","filename":"pgdas_hook.py","lineno":506}
{"timestamp":"2026-02-19T17:01:58.123466Z","level":"info","event":"Lendo pgdas id: 49785667202509002 no index 1840600","logger":"root","filename":"pgdas_hook.py","lineno":506}
{"timestamp":"2026-02-19T17:01:58.127226Z","level":"info","event":"Lendo pgdas id: 49829966202509001 no index 1843100","logger":"root","filename":"pgdas_hook.py","lineno":506}
{"timestamp":"2026-02-19T17:01:58.146581Z","level":"info","event":"Lendo pgdas id: 50064867202509001 no index 1858900","logger":"root","filename":"pgdas_hook.py","lineno":506}
{"timestamp":"2026-02-19T17:01:58.180101Z","level":"info","event":"Lendo pgdas id: 50442443202509001 no index 1881600","logger":"root","filename":"pgdas_hook.py","lineno":506}
{"timestamp":"2026-02-19T17:01:58.191676Z","level":"info","event":"Lendo pgdas id: 50573707202509001 no index 1891200","logger":"root","filename":"pgdas_hook.py","lineno":506}
{"timestamp":"2026-02-19T17:01:58.198761Z","level":"info","event":"Lendo pgdas id: 50663120202508004 no index 1897100","logger":"root","filename":"pgdas_hook.py","lineno":506}
{"timestamp":"2026-02-19T17:01:58.199180Z","level":"info","event":"Lendo pgdas id: 50667482202509001 no index 1897300","logger":"root","filename":"pgdas_hook.py","lineno":506}
{"timestamp":"2026-02-19T17:01:58.200355Z","level":"info","event":"Lendo pgdas id: 50673806202509001 no index 1898200","logger":"root","filename":"pgdas_hook.py","lineno":506}
{"timestamp":"2026-02-19T17:01:58.211475Z","level":"info","event":"Lendo pgdas id: 50816298202509001 no index 1907000","logger":"root","filename":"pgdas_hook.py","lineno":506}
{"timestamp":"2026-02-19T17:01:58.216825Z","level":"info","event":"Lendo pgdas id: 50874633202509001 no index 1910900","logger":"root","filename":"pgdas_hook.py","lineno":506}
{"timestamp":"2026-02-19T17:01:58.218081Z","level":"info","event":"Lendo pgdas id: 50885559202509001 no index 1911600","logger":"root","filename":"pgdas_hook.py","lineno":506}
{"timestamp":"2026-02-19T17:01:58.219244Z","level":"info","event":"Lendo pgdas id: 50900384202509001 no index 1912500","logger":"root","filename":"pgdas_hook.py","lineno":506}
{"timestamp":"2026-02-19T17:01:58.228950Z","level":"info","event":"Lendo pgdas id: 51032507202509001 no index 1920500","logger":"root","filename":"pgdas_hook.py","lineno":506}
{"timestamp":"2026-02-19T17:01:58.236903Z","level":"info","event":"Lendo pgdas id: 51126127202509001 no index 1926900","logger":"root","filename":"pgdas_hook.py","lineno":506}
{"timestamp":"2026-02-19T17:01:58.243802Z","level":"info","event":"Lendo pgdas id: 51193906202509001 no index 1931400","logger":"root","filename":"pgdas_hook.py","lineno":506}
{"timestamp":"2026-02-19T17:01:58.258423Z","level":"info","event":"Lendo pgdas id: 51267809202509001 no index 1936800","logger":"root","filename":"pgdas_hook.py","lineno":506}
{"timestamp":"2026-02-19T17:01:58.266378Z","level":"info","event":"Lendo pgdas id: 51343977202509001 no index 1943200","logger":"root","filename":"pgdas_hook.py","lineno":506}
{"timestamp":"2026-02-19T17:01:58.278205Z","level":"info","event":"Lendo pgdas id: 51468778202504002 no index 1952200","logger":"root","filename":"pgdas_hook.py","lineno":506}
{"timestamp":"2026-02-19T17:01:58.307939Z","level":"info","event":"Lendo pgdas id: 51853211202509001 no index 1976800","logger":"root","filename":"pgdas_hook.py","lineno":506}
{"timestamp":"2026-02-19T17:01:58.310841Z","level":"info","event":"Lendo pgdas id: 51869258202509001 no index 1978800","logger":"root","filename":"pgdas_hook.py","lineno":506}
{"timestamp":"2026-02-19T17:01:58.326264Z","level":"info","event":"Lendo pgdas id: 52043274202509001 no index 1990900","logger":"root","filename":"pgdas_hook.py","lineno":506}
{"timestamp":"2026-02-19T17:01:58.334974Z","level":"info","event":"Lendo pgdas id: 52141794202504004 no index 1998100","logger":"root","filename":"pgdas_hook.py","lineno":506}
{"timestamp":"2026-02-19T17:01:58.346184Z","level":"info","event":"Lendo pgdas id: 52232745202509001 no index 2004900","logger":"root","filename":"pgdas_hook.py","lineno":506}
{"timestamp":"2026-02-19T17:01:58.358440Z","level":"info","event":"Lendo pgdas id: 52310058202509001 no index 2010200","logger":"root","filename":"pgdas_hook.py","lineno":506}
{"timestamp":"2026-02-19T17:01:58.363465Z","level":"info","event":"Lendo pgdas id: 52346402202510001 no index 2012400","logger":"root","filename":"pgdas_hook.py","lineno":506}
{"timestamp":"2026-02-19T17:01:58.375668Z","level":"info","event":"Lendo pgdas id: 52437440202509001 no index 2017800","logger":"root","filename":"pgdas_hook.py","lineno":506}
{"timestamp":"2026-02-19T17:01:58.385122Z","level":"info","event":"Lendo pgdas id: 52491859202507001 no index 2022100","logger":"root","filename":"pgdas_hook.py","lineno":506}
{"timestamp":"2026-02-19T17:01:58.402994Z","level":"info","event":"Lendo pgdas id: 52602676202509002 no index 2030200","logger":"root","filename":"pgdas_hook.py","lineno":506}
{"timestamp":"2026-02-19T17:01:58.405685Z","level":"info","event":"Lendo pgdas id: 52630376202509001 no index 2032000","logger":"root","filename":"pgdas_hook.py","lineno":506}
{"timestamp":"2026-02-19T17:01:58.414710Z","level":"info","event":"Lendo pgdas id: 52741565202509001 no index 2039400","logger":"root","filename":"pgdas_hook.py","lineno":506}
{"timestamp":"2026-02-19T17:01:58.423145Z","level":"info","event":"Lendo pgdas id: 52816887202508001 no index 2044500","logger":"root","filename":"pgdas_hook.py","lineno":506}
{"timestamp":"2026-02-19T17:01:58.445801Z","level":"info","event":"Lendo pgdas id: 52998649202509001 no index 2054400","logger":"root","filename":"pgdas_hook.py","lineno":506}
{"timestamp":"2026-02-19T17:01:58.448952Z","level":"info","event":"Lendo pgdas id: 53027839202508001 no index 2055800","logger":"root","filename":"pgdas_hook.py","lineno":506}
{"timestamp":"2026-02-19T17:01:58.456925Z","level":"info","event":"Lendo pgdas id: 53131826202509001 no index 2062000","logger":"root","filename":"pgdas_hook.py","lineno":506}
{"timestamp":"2026-02-19T17:01:58.481792Z","level":"info","event":"Lendo pgdas id: 53392863202509001 no index 2082600","logger":"root","filename":"pgdas_hook.py","lineno":506}
{"timestamp":"2026-02-19T17:01:58.485009Z","level":"info","event":"Lendo pgdas id: 53433424202508003 no index 2085200","logger":"root","filename":"pgdas_hook.py","lineno":506}
{"timestamp":"2026-02-19T17:01:58.497633Z","level":"info","event":"Lendo pgdas id: 53581166202509001 no index 2095400","logger":"root","filename":"pgdas_hook.py","lineno":506}
{"timestamp":"2026-02-19T17:01:58.499434Z","level":"info","event":"Lendo pgdas id: 53603876202509001 no index 2096800","logger":"root","filename":"pgdas_hook.py","lineno":506}
{"timestamp":"2026-02-19T17:01:58.504073Z","level":"info","event":"Lendo pgdas id: 53641537202508001 no index 2100700","logger":"root","filename":"pgdas_hook.py","lineno":506}
{"timestamp":"2026-02-19T17:01:58.513480Z","level":"info","event":"Lendo pgdas id: 53771726202509001 no index 2108400","logger":"root","filename":"pgdas_hook.py","lineno":506}
{"timestamp":"2026-02-19T17:01:58.517330Z","level":"info","event":"Lendo pgdas id: 53818393202509001 no index 2111500","logger":"root","filename":"pgdas_hook.py","lineno":506}
{"timestamp":"2026-02-19T17:01:58.538078Z","level":"info","event":"Lendo pgdas id: 54089591202509001 no index 2129000","logger":"root","filename":"pgdas_hook.py","lineno":506}
{"timestamp":"2026-02-19T17:01:58.540813Z","level":"info","event":"Lendo pgdas id: 54112152202508001 no index 2130900","logger":"root","filename":"pgdas_hook.py","lineno":506}
{"timestamp":"2026-02-19T17:01:58.541853Z","level":"info","event":"Lendo pgdas id: 54115948202509001 no index 2131300","logger":"root","filename":"pgdas_hook.py","lineno":506}
{"timestamp":"2026-02-19T17:01:58.550997Z","level":"info","event":"Lendo pgdas id: 54238056202509001 no index 2138500","logger":"root","filename":"pgdas_hook.py","lineno":506}
{"timestamp":"2026-02-19T17:01:58.559776Z","level":"info","event":"Lendo pgdas id: 54342644202509001 no index 2145000","logger":"root","filename":"pgdas_hook.py","lineno":506}
{"timestamp":"2026-02-19T17:01:58.560297Z","level":"info","event":"Lendo pgdas id: 54344845202509001 no index 2145300","logger":"root","filename":"pgdas_hook.py","lineno":506}
{"timestamp":"2026-02-19T17:01:58.563541Z","level":"info","event":"Lendo pgdas id: 54386828202509001 no index 2147700","logger":"root","filename":"pgdas_hook.py","lineno":506}
{"timestamp":"2026-02-19T17:01:58.567723Z","level":"info","event":"Lendo pgdas id: 54436390202509001 no index 2151100","logger":"root","filename":"pgdas_hook.py","lineno":506}
{"timestamp":"2026-02-19T17:01:58.569060Z","level":"info","event":"Lendo pgdas id: 54453629202508001 no index 2152000","logger":"root","filename":"pgdas_hook.py","lineno":506}
{"timestamp":"2026-02-19T17:01:58.572223Z","level":"info","event":"Lendo pgdas id: 54491570202509001 no index 2154500","logger":"root","filename":"pgdas_hook.py","lineno":506}
{"timestamp":"2026-02-19T17:01:58.584447Z","level":"info","event":"Lendo pgdas id: 54632710202509001 no index 2163900","logger":"root","filename":"pgdas_hook.py","lineno":506}
{"timestamp":"2026-02-19T17:01:58.595044Z","level":"info","event":"Lendo pgdas id: 54748958202509001 no index 2172400","logger":"root","filename":"pgdas_hook.py","lineno":506}
{"timestamp":"2026-02-19T17:01:58.609820Z","level":"info","event":"Lendo pgdas id: 54938324202509002 no index 2184600","logger":"root","filename":"pgdas_hook.py","lineno":506}
{"timestamp":"2026-02-19T17:01:58.612960Z","level":"info","event":"Lendo pgdas id: 54979728202509001 no index 2187200","logger":"root","filename":"pgdas_hook.py","lineno":506}
{"timestamp":"2026-02-19T17:01:58.626942Z","level":"info","event":"Lendo pgdas id: 55164353202509001 no index 2198600","logger":"root","filename":"pgdas_hook.py","lineno":506}
{"timestamp":"2026-02-19T17:01:58.629218Z","level":"info","event":"Lendo pgdas id: 55194095202509001 no index 2200300","logger":"root","filename":"pgdas_hook.py","lineno":506}
{"timestamp":"2026-02-19T17:01:58.632057Z","level":"info","event":"Lendo pgdas id: 55220949202509001 no index 2202600","logger":"root","filename":"pgdas_hook.py","lineno":506}
{"timestamp":"2026-02-19T17:01:58.633988Z","level":"info","event":"Lendo pgdas id: 55234774202509001 no index 2204100","logger":"root","filename":"pgdas_hook.py","lineno":506}
{"timestamp":"2026-02-19T17:01:58.646590Z","level":"info","event":"Lendo pgdas id: 55394905202509001 no index 2214000","logger":"root","filename":"pgdas_hook.py","lineno":506}
{"timestamp":"2026-02-19T17:01:58.654920Z","level":"info","event":"Lendo pgdas id: 55492347202508002 no index 2220200","logger":"root","filename":"pgdas_hook.py","lineno":506}
{"timestamp":"2026-02-19T17:01:58.661088Z","level":"info","event":"Lendo pgdas id: 55563673202509001 no index 2224300","logger":"root","filename":"pgdas_hook.py","lineno":506}
{"timestamp":"2026-02-19T17:01:58.661836Z","level":"info","event":"Lendo pgdas id: 55574124202509001 no index 2224800","logger":"root","filename":"pgdas_hook.py","lineno":506}
{"timestamp":"2026-02-19T17:01:58.684726Z","level":"info","event":"Lendo pgdas id: 55909454202509001 no index 2244100","logger":"root","filename":"pgdas_hook.py","lineno":506}
{"timestamp":"2026-02-19T17:01:58.702883Z","level":"info","event":"Lendo pgdas id: 56184514202509001 no index 2258800","logger":"root","filename":"pgdas_hook.py","lineno":506}
{"timestamp":"2026-02-19T17:01:58.707602Z","level":"info","event":"Lendo pgdas id: 56296160202509001 no index 2262300","logger":"root","filename":"pgdas_hook.py","lineno":506}
{"timestamp":"2026-02-19T17:01:58.710577Z","level":"info","event":"Lendo pgdas id: 56421165202509001 no index 2264700","logger":"root","filename":"pgdas_hook.py","lineno":506}
{"timestamp":"2026-02-19T17:01:58.713257Z","level":"info","event":"Lendo pgdas id: 56608892202509001 no index 2266900","logger":"root","filename":"pgdas_hook.py","lineno":506}
{"timestamp":"2026-02-19T17:01:58.715823Z","level":"info","event":"Lendo pgdas id: 56822652202509001 no index 2269000","logger":"root","filename":"pgdas_hook.py","lineno":506}
{"timestamp":"2026-02-19T17:01:58.717806Z","level":"info","event":"Lendo pgdas id: 56908518202509001 no index 2270500","logger":"root","filename":"pgdas_hook.py","lineno":506}
{"timestamp":"2026-02-19T17:01:58.720133Z","level":"info","event":"Lendo pgdas id: 56952155202509001 no index 2272400","logger":"root","filename":"pgdas_hook.py","lineno":506}
{"timestamp":"2026-02-19T17:01:58.725931Z","level":"info","event":"Lendo pgdas id: 57044425202509001 no index 2277200","logger":"root","filename":"pgdas_hook.py","lineno":506}
{"timestamp":"2026-02-19T17:01:58.735013Z","level":"info","event":"Lendo pgdas id: 57201043202412002 no index 2284500","logger":"root","filename":"pgdas_hook.py","lineno":506}
{"timestamp":"2026-02-19T17:01:58.736942Z","level":"info","event":"Lendo pgdas id: 57226517202509001 no index 2285900","logger":"root","filename":"pgdas_hook.py","lineno":506}
{"timestamp":"2026-02-19T17:01:58.758835Z","level":"info","event":"Lendo pgdas id: 57629257202509001 no index 2304100","logger":"root","filename":"pgdas_hook.py","lineno":506}
{"timestamp":"2026-02-19T17:01:58.762192Z","level":"info","event":"Lendo pgdas id: 57682091202509001 no index 2306700","logger":"root","filename":"pgdas_hook.py","lineno":506}
{"timestamp":"2026-02-19T17:01:58.769094Z","level":"info","event":"Lendo pgdas id: 57777839202509002 no index 2312100","logger":"root","filename":"pgdas_hook.py","lineno":506}
{"timestamp":"2026-02-19T17:01:58.779813Z","level":"info","event":"Lendo pgdas id: 57965802202509001 no index 2320600","logger":"root","filename":"pgdas_hook.py","lineno":506}
{"timestamp":"2026-02-19T17:01:58.790433Z","level":"info","event":"Lendo pgdas id: 58183018202509001 no index 2329100","logger":"root","filename":"pgdas_hook.py","lineno":506}
{"timestamp":"2026-02-19T17:01:58.793133Z","level":"info","event":"Lendo pgdas id: 58222515202509002 no index 2330500","logger":"root","filename":"pgdas_hook.py","lineno":506}
{"timestamp":"2026-02-19T17:01:58.802242Z","level":"info","event":"Lendo pgdas id: 58359917202508001 no index 2337800","logger":"root","filename":"pgdas_hook.py","lineno":506}
{"timestamp":"2026-02-19T17:01:58.804593Z","level":"info","event":"Lendo pgdas id: 58404521202507001 no index 2339600","logger":"root","filename":"pgdas_hook.py","lineno":506}
{"timestamp":"2026-02-19T17:01:58.809618Z","level":"info","event":"Lendo pgdas id: 58451647202509001 no index 2342700","logger":"root","filename":"pgdas_hook.py","lineno":506}
{"timestamp":"2026-02-19T17:01:58.810633Z","level":"info","event":"Lendo pgdas id: 58473149202509001 no index 2343400","logger":"root","filename":"pgdas_hook.py","lineno":506}
{"timestamp":"2026-02-19T17:01:58.818567Z","level":"info","event":"Lendo pgdas id: 58652960202509001 no index 2349700","logger":"root","filename":"pgdas_hook.py","lineno":506}
{"timestamp":"2026-02-19T17:01:58.824445Z","level":"info","event":"Lendo pgdas id: 58816983202509002 no index 2353800","logger":"root","filename":"pgdas_hook.py","lineno":506}
{"timestamp":"2026-02-19T17:01:58.831073Z","level":"info","event":"Lendo pgdas id: 58942684202509001 no index 2358200","logger":"root","filename":"pgdas_hook.py","lineno":506}
{"timestamp":"2026-02-19T17:01:58.832091Z","level":"info","event":"Lendo pgdas id: 58974896202509001 no index 2358900","logger":"root","filename":"pgdas_hook.py","lineno":506}
{"timestamp":"2026-02-19T17:01:58.836049Z","level":"info","event":"Lendo pgdas id: 59038763202509001 no index 2361900","logger":"root","filename":"pgdas_hook.py","lineno":506}
{"timestamp":"2026-02-19T17:01:58.838716Z","level":"info","event":"Lendo pgdas id: 59074855202509001 no index 2363800","logger":"root","filename":"pgdas_hook.py","lineno":506}
{"timestamp":"2026-02-19T17:01:58.840419Z","level":"info","event":"Lendo pgdas id: 59095366202509001 no index 2364900","logger":"root","filename":"pgdas_hook.py","lineno":506}
{"timestamp":"2026-02-19T17:01:58.845256Z","level":"info","event":"Lendo pgdas id: 59187698202509001 no index 2368400","logger":"root","filename":"pgdas_hook.py","lineno":506}
{"timestamp":"2026-02-19T17:01:58.851877Z","level":"info","event":"Lendo pgdas id: 59280736202509001 no index 2371800","logger":"root","filename":"pgdas_hook.py","lineno":506}
{"timestamp":"2026-02-19T17:01:58.865765Z","level":"info","event":"Lendo pgdas id: 59559246202509001 no index 2382000","logger":"root","filename":"pgdas_hook.py","lineno":506}
{"timestamp":"2026-02-19T17:01:58.870259Z","level":"info","event":"Lendo pgdas id: 59635041202504001 no index 2384900","logger":"root","filename":"pgdas_hook.py","lineno":506}
{"timestamp":"2026-02-19T17:01:58.874996Z","level":"info","event":"Lendo pgdas id: 59702071202509001 no index 2387600","logger":"root","filename":"pgdas_hook.py","lineno":506}
{"timestamp":"2026-02-19T17:01:58.894392Z","level":"info","event":"Lendo pgdas id: 60023609202509001 no index 2398400","logger":"root","filename":"pgdas_hook.py","lineno":506}
{"timestamp":"2026-02-19T17:01:58.912935Z","level":"info","event":"Lendo pgdas id: 60255507202509001 no index 2405000","logger":"root","filename":"pgdas_hook.py","lineno":506}
{"timestamp":"2026-02-19T17:01:58.917188Z","level":"info","event":"Lendo pgdas id: 60319042202509001 no index 2406500","logger":"root","filename":"pgdas_hook.py","lineno":506}
{"timestamp":"2026-02-19T17:01:58.920342Z","level":"info","event":"Lendo pgdas id: 60378869202509001 no index 2408200","logger":"root","filename":"pgdas_hook.py","lineno":506}
{"timestamp":"2026-02-19T17:01:58.920637Z","level":"info","event":"Lendo pgdas id: 60385365202509001 no index 2408300","logger":"root","filename":"pgdas_hook.py","lineno":506}
{"timestamp":"2026-02-19T17:01:58.926257Z","level":"info","event":"Lendo pgdas id: 60538341202509001 no index 2412400","logger":"root","filename":"pgdas_hook.py","lineno":506}
{"timestamp":"2026-02-19T17:01:58.926712Z","level":"info","event":"Lendo pgdas id: 60548027202509001 no index 2412600","logger":"root","filename":"pgdas_hook.py","lineno":506}
{"timestamp":"2026-02-19T17:01:58.930320Z","level":"info","event":"Lendo pgdas id: 60693641202509001 no index 2415400","logger":"root","filename":"pgdas_hook.py","lineno":506}
{"timestamp":"2026-02-19T17:01:58.932270Z","level":"info","event":"Lendo pgdas id: 60746389202509001 no index 2416700","logger":"root","filename":"pgdas_hook.py","lineno":506}
{"timestamp":"2026-02-19T17:01:58.935179Z","level":"info","event":"Lendo pgdas id: 60844911202508001 no index 2418700","logger":"root","filename":"pgdas_hook.py","lineno":506}
{"timestamp":"2026-02-19T17:01:58.943086Z","level":"info","event":"Lendo pgdas id: 61131658202509002 no index 2424500","logger":"root","filename":"pgdas_hook.py","lineno":506}
{"timestamp":"2026-02-19T17:01:58.948339Z","level":"info","event":"Lendo pgdas id: 61294569202509002 no index 2428000","logger":"root","filename":"pgdas_hook.py","lineno":506}
{"timestamp":"2026-02-19T17:01:58.949043Z","level":"info","event":"Lendo pgdas id: 61314253202509001 no index 2428300","logger":"root","filename":"pgdas_hook.py","lineno":506}
{"timestamp":"2026-02-19T17:01:58.954774Z","level":"info","event":"Lendo pgdas id: 61548510202509001 no index 2432400","logger":"root","filename":"pgdas_hook.py","lineno":506}
{"timestamp":"2026-02-19T17:01:58.955478Z","level":"info","event":"Lendo pgdas id: 61571178202509001 no index 2432800","logger":"root","filename":"pgdas_hook.py","lineno":506}
{"timestamp":"2026-02-19T17:01:58.956949Z","level":"info","event":"Lendo pgdas id: 61624205202509001 no index 2433800","logger":"root","filename":"pgdas_hook.py","lineno":506}
{"timestamp":"2026-02-19T17:01:58.961571Z","level":"info","event":"Lendo pgdas id: 61793016202509001 no index 2437000","logger":"root","filename":"pgdas_hook.py","lineno":506}
{"timestamp":"2026-02-19T17:01:58.965522Z","level":"info","event":"Lendo pgdas id: 61954506202507001 no index 2439700","logger":"root","filename":"pgdas_hook.py","lineno":506}
{"timestamp":"2026-02-19T17:01:58.972993Z","level":"info","event":"Lendo pgdas id: 62380874202508001 no index 2444800","logger":"root","filename":"pgdas_hook.py","lineno":506}
{"timestamp":"2026-02-19T17:01:58.973410Z","level":"info","event":"Lendo pgdas id: 62403487202509001 no index 2445000","logger":"root","filename":"pgdas_hook.py","lineno":506}
{"timestamp":"2026-02-19T17:01:58.975512Z","level":"info","event":"Lendo pgdas id: 62628285202509001 no index 2446300","logger":"root","filename":"pgdas_hook.py","lineno":506}
{"timestamp":"2026-02-19T17:01:58.984553Z","level":"info","event":"Lendo pgdas id: 68220771202509001 no index 2454000","logger":"root","filename":"pgdas_hook.py","lineno":506}
{"timestamp":"2026-02-19T17:01:58.986243Z","level":"info","event":"Lendo pgdas id: 71000186202509001 no index 2455400","logger":"root","filename":"pgdas_hook.py","lineno":506}
{"timestamp":"2026-02-19T17:01:58.994723Z","level":"info","event":"Lendo pgdas id: 76638055202507001 no index 2462800","logger":"root","filename":"pgdas_hook.py","lineno":506}
{"timestamp":"2026-02-19T17:01:59.005028Z","level":"info","event":"Lendo pgdas id: 85492841202509001 no index 2471500","logger":"root","filename":"pgdas_hook.py","lineno":506}
{"timestamp":"2026-02-19T17:01:59.280887Z","level":"info","event":"gravando staged/simples_nacional/pgdas/waiting/202510/df_aaaaa/90-0000-PUB-PGDASD2018-20251004-01-aaaaa.parquet","logger":"root","filename":"pgdas_convert.py","lineno":56}
{"timestamp":"2026-02-19T17:01:59.983725Z","level":"info","event":"Salvo no bucket nelio_teste no caminho staged/simples_nacional/pgdas/waiting/202510/df_aaaaa/90-0000-PUB-PGDASD2018-20251004-01-aaaaa.parquet","logger":"root","filename":"pgdas_convert.py","lineno":71}
{"timestamp":"2026-02-19T17:01:59.983884Z","level":"info","event":"gravando staged/simples_nacional/pgdas/waiting/202510/df_00000/90-0000-PUB-PGDASD2018-20251004-01-00000.parquet","logger":"root","filename":"pgdas_convert.py","lineno":75}
{"timestamp":"2026-02-19T17:02:03.456408Z","level":"info","event":"Salvo no bucket nelio_teste no caminho staged/simples_nacional/pgdas/waiting/202510/df_00000/90-0000-PUB-PGDASD2018-20251004-01-00000.parquet","logger":"root","filename":"pgdas_convert.py","lineno":91}
{"timestamp":"2026-02-19T17:02:03.456562Z","level":"info","event":"gravando staged/simples_nacional/pgdas/waiting/202510/df_00001/90-0000-PUB-PGDASD2018-20251004-01-00001.parquet","logger":"root","filename":"pgdas_convert.py","lineno":96}
{"timestamp":"2026-02-19T17:02:03.685992Z","level":"info","event":"Salvo no bucket nelio_teste no caminho staged/simples_nacional/pgdas/waiting/202510/df_00001/90-0000-PUB-PGDASD2018-20251004-01-00001.parquet","logger":"root","filename":"pgdas_convert.py","lineno":112}
{"timestamp":"2026-02-19T17:02:03.686146Z","level":"info","event":"gravando staged/simples_nacional/pgdas/waiting/202510/df_01000/90-0000-PUB-PGDASD2018-20251004-01-01000.parquet","logger":"root","filename":"pgdas_convert.py","lineno":116}
{"timestamp":"2026-02-19T17:02:06.068886Z","level":"info","event":"Salvo no bucket nelio_teste no caminho staged/simples_nacional/pgdas/waiting/202510/df_01000/90-0000-PUB-PGDASD2018-20251004-01-01000.parquet","logger":"root","filename":"pgdas_convert.py","lineno":132}
{"timestamp":"2026-02-19T17:02:06.069034Z","level":"info","event":"gravando staged/simples_nacional/pgdas/waiting/202510/df_01100/90-0000-PUB-PGDASD2018-20251004-01-01100.parquet","logger":"root","filename":"pgdas_convert.py","lineno":136}
{"timestamp":"2026-02-19T17:02:08.388570Z","level":"info","event":"Salvo no bucket nelio_teste no caminho staged/simples_nacional/pgdas/waiting/202510/df_01100/90-0000-PUB-PGDASD2018-20251004-01-01100.parquet","logger":"root","filename":"pgdas_convert.py","lineno":152}
{"timestamp":"2026-02-19T17:02:08.388720Z","level":"info","event":"gravando staged/simples_nacional/pgdas/waiting/202510/df_01500/90-0000-PUB-PGDASD2018-20251004-01-01500.parquet","logger":"root","filename":"pgdas_convert.py","lineno":157}
{"timestamp":"2026-02-19T17:02:12.789939Z","level":"info","event":"Salvo no bucket nelio_teste no caminho staged/simples_nacional/pgdas/waiting/202510/df_01500/90-0000-PUB-PGDASD2018-20251004-01-01500.parquet","logger":"root","filename":"pgdas_convert.py","lineno":172}
{"timestamp":"2026-02-19T17:02:12.790090Z","level":"info","event":"gravando staged/simples_nacional/pgdas/waiting/202510/df_01501/90-0000-PUB-PGDASD2018-20251004-01-01501.parquet","logger":"root","filename":"pgdas_convert.py","lineno":176}
{"timestamp":"2026-02-19T17:02:16.888175Z","level":"info","event":"Salvo no bucket nelio_teste no caminho staged/simples_nacional/pgdas/waiting/202510/df_01501/90-0000-PUB-PGDASD2018-20251004-01-01501.parquet","logger":"root","filename":"pgdas_convert.py","lineno":191}
{"timestamp":"2026-02-19T17:02:16.888332Z","level":"info","event":"gravando staged/simples_nacional/pgdas/waiting/202510/df_01502/90-0000-PUB-PGDASD2018-20251004-01-01502.parquet","logger":"root","filename":"pgdas_convert.py","lineno":195}
{"timestamp":"2026-02-19T17:02:20.559091Z","level":"info","event":"Salvo no bucket nelio_teste no caminho staged/simples_nacional/pgdas/waiting/202510/df_01502/90-0000-PUB-PGDASD2018-20251004-01-01502.parquet","logger":"root","filename":"pgdas_convert.py","lineno":210}
{"timestamp":"2026-02-19T17:02:20.559277Z","level":"info","event":"gravando staged/simples_nacional/pgdas/waiting/202510/df_02000/90-0000-PUB-PGDASD2018-20251004-01-02000.parquet","logger":"root","filename":"pgdas_convert.py","lineno":214}
{"timestamp":"2026-02-19T17:02:22.683976Z","level":"info","event":"Salvo no bucket nelio_teste no caminho staged/simples_nacional/pgdas/waiting/202510/df_02000/90-0000-PUB-PGDASD2018-20251004-01-02000.parquet","logger":"root","filename":"pgdas_convert.py","lineno":229}
{"timestamp":"2026-02-19T17:02:22.684143Z","level":"info","event":"gravando staged/simples_nacional/pgdas/waiting/202510/df_03000/90-0000-PUB-PGDASD2018-20251004-01-03000.parquet","logger":"root","filename":"pgdas_convert.py","lineno":233}
{"timestamp":"2026-02-19T17:02:24.565411Z","level":"info","event":"Salvo no bucket nelio_teste no caminho staged/simples_nacional/pgdas/waiting/202510/df_03000/90-0000-PUB-PGDASD2018-20251004-01-03000.parquet","logger":"root","filename":"pgdas_convert.py","lineno":248}
{"timestamp":"2026-02-19T17:02:24.565590Z","level":"info","event":"gravando staged/simples_nacional/pgdas/waiting/202510/df_03100/90-0000-PUB-PGDASD2018-20251004-01-03100.parquet","logger":"root","filename":"pgdas_convert.py","lineno":252}
{"timestamp":"2026-02-19T17:02:25.906158Z","level":"info","event":"Salvo no bucket nelio_teste no caminho staged/simples_nacional/pgdas/waiting/202510/df_03100/90-0000-PUB-PGDASD2018-20251004-01-03100.parquet","logger":"root","filename":"pgdas_convert.py","lineno":266}
{"timestamp":"2026-02-19T17:02:25.906332Z","level":"info","event":"gravando staged/simples_nacional/pgdas/waiting/202510/df_03110/90-0000-PUB-PGDASD2018-20251004-01-03110.parquet","logger":"root","filename":"pgdas_convert.py","lineno":270}
{"timestamp":"2026-02-19T17:02:28.118590Z","level":"info","event":"Salvo no bucket nelio_teste no caminho staged/simples_nacional/pgdas/waiting/202510/df_03110/90-0000-PUB-PGDASD2018-20251004-01-03110.parquet","logger":"root","filename":"pgdas_convert.py","lineno":285}
{"timestamp":"2026-02-19T17:02:28.118742Z","level":"info","event":"gravando staged/simples_nacional/pgdas/waiting/202510/df_03120/90-0000-PUB-PGDASD2018-20251004-01-03120.parquet","logger":"root","filename":"pgdas_convert.py","lineno":290}
{"timestamp":"2026-02-19T17:02:29.689974Z","level":"info","event":"Salvo no bucket nelio_teste no caminho staged/simples_nacional/pgdas/waiting/202510/df_03120/90-0000-PUB-PGDASD2018-20251004-01-03120.parquet","logger":"root","filename":"pgdas_convert.py","lineno":305}
{"timestamp":"2026-02-19T17:02:29.690138Z","level":"info","event":"gravando staged/simples_nacional/pgdas/waiting/202510/df_03130/90-0000-PUB-PGDASD2018-20251004-01-03130.parquet","logger":"root","filename":"pgdas_convert.py","lineno":309}
{"timestamp":"2026-02-19T17:02:31.293183Z","level":"info","event":"Salvo no bucket nelio_teste no caminho staged/simples_nacional/pgdas/waiting/202510/df_03130/90-0000-PUB-PGDASD2018-20251004-01-03130.parquet","logger":"root","filename":"pgdas_convert.py","lineno":324}
{"timestamp":"2026-02-19T17:02:31.293398Z","level":"info","event":"gravando staged/simples_nacional/pgdas/waiting/202510/df_03111/90-0000-PUB-PGDASD2018-20251004-01-03111.parquet","logger":"root","filename":"pgdas_convert.py","lineno":328}
{"timestamp":"2026-02-19T17:02:31.649165Z","level":"info","event":"Salvo no bucket nelio_teste no caminho staged/simples_nacional/pgdas/waiting/202510/df_03111/90-0000-PUB-PGDASD2018-20251004-01-03111.parquet","logger":"root","filename":"pgdas_convert.py","lineno":343}
{"timestamp":"2026-02-19T17:02:31.649343Z","level":"info","event":"gravando staged/simples_nacional/pgdas/waiting/202510/df_03112/90-0000-PUB-PGDASD2018-20251004-01-03112.parquet","logger":"root","filename":"pgdas_convert.py","lineno":347}
{"timestamp":"2026-02-19T17:02:32.284482Z","level":"info","event":"Salvo no bucket nelio_teste no caminho staged/simples_nacional/pgdas/waiting/202510/df_03112/90-0000-PUB-PGDASD2018-20251004-01-03112.parquet","logger":"root","filename":"pgdas_convert.py","lineno":362}
{"timestamp":"2026-02-19T17:02:32.284634Z","level":"info","event":"gravando staged/simples_nacional/pgdas/waiting/202510/df_03500/90-0000-PUB-PGDASD2018-20251004-01-03500.parquet","logger":"root","filename":"pgdas_convert.py","lineno":366}
{"timestamp":"2026-02-19T17:02:33.613476Z","level":"info","event":"Salvo no bucket nelio_teste no caminho staged/simples_nacional/pgdas/waiting/202510/df_03500/90-0000-PUB-PGDASD2018-20251004-01-03500.parquet","logger":"root","filename":"pgdas_convert.py","lineno":381}
{"timestamp":"2026-02-19T17:02:33.613634Z","level":"info","event":"gravando staged/simples_nacional/pgdas/waiting/202510/df_contribuintes/90-0000-PUB-PGDASD2018-20251004-01-contribuintes.parquet","logger":"root","filename":"pgdas_convert.py","lineno":385}
{"timestamp":"2026-02-19T17:02:36.684558Z","level":"info","event":"Salvo no bucket nelio_teste no caminho staged/simples_nacional/pgdas/waiting/202510/df_contribuintes/90-0000-PUB-PGDASD2018-20251004-01-contribuintes.parquet","logger":"root","filename":"pgdas_convert.py","lineno":400}
{"timestamp":"2026-02-19T17:02:36.684705Z","level":"info","event":"=======================================================\n                     \n                     Lista de destinos: staged/simples_nacional/pgdas/waiting/202510/df_contribuintes/90-0000-PUB-PGDASD2018-20251004-01-contribuintes.parquet \n                     \n                     ===========================================================\n                     ","logger":"root","filename":"pgdas_convert.py","lineno":401}
{"timestamp":"2026-02-19T17:02:36.772558Z","level":"info","event":"Pushing xcom","ti":"RuntimeTaskInstance(id=UUID('019c76d8-7e41-7bdb-ab23-cc4c3f4e46a5'), task_id='pgdas_to_parquet', dag_id='PGDAs_ELT_1', run_id='manual__2026-02-19T17:00:25.462561+00:00', try_number=1, dag_version_id=UUID('019c76d9-5f02-737b-947f-5534dc6da8e9'), map_index=0, hostname='a1f81e62663d', context_carrier={}, task=<Task(PgdasToParquetOperator): pgdas_to_parquet>, bundle_instance=LocalDagBundle(name=dags-folder), max_tries=3, start_date=datetime.datetime(2026, 2, 19, 17, 1, 31, 994668, tzinfo=datetime.timezone.utc), end_date=None, state=<TaskInstanceState.RUNNING: 'running'>, is_mapped=True, rendered_map_index=None)","logger":"task","filename":"task_runner.py","lineno":1522}
{"timestamp":"2026-02-19T17:02:36.804320Z","level":"info","event":"Task instance in success state","logger":"task.stdout"}
{"timestamp":"2026-02-19T17:02:36.804967Z","level":"info","event":" Previous state of the Task instance: TaskInstanceState.RUNNING","logger":"task.stdout"}
{"timestamp":"2026-02-19T17:02:36.812123Z","level":"info","event":"Task operator:<Task(PgdasToParquetOperator): pgdas_to_parquet>","logger":"task.stdout"}
