{"timestamp":"2026-02-19T17:00:47.467513Z","level":"warning","event":"The `airflow.models.param.Param` attribute is deprecated. Please use `'airflow.sdk.Param'`.","category":"DeprecatedImportWarning","filename":"/opt/airflow/plugins/auxi/dic_param.py","lineno":1,"logger":"py.warnings"}
{"timestamp":"2026-02-19T17:00:47.490296Z","level":"warning","event":"The `airflow.hooks.base.BaseHook` attribute is deprecated. Please use `'airflow.sdk.bases.hook.BaseHook'`.","category":"DeprecatedImportWarning","filename":"/opt/airflow/plugins/hooks/pgdas_hook.py","lineno":1,"logger":"py.warnings"}
{"timestamp":"2026-02-19T17:00:47.511381Z","level":"warning","event":"Using Variable.get from `airflow.models` is deprecated.Please use `get` on Variable from sdk(`airflow.sdk.Variable`) instead","category":"DeprecationWarning","filename":"/home/airflow/.local/lib/python3.12/site-packages/airflow/models/variable.py","lineno":151,"logger":"py.warnings"}
{"timestamp":"2026-02-19T17:00:47.550667Z","level":"warning","event":"Connection schemes (type: google_cloud_platform) shall not contain '_' according to RFC3986.","logger":"airflow.sdk.definitions.connection","filename":"connection.py","lineno":130}
{"timestamp":"2026-02-19T17:00:47.614637Z","level":"warning","event":"The `airflow.hooks.base.BaseHook` attribute is deprecated. Please use `'airflow.sdk.bases.hook.BaseHook'`.","category":"DeprecatedImportWarning","filename":"/opt/airflow/plugins/hooks/pgdas_hook.py","lineno":1,"logger":"py.warnings"}
{"timestamp":"2026-02-19T17:00:47.641182Z","level":"info","event":"DAG bundles loaded: dags-folder, example_dags","logger":"airflow.dag_processing.bundles.manager.DagBundlesManager","filename":"manager.py","lineno":179}
{"timestamp":"2026-02-19T17:00:47.642709Z","level":"info","event":"Filling up the DagBag from /opt/airflow/dags/pipeline_pgdas_1.py","logger":"airflow.models.dagbag.BundleDagBag","filename":"dagbag.py","lineno":593}
{"timestamp":"2026-02-19T17:00:52.278895Z","level":"warning","event":"Connection schemes (type: google_cloud_platform) shall not contain '_' according to RFC3986.","logger":"airflow.sdk.definitions.connection","filename":"connection.py","lineno":130}
{"timestamp":"2026-02-19T17:00:52.966896Z","level":"warning","event":"The `airflow.decorators.dag` attribute is deprecated. Please use `'airflow.sdk.dag'`.","category":"DeprecatedImportWarning","filename":"/opt/airflow/dags/pipeline_pgdas_1.py","lineno":5,"logger":"py.warnings"}
{"timestamp":"2026-02-19T17:00:52.967027Z","level":"warning","event":"The `airflow.decorators.task` attribute is deprecated. Please use `'airflow.sdk.task'`.","category":"DeprecatedImportWarning","filename":"/opt/airflow/dags/pipeline_pgdas_1.py","lineno":5,"logger":"py.warnings"}
{"timestamp":"2026-02-19T17:00:52.967104Z","level":"warning","event":"The `airflow.operators.empty.EmptyOperator` attribute is deprecated. Please use `'airflow.providers.standard.operators.empty.EmptyOperator'`.","category":"DeprecatedImportWarning","filename":"/opt/airflow/dags/pipeline_pgdas_1.py","lineno":6,"logger":"py.warnings"}
{"timestamp":"2026-02-19T17:00:52.967169Z","level":"warning","event":"The `airflow.models.param.Param` attribute is deprecated. Please use `'airflow.sdk.Param'`.","category":"DeprecatedImportWarning","filename":"/opt/airflow/dags/pipeline_pgdas_1.py","lineno":7,"logger":"py.warnings"}
{"timestamp":"2026-02-19T17:00:52.967228Z","level":"warning","event":"The `airflow.models.param.ParamsDict` attribute is deprecated. Please use `'airflow.sdk.definitions.param.ParamsDict'`.","category":"DeprecatedImportWarning","filename":"/opt/airflow/dags/pipeline_pgdas_1.py","lineno":7,"logger":"py.warnings"}
{"timestamp":"2026-02-19T17:00:52.967285Z","level":"warning","event":"The `airflow.models.baseoperator.chain` attribute is deprecated. Please use `'airflow.sdk.bases.operator.chain'`.","category":"DeprecatedImportWarning","filename":"/opt/airflow/dags/pipeline_pgdas_1.py","lineno":8,"logger":"py.warnings"}
{"timestamp":"2026-02-19T17:00:52.968183Z","level":"error","event":"Failed to resolve template field 'application_file'","logger":"airflow.sdk.definitions._internal.templater","filename":"templater.py","lineno":100,"error_detail":[{"exc_type":"TemplateNotFound","exc_value":"'util/spark/pgdas/spark-job-convert-pgdas-schema.yaml' not found in search path: '/opt/airflow/dags'","exc_notes":[],"syntax_error":null,"is_cause":false,"frames":[{"filename":"/home/airflow/.local/lib/python3.12/site-packages/airflow/sdk/definitions/_internal/templater.py","lineno":98,"name":"resolve_template_files"},{"filename":"/home/airflow/.local/lib/python3.12/site-packages/jinja2/loaders.py","lineno":209,"name":"get_source"}],"is_group":false,"exceptions":[]}]}
{"timestamp":"2026-02-19T17:00:53.001360Z","level":"info","event":"Task instance is in running state","logger":"task.stdout"}
{"timestamp":"2026-02-19T17:00:53.001773Z","level":"info","event":" Previous state of the Task instance: TaskInstanceState.QUEUED","logger":"task.stdout"}
{"timestamp":"2026-02-19T17:00:53.007299Z","level":"info","event":"Current task name:salvar_parametros_nas_variaveis","logger":"task.stdout"}
{"timestamp":"2026-02-19T17:00:53.007750Z","level":"info","event":"Dag name:PGDAs_ELT_1","logger":"task.stdout"}
{"timestamp":"2026-02-19T17:00:53.008437Z","level":"warning","event":"Using Variable.set from `airflow.models` is deprecated.Please use `set` on Variable from sdk(`airflow.sdk.Variable`) instead","category":"DeprecationWarning","filename":"/home/airflow/.local/lib/python3.12/site-packages/airflow/models/variable.py","lineno":208,"logger":"py.warnings"}
{"timestamp":"2026-02-19T17:00:53.021801Z","level":"info","event":"💾 PARÂMETROS SALVOS PARA DAG 2:","logger":"task.stdout"}
{"timestamp":"2026-02-19T17:00:53.022243Z","level":"info","event":"   BUCKET_NAME: nelio_teste","logger":"task.stdout"}
{"timestamp":"2026-02-19T17:00:53.022610Z","level":"info","event":"   Usuário: José Nélio","logger":"task.stdout"}
{"timestamp":"2026-02-19T17:00:53.021802Z","level":"info","event":"Done. Returned value was: {'BUCKET_NAME': 'nelio_teste', 'ultima_execucao_manual': '2026-02-19T16:59:56+00:00', 'usuario': 'José Nélio'}","logger":"airflow.task.operators.airflow.providers.standard.decorators.python._PythonDecoratedOperator","filename":"python.py","lineno":230}
{"timestamp":"2026-02-19T17:00:53.022041Z","level":"info","event":"Pushing xcom","ti":"RuntimeTaskInstance(id=UUID('019c76d8-7e3e-723f-8617-dbbd6fa3e5a0'), task_id='salvar_parametros_nas_variaveis', dag_id='PGDAs_ELT_1', run_id='manual__2026-02-19T17:00:25.462561+00:00', try_number=1, dag_version_id=UUID('019c766d-778b-7df8-94c6-237711a04889'), map_index=-1, hostname='a1f81e62663d', context_carrier={}, task=<Task(_PythonDecoratedOperator): salvar_parametros_nas_variaveis>, bundle_instance=LocalDagBundle(name=dags-folder), max_tries=3, start_date=datetime.datetime(2026, 2, 19, 17, 0, 35, 94250, tzinfo=datetime.timezone.utc), end_date=None, state=<TaskInstanceState.RUNNING: 'running'>, is_mapped=False, rendered_map_index=None)","logger":"task","filename":"task_runner.py","lineno":1522}
{"timestamp":"2026-02-19T17:00:53.064347Z","level":"info","event":"Task instance in success state","logger":"task.stdout"}
{"timestamp":"2026-02-19T17:00:53.064739Z","level":"info","event":" Previous state of the Task instance: TaskInstanceState.RUNNING","logger":"task.stdout"}
{"timestamp":"2026-02-19T17:00:53.070520Z","level":"info","event":"Task operator:<Task(_PythonDecoratedOperator): salvar_parametros_nas_variaveis>","logger":"task.stdout"}
